# JRE version: OpenJDK Runtime Environment Temurin-21.0.6+7 (21.0.6+7) (build 21.0.6+7-LTS)
# Java VM: OpenJDK 64-Bit Server VM Temurin-21.0.6+7 (21.0.6+7-LTS, mixed mode, sharing, tiered, compressed oops, compressed class ptrs, parallel gc, bsd-amd64)
GC Precious Log:
 CardTable entry size: 512
 CPUs: 8 total, 8 available
 Memory: 16384M
 Large Page Support: Disabled
 NUMA Support: Disabled
 Compressed Oops: Enabled (Zero based)
 Alignments: Space 512K, Generation 512K, Heap 2M
 Heap Min Capacity: 100M
 Heap Initial Capacity: 100M
 Heap Max Capacity: 1G
 Pre-touch: Disabled
 Parallel Workers: 8
Heap:
 PSYoungGen      total 22528K, used 1710K [0x00000007eab00000, 0x00000007ec300000, 0x0000000800000000)
  eden space 20480K, 0% used [0x00000007eab00000,0x00000007eab00000,0x00000007ebf00000)
  from space 2048K, 83% used [0x00000007ebf00000,0x00000007ec0ab9b0,0x00000007ec100000)
  to   space 2048K, 0% used [0x00000007ec100000,0x00000007ec100000,0x00000007ec300000)
 ParOldGen       total 68608K, used 46376K [0x00000007c0000000, 0x00000007c4300000, 0x00000007eab00000)
  object space 68608K, 67% used [0x00000007c0000000,0x00000007c2d4a278,0x00000007c4300000)
 Metaspace       used 58608K, committed 59776K, reserved 1114112K
  class space    used 7107K, committed 7616K, reserved 1048576K
GC Heap History (20 events):
Event: 4.726 GC heap after
{Heap after GC invocations=22 (full 2):
 PSYoungGen      total 21504K, used 1020K [0x00000007eab00000, 0x00000007ecb80000, 0x0000000800000000)
  eden space 20480K, 0% used [0x00000007eab00000,0x00000007eab00000,0x00000007ebf00000)
  from space 1024K, 99% used [0x00000007ec480000,0x00000007ec57f3d0,0x00000007ec580000)
  to   space 5632K, 0% used [0x00000007ebf00000,0x00000007ebf00000,0x00000007ec480000)
 ParOldGen       total 68608K, used 35513K [0x00000007c0000000, 0x00000007c4300000, 0x00000007eab00000)
  object space 68608K, 51% used [0x00000007c0000000,0x00000007c22ae740,0x00000007c4300000)
 Metaspace       used 44123K, committed 45312K, reserved 1114112K
  class space    used 4912K, committed 5440K, reserved 1048576K
}
Event: 4.870 GC heap before
{Heap before GC invocations=23 (full 2):
 PSYoungGen      total 21504K, used 21500K [0x00000007eab00000, 0x00000007ecb80000, 0x0000000800000000)
  eden space 20480K, 100% used [0x00000007eab00000,0x00000007ebf00000,0x00000007ebf00000)
  from space 1024K, 99% used [0x00000007ec480000,0x00000007ec57f3d0,0x00000007ec580000)
  to   space 5632K, 0% used [0x00000007ebf00000,0x00000007ebf00000,0x00000007ec480000)
 ParOldGen       total 68608K, used 35513K [0x00000007c0000000, 0x00000007c4300000, 0x00000007eab00000)
  object space 68608K, 51% used [0x00000007c0000000,0x00000007c22ae740,0x00000007c4300000)
 Metaspace       used 46191K, committed 47360K, reserved 1114112K
  class space    used 5226K, committed 5760K, reserved 1048576K
}
Event: 4.872 GC heap after
{Heap after GC invocations=23 (full 2):
 PSYoungGen      total 22016K, used 1104K [0x00000007eab00000, 0x00000007ec500000, 0x0000000800000000)
  eden space 20480K, 0% used [0x00000007eab00000,0x00000007eab00000,0x00000007ebf00000)
  from space 1536K, 71% used [0x00000007ebf00000,0x00000007ec014010,0x00000007ec080000)
  to   space 2560K, 0% used [0x00000007ec280000,0x00000007ec280000,0x00000007ec500000)
 ParOldGen       total 68608K, used 36527K [0x00000007c0000000, 0x00000007c4300000, 0x00000007eab00000)
  object space 68608K, 53% used [0x00000007c0000000,0x00000007c23abef8,0x00000007c4300000)
 Metaspace       used 46191K, committed 47360K, reserved 1114112K
  class space    used 5226K, committed 5760K, reserved 1048576K
}
Event: 5.136 GC heap before
{Heap before GC invocations=24 (full 2):
 PSYoungGen      total 22016K, used 21584K [0x00000007eab00000, 0x00000007ec500000, 0x0000000800000000)
  eden space 20480K, 100% used [0x00000007eab00000,0x00000007ebf00000,0x00000007ebf00000)
  from space 1536K, 71% used [0x00000007ebf00000,0x00000007ec014010,0x00000007ec080000)
  to   space 2560K, 0% used [0x00000007ec280000,0x00000007ec280000,0x00000007ec500000)
 ParOldGen       total 68608K, used 36527K [0x00000007c0000000, 0x00000007c4300000, 0x00000007eab00000)
  object space 68608K, 53% used [0x00000007c0000000,0x00000007c23abef8,0x00000007c4300000)
 Metaspace       used 48608K, committed 49792K, reserved 1114112K
  class space    used 5595K, committed 6080K, reserved 1048576K
}
Event: 5.149 GC heap after
{Heap after GC invocations=24 (full 2):
 PSYoungGen      total 21504K, used 928K [0x00000007eab00000, 0x00000007ec380000, 0x0000000800000000)
  eden space 20480K, 0% used [0x00000007eab00000,0x00000007eab00000,0x00000007ebf00000)
  from space 1024K, 90% used [0x00000007ec280000,0x00000007ec368000,0x00000007ec380000)
  to   space 1536K, 0% used [0x00000007ec080000,0x00000007ec080000,0x00000007ec200000)
 ParOldGen       total 68608K, used 37516K [0x00000007c0000000, 0x00000007c4300000, 0x00000007eab00000)
  object space 68608K, 54% used [0x00000007c0000000,0x00000007c24a3290,0x00000007c4300000)
 Metaspace       used 48608K, committed 49792K, reserved 1114112K
  class space    used 5595K, committed 6080K, reserved 1048576K
}
Event: 6.195 GC heap before
{Heap before GC invocations=25 (full 2):
 PSYoungGen      total 21504K, used 21408K [0x00000007eab00000, 0x00000007ec380000, 0x0000000800000000)
  eden space 20480K, 100% used [0x00000007eab00000,0x00000007ebf00000,0x00000007ebf00000)
  from space 1024K, 90% used [0x00000007ec280000,0x00000007ec368000,0x00000007ec380000)
  to   space 1536K, 0% used [0x00000007ec080000,0x00000007ec080000,0x00000007ec200000)
 ParOldGen       total 68608K, used 37516K [0x00000007c0000000, 0x00000007c4300000, 0x00000007eab00000)
  object space 68608K, 54% used [0x00000007c0000000,0x00000007c24a3290,0x00000007c4300000)
 Metaspace       used 50812K, committed 52032K, reserved 1114112K
  class space    used 5921K, committed 6464K, reserved 1048576K
}
Event: 6.209 GC heap after
{Heap after GC invocations=25 (full 2):
 PSYoungGen      total 22016K, used 1081K [0x00000007eab00000, 0x00000007ec300000, 0x0000000800000000)
  eden space 20480K, 0% used [0x00000007eab00000,0x00000007eab00000,0x00000007ebf00000)
  from space 1536K, 70% used [0x00000007ec080000,0x00000007ec18e580,0x00000007ec200000)
  to   space 1024K, 0% used [0x00000007ec200000,0x00000007ec200000,0x00000007ec300000)
 ParOldGen       total 68608K, used 38276K [0x00000007c0000000, 0x00000007c4300000, 0x00000007eab00000)
  object space 68608K, 55% used [0x00000007c0000000,0x00000007c2561290,0x00000007c4300000)
 Metaspace       used 50812K, committed 52032K, reserved 1114112K
  class space    used 5921K, committed 6464K, reserved 1048576K
}
Event: 6.481 GC heap before
{Heap before GC invocations=26 (full 2):
 PSYoungGen      total 22016K, used 21561K [0x00000007eab00000, 0x00000007ec300000, 0x0000000800000000)
  eden space 20480K, 100% used [0x00000007eab00000,0x00000007ebf00000,0x00000007ebf00000)
  from space 1536K, 70% used [0x00000007ec080000,0x00000007ec18e580,0x00000007ec200000)
  to   space 1024K, 0% used [0x00000007ec200000,0x00000007ec200000,0x00000007ec300000)
 ParOldGen       total 68608K, used 38276K [0x00000007c0000000, 0x00000007c4300000, 0x00000007eab00000)
  object space 68608K, 55% used [0x00000007c0000000,0x00000007c2561290,0x00000007c4300000)
 Metaspace       used 53049K, committed 54272K, reserved 1114112K
  class space    used 6176K, committed 6720K, reserved 1048576K
}
Event: 6.486 GC heap after
{Heap after GC invocations=26 (full 2):
 PSYoungGen      total 21504K, used 992K [0x00000007eab00000, 0x00000007ec500000, 0x0000000800000000)
  eden space 20480K, 0% used [0x00000007eab00000,0x00000007eab00000,0x00000007ebf00000)
  from space 1024K, 96% used [0x00000007ec200000,0x00000007ec2f8020,0x00000007ec300000)
  to   space 3072K, 0% used [0x00000007ebf00000,0x00000007ebf00000,0x00000007ec200000)
 ParOldGen       total 68608K, used 39959K [0x00000007c0000000, 0x00000007c4300000, 0x00000007eab00000)
  object space 68608K, 58% used [0x00000007c0000000,0x00000007c2705f40,0x00000007c4300000)
 Metaspace       used 53049K, committed 54272K, reserved 1114112K
  class space    used 6176K, committed 6720K, reserved 1048576K
}
Event: 6.622 GC heap before
{Heap before GC invocations=27 (full 2):
 PSYoungGen      total 21504K, used 21471K [0x00000007eab00000, 0x00000007ec500000, 0x0000000800000000)
  eden space 20480K, 99% used [0x00000007eab00000,0x00000007ebeffef8,0x00000007ebf00000)
  from space 1024K, 96% used [0x00000007ec200000,0x00000007ec2f8020,0x00000007ec300000)
  to   space 3072K, 0% used [0x00000007ebf00000,0x00000007ebf00000,0x00000007ec200000)
 ParOldGen       total 68608K, used 39959K [0x00000007c0000000, 0x00000007c4300000, 0x00000007eab00000)
  object space 68608K, 58% used [0x00000007c0000000,0x00000007c2705f40,0x00000007c4300000)
 Metaspace       used 54629K, committed 55872K, reserved 1114112K
  class space    used 6389K, committed 6912K, reserved 1048576K
}
Event: 6.625 GC heap after
{Heap after GC invocations=27 (full 2):
 PSYoungGen      total 22016K, used 1393K [0x00000007eab00000, 0x00000007ec300000, 0x0000000800000000)
  eden space 20480K, 0% used [0x00000007eab00000,0x00000007eab00000,0x00000007ebf00000)
  from space 1536K, 90% used [0x00000007ebf00000,0x00000007ec05c520,0x00000007ec080000)
  to   space 2048K, 0% used [0x00000007ec100000,0x00000007ec100000,0x00000007ec300000)
 ParOldGen       total 68608K, used 40850K [0x00000007c0000000, 0x00000007c4300000, 0x00000007eab00000)
  object space 68608K, 59% used [0x00000007c0000000,0x00000007c27e4910,0x00000007c4300000)
 Metaspace       used 54629K, committed 55872K, reserved 1114112K
  class space    used 6389K, committed 6912K, reserved 1048576K
}
Event: 6.751 GC heap before
{Heap before GC invocations=28 (full 2):
 PSYoungGen      total 22016K, used 21873K [0x00000007eab00000, 0x00000007ec300000, 0x0000000800000000)
  eden space 20480K, 100% used [0x00000007eab00000,0x00000007ebf00000,0x00000007ebf00000)
  from space 1536K, 90% used [0x00000007ebf00000,0x00000007ec05c520,0x00000007ec080000)
  to   space 2048K, 0% used [0x00000007ec100000,0x00000007ec100000,0x00000007ec300000)
 ParOldGen       total 68608K, used 40850K [0x00000007c0000000, 0x00000007c4300000, 0x00000007eab00000)
  object space 68608K, 59% used [0x00000007c0000000,0x00000007c27e4910,0x00000007c4300000)
 Metaspace       used 56242K, committed 57472K, reserved 1114112K
  class space    used 6634K, committed 7168K, reserved 1048576K
}
Event: 6.753 GC heap after
{Heap after GC invocations=28 (full 2):
 PSYoungGen      total 22016K, used 1294K [0x00000007eab00000, 0x00000007ec280000, 0x0000000800000000)
  eden space 20480K, 0% used [0x00000007eab00000,0x00000007eab00000,0x00000007ebf00000)
  from space 1536K, 84% used [0x00000007ec100000,0x00000007ec243b28,0x00000007ec280000)
  to   space 1536K, 0% used [0x00000007ebf00000,0x00000007ebf00000,0x00000007ec080000)
 ParOldGen       total 68608K, used 42067K [0x00000007c0000000, 0x00000007c4300000, 0x00000007eab00000)
  object space 68608K, 61% used [0x00000007c0000000,0x00000007c2914e58,0x00000007c4300000)
 Metaspace       used 56242K, committed 57472K, reserved 1114112K
  class space    used 6634K, committed 7168K, reserved 1048576K
}
Event: 6.947 GC heap before
{Heap before GC invocations=29 (full 2):
 PSYoungGen      total 22016K, used 21774K [0x00000007eab00000, 0x00000007ec280000, 0x0000000800000000)
  eden space 20480K, 100% used [0x00000007eab00000,0x00000007ebf00000,0x00000007ebf00000)
  from space 1536K, 84% used [0x00000007ec100000,0x00000007ec243b28,0x00000007ec280000)
  to   space 1536K, 0% used [0x00000007ebf00000,0x00000007ebf00000,0x00000007ec080000)
 ParOldGen       total 68608K, used 42067K [0x00000007c0000000, 0x00000007c4300000, 0x00000007eab00000)
  object space 68608K, 61% used [0x00000007c0000000,0x00000007c2914e58,0x00000007c4300000)
 Metaspace       used 57334K, committed 58624K, reserved 1114112K
  class space    used 6823K, committed 7360K, reserved 1048576K
}
Event: 6.950 GC heap after
{Heap after GC invocations=29 (full 2):
 PSYoungGen      total 22016K, used 1508K [0x00000007eab00000, 0x00000007ec500000, 0x0000000800000000)
  eden space 20480K, 0% used [0x00000007eab00000,0x00000007eab00000,0x00000007ebf00000)
  from space 1536K, 98% used [0x00000007ebf00000,0x00000007ec079270,0x00000007ec080000)
  to   space 3072K, 0% used [0x00000007ec200000,0x00000007ec200000,0x00000007ec500000)
 ParOldGen       total 68608K, used 43193K [0x00000007c0000000, 0x00000007c4300000, 0x00000007eab00000)
  object space 68608K, 62% used [0x00000007c0000000,0x00000007c2a2e400,0x00000007c4300000)
 Metaspace       used 57334K, committed 58624K, reserved 1114112K
  class space    used 6823K, committed 7360K, reserved 1048576K
}
Event: 7.089 GC heap before
{Heap before GC invocations=30 (full 2):
 PSYoungGen      total 22016K, used 21988K [0x00000007eab00000, 0x00000007ec500000, 0x0000000800000000)
  eden space 20480K, 100% used [0x00000007eab00000,0x00000007ebf00000,0x00000007ebf00000)
  from space 1536K, 98% used [0x00000007ebf00000,0x00000007ec079270,0x00000007ec080000)
  to   space 3072K, 0% used [0x00000007ec200000,0x00000007ec200000,0x00000007ec500000)
 ParOldGen       total 68608K, used 43193K [0x00000007c0000000, 0x00000007c4300000, 0x00000007eab00000)
  object space 68608K, 62% used [0x00000007c0000000,0x00000007c2a2e4a8,0x00000007c4300000)
 Metaspace       used 58289K, committed 59520K, reserved 1114112K
  class space    used 7027K, committed 7552K, reserved 1048576K
}
Event: 7.101 GC heap after
{Heap after GC invocations=30 (full 2):
 PSYoungGen      total 22528K, used 2008K [0x00000007eab00000, 0x00000007ec400000, 0x0000000800000000)
  eden space 20480K, 0% used [0x00000007eab00000,0x00000007eab00000,0x00000007ebf00000)
  from space 2048K, 98% used [0x00000007ec200000,0x00000007ec3f6008,0x00000007ec400000)
  to   space 2560K, 0% used [0x00000007ebf00000,0x00000007ebf00000,0x00000007ec180000)
 ParOldGen       total 68608K, used 44599K [0x00000007c0000000, 0x00000007c4300000, 0x00000007eab00000)
  object space 68608K, 65% used [0x00000007c0000000,0x00000007c2b8dd38,0x00000007c4300000)
 Metaspace       used 58289K, committed 59520K, reserved 1114112K
  class space    used 7027K, committed 7552K, reserved 1048576K
}
Event: 7.162 GC heap before
{Heap before GC invocations=31 (full 2):
 PSYoungGen      total 22528K, used 14686K [0x00000007eab00000, 0x00000007ec400000, 0x0000000800000000)
  eden space 20480K, 61% used [0x00000007eab00000,0x00000007eb7619e8,0x00000007ebf00000)
  from space 2048K, 98% used [0x00000007ec200000,0x00000007ec3f6008,0x00000007ec400000)
  to   space 2560K, 0% used [0x00000007ebf00000,0x00000007ebf00000,0x00000007ec180000)
 ParOldGen       total 68608K, used 44599K [0x00000007c0000000, 0x00000007c4300000, 0x00000007eab00000)
  object space 68608K, 65% used [0x00000007c0000000,0x00000007c2b8dd38,0x00000007c4300000)
 Metaspace       used 58608K, committed 59776K, reserved 1114112K
  class space    used 7107K, committed 7616K, reserved 1048576K
}
Event: 7.172 GC heap after
{Heap after GC invocations=31 (full 2):
 PSYoungGen      total 22528K, used 1710K [0x00000007eab00000, 0x00000007ec300000, 0x0000000800000000)
  eden space 20480K, 0% used [0x00000007eab00000,0x00000007eab00000,0x00000007ebf00000)
  from space 2048K, 83% used [0x00000007ebf00000,0x00000007ec0ab9b0,0x00000007ec100000)
  to   space 2048K, 0% used [0x00000007ec100000,0x00000007ec100000,0x00000007ec300000)
 ParOldGen       total 68608K, used 46376K [0x00000007c0000000, 0x00000007c4300000, 0x00000007eab00000)
  object space 68608K, 67% used [0x00000007c0000000,0x00000007c2d4a278,0x00000007c4300000)
 Metaspace       used 58608K, committed 59776K, reserved 1114112K
  class space    used 7107K, committed 7616K, reserved 1048576K
}
Event: 7.172 GC heap before
{Heap before GC invocations=32 (full 3):
 PSYoungGen      total 22528K, used 1710K [0x00000007eab00000, 0x00000007ec300000, 0x0000000800000000)
  eden space 20480K, 0% used [0x00000007eab00000,0x00000007eab00000,0x00000007ebf00000)
  from space 2048K, 83% used [0x00000007ebf00000,0x00000007ec0ab9b0,0x00000007ec100000)
  to   space 2048K, 0% used [0x00000007ec100000,0x00000007ec100000,0x00000007ec300000)
 ParOldGen       total 68608K, used 46376K [0x00000007c0000000, 0x00000007c4300000, 0x00000007eab00000)
  object space 68608K, 67% used [0x00000007c0000000,0x00000007c2d4a278,0x00000007c4300000)
 Metaspace       used 58608K, committed 59776K, reserved 1114112K
  class space    used 7107K, committed 7616K, reserved 1048576K
}

