# JRE version: OpenJDK Runtime Environment Temurin-21.0.6+7 (21.0.6+7) (build 21.0.6+7-LTS)
# Java VM: OpenJDK 64-Bit Server VM Temurin-21.0.6+7 (21.0.6+7-LTS, mixed mode, sharing, tiered, compressed oops, compressed class ptrs, parallel gc, bsd-amd64)
GC Precious Log:
 CardTable entry size: 512
 CPUs: 8 total, 8 available
 Memory: 16384M
 Large Page Support: Disabled
 NUMA Support: Disabled
 Compressed Oops: Enabled (Zero based)
 Alignments: Space 512K, Generation 512K, Heap 2M
 Heap Min Capacity: 100M
 Heap Initial Capacity: 100M
 Heap Max Capacity: 1G
 Pre-touch: Disabled
 Parallel Workers: 8
Heap:
 PSYoungGen      total 24064K, used 24063K [0x00000007eab00000, 0x00000007ec680000, 0x0000000800000000)
  eden space 21504K, 100% used [0x00000007eab00000,0x00000007ec000000,0x00000007ec000000)
  from space 2560K, 99% used [0x00000007ec300000,0x00000007ec57fd08,0x00000007ec580000)
  to   space 3072K, 49% used [0x00000007ec000000,0x00000007ec17ed60,0x00000007ec300000)
 ParOldGen       total 68608K, used 62753K [0x00000007c0000000, 0x00000007c4300000, 0x00000007eab00000)
  object space 68608K, 91% used [0x00000007c0000000,0x00000007c3d487d0,0x00000007c4300000)
 Metaspace       used 59438K, committed 60800K, reserved 1114112K
  class space    used 7072K, committed 7680K, reserved 1048576K
GC Heap History (20 events):
Event: 9.545 GC heap before
{Heap before GC invocations=28 (full 2):
 PSYoungGen      total 25088K, used 23960K [0x00000007eab00000, 0x00000007ec780000, 0x0000000800000000)
  eden space 22016K, 100% used [0x00000007eab00000,0x00000007ec080000,0x00000007ec080000)
  from space 3072K, 63% used [0x00000007ec200000,0x00000007ec3e62b8,0x00000007ec500000)
  to   space 2560K, 0% used [0x00000007ec500000,0x00000007ec500000,0x00000007ec780000)
 ParOldGen       total 68608K, used 41447K [0x00000007c0000000, 0x00000007c4300000, 0x00000007eab00000)
  object space 68608K, 60% used [0x00000007c0000000,0x00000007c2879f90,0x00000007c4300000)
 Metaspace       used 54816K, committed 56064K, reserved 1114112K
  class space    used 6347K, committed 6848K, reserved 1048576K
}
Event: 9.553 GC heap after
{Heap after GC invocations=28 (full 2):
 PSYoungGen      total 24576K, used 2242K [0x00000007eab00000, 0x00000007ec780000, 0x0000000800000000)
  eden space 22016K, 0% used [0x00000007eab00000,0x00000007eab00000,0x00000007ec080000)
  from space 2560K, 87% used [0x00000007ec500000,0x00000007ec730b50,0x00000007ec780000)
  to   space 2560K, 0% used [0x00000007ec280000,0x00000007ec280000,0x00000007ec500000)
 ParOldGen       total 68608K, used 43142K [0x00000007c0000000, 0x00000007c4300000, 0x00000007eab00000)
  object space 68608K, 62% used [0x00000007c0000000,0x00000007c2a21990,0x00000007c4300000)
 Metaspace       used 54816K, committed 56064K, reserved 1114112K
  class space    used 6347K, committed 6848K, reserved 1048576K
}
Event: 9.686 GC heap before
{Heap before GC invocations=29 (full 2):
 PSYoungGen      total 24576K, used 24258K [0x00000007eab00000, 0x00000007ec780000, 0x0000000800000000)
  eden space 22016K, 100% used [0x00000007eab00000,0x00000007ec080000,0x00000007ec080000)
  from space 2560K, 87% used [0x00000007ec500000,0x00000007ec730b50,0x00000007ec780000)
  to   space 2560K, 0% used [0x00000007ec280000,0x00000007ec280000,0x00000007ec500000)
 ParOldGen       total 68608K, used 43142K [0x00000007c0000000, 0x00000007c4300000, 0x00000007eab00000)
  object space 68608K, 62% used [0x00000007c0000000,0x00000007c2a21990,0x00000007c4300000)
 Metaspace       used 55294K, committed 56576K, reserved 1114112K
  class space    used 6389K, committed 6912K, reserved 1048576K
}
Event: 9.690 GC heap after
{Heap after GC invocations=29 (full 2):
 PSYoungGen      total 24576K, used 2554K [0x00000007eab00000, 0x00000007eca80000, 0x0000000800000000)
  eden space 22016K, 0% used [0x00000007eab00000,0x00000007eab00000,0x00000007ec080000)
  from space 2560K, 99% used [0x00000007ec280000,0x00000007ec4fe978,0x00000007ec500000)
  to   space 5120K, 0% used [0x00000007ec580000,0x00000007ec580000,0x00000007eca80000)
 ParOldGen       total 68608K, used 45274K [0x00000007c0000000, 0x00000007c4300000, 0x00000007eab00000)
  object space 68608K, 65% used [0x00000007c0000000,0x00000007c2c36848,0x00000007c4300000)
 Metaspace       used 55294K, committed 56576K, reserved 1114112K
  class space    used 6389K, committed 6912K, reserved 1048576K
}
Event: 10.169 GC heap before
{Heap before GC invocations=30 (full 2):
 PSYoungGen      total 24576K, used 24570K [0x00000007eab00000, 0x00000007eca80000, 0x0000000800000000)
  eden space 22016K, 100% used [0x00000007eab00000,0x00000007ec080000,0x00000007ec080000)
  from space 2560K, 99% used [0x00000007ec280000,0x00000007ec4fe978,0x00000007ec500000)
  to   space 5120K, 0% used [0x00000007ec580000,0x00000007ec580000,0x00000007eca80000)
 ParOldGen       total 68608K, used 45274K [0x00000007c0000000, 0x00000007c4300000, 0x00000007eab00000)
  object space 68608K, 65% used [0x00000007c0000000,0x00000007c2c36848,0x00000007c4300000)
 Metaspace       used 55964K, committed 57152K, reserved 1114112K
  class space    used 6461K, committed 6976K, reserved 1048576K
}
Event: 10.183 GC heap after
{Heap after GC invocations=30 (full 2):
 PSYoungGen      total 26624K, used 4119K [0x00000007eab00000, 0x00000007eca00000, 0x0000000800000000)
  eden space 22016K, 0% used [0x00000007eab00000,0x00000007eab00000,0x00000007ec080000)
  from space 4608K, 89% used [0x00000007ec580000,0x00000007ec985f78,0x00000007eca00000)
  to   space 4608K, 0% used [0x00000007ec100000,0x00000007ec100000,0x00000007ec580000)
 ParOldGen       total 68608K, used 47594K [0x00000007c0000000, 0x00000007c4300000, 0x00000007eab00000)
  object space 68608K, 69% used [0x00000007c0000000,0x00000007c2e7aaf8,0x00000007c4300000)
 Metaspace       used 55964K, committed 57152K, reserved 1114112K
  class space    used 6461K, committed 6976K, reserved 1048576K
}
Event: 10.299 GC heap before
{Heap before GC invocations=31 (full 2):
 PSYoungGen      total 26624K, used 26135K [0x00000007eab00000, 0x00000007eca00000, 0x0000000800000000)
  eden space 22016K, 100% used [0x00000007eab00000,0x00000007ec080000,0x00000007ec080000)
  from space 4608K, 89% used [0x00000007ec580000,0x00000007ec985f78,0x00000007eca00000)
  to   space 4608K, 0% used [0x00000007ec100000,0x00000007ec100000,0x00000007ec580000)
 ParOldGen       total 68608K, used 47594K [0x00000007c0000000, 0x00000007c4300000, 0x00000007eab00000)
  object space 68608K, 69% used [0x00000007c0000000,0x00000007c2e7aaf8,0x00000007c4300000)
 Metaspace       used 56506K, committed 57792K, reserved 1114112K
  class space    used 6548K, committed 7104K, reserved 1048576K
}
Event: 10.316 GC heap after
{Heap after GC invocations=31 (full 2):
 PSYoungGen      total 25600K, used 3409K [0x00000007eab00000, 0x00000007ec880000, 0x0000000800000000)
  eden space 22016K, 0% used [0x00000007eab00000,0x00000007eab00000,0x00000007ec080000)
  from space 3584K, 95% used [0x00000007ec100000,0x00000007ec454680,0x00000007ec480000)
  to   space 4096K, 0% used [0x00000007ec480000,0x00000007ec480000,0x00000007ec880000)
 ParOldGen       total 68608K, used 51462K [0x00000007c0000000, 0x00000007c4300000, 0x00000007eab00000)
  object space 68608K, 75% used [0x00000007c0000000,0x00000007c3241840,0x00000007c4300000)
 Metaspace       used 56506K, committed 57792K, reserved 1114112K
  class space    used 6548K, committed 7104K, reserved 1048576K
}
Event: 10.474 GC heap before
{Heap before GC invocations=32 (full 2):
 PSYoungGen      total 25600K, used 25425K [0x00000007eab00000, 0x00000007ec880000, 0x0000000800000000)
  eden space 22016K, 100% used [0x00000007eab00000,0x00000007ec080000,0x00000007ec080000)
  from space 3584K, 95% used [0x00000007ec100000,0x00000007ec454680,0x00000007ec480000)
  to   space 4096K, 0% used [0x00000007ec480000,0x00000007ec480000,0x00000007ec880000)
 ParOldGen       total 68608K, used 51462K [0x00000007c0000000, 0x00000007c4300000, 0x00000007eab00000)
  object space 68608K, 75% used [0x00000007c0000000,0x00000007c3241840,0x00000007c4300000)
 Metaspace       used 57234K, committed 58496K, reserved 1114112K
  class space    used 6656K, committed 7232K, reserved 1048576K
}
Event: 10.491 GC heap after
{Heap after GC invocations=32 (full 2):
 PSYoungGen      total 26112K, used 3764K [0x00000007eab00000, 0x00000007ec880000, 0x0000000800000000)
  eden space 22016K, 0% used [0x00000007eab00000,0x00000007eab00000,0x00000007ec080000)
  from space 4096K, 91% used [0x00000007ec480000,0x00000007ec82d028,0x00000007ec880000)
  to   space 4096K, 0% used [0x00000007ec080000,0x00000007ec080000,0x00000007ec480000)
 ParOldGen       total 68608K, used 54649K [0x00000007c0000000, 0x00000007c4300000, 0x00000007eab00000)
  object space 68608K, 79% used [0x00000007c0000000,0x00000007c355e480,0x00000007c4300000)
 Metaspace       used 57234K, committed 58496K, reserved 1114112K
  class space    used 6656K, committed 7232K, reserved 1048576K
}
Event: 10.608 GC heap before
{Heap before GC invocations=33 (full 2):
 PSYoungGen      total 26112K, used 25780K [0x00000007eab00000, 0x00000007ec880000, 0x0000000800000000)
  eden space 22016K, 99% used [0x00000007eab00000,0x00000007ec07ffe8,0x00000007ec080000)
  from space 4096K, 91% used [0x00000007ec480000,0x00000007ec82d028,0x00000007ec880000)
  to   space 4096K, 0% used [0x00000007ec080000,0x00000007ec080000,0x00000007ec480000)
 ParOldGen       total 68608K, used 54649K [0x00000007c0000000, 0x00000007c4300000, 0x00000007eab00000)
  object space 68608K, 79% used [0x00000007c0000000,0x00000007c355e480,0x00000007c4300000)
 Metaspace       used 57563K, committed 58816K, reserved 1114112K
  class space    used 6712K, committed 7296K, reserved 1048576K
}
Event: 10.629 GC heap after
{Heap after GC invocations=33 (full 2):
 PSYoungGen      total 25088K, used 2616K [0x00000007eab00000, 0x00000007ec680000, 0x0000000800000000)
  eden space 22016K, 0% used [0x00000007eab00000,0x00000007eab00000,0x00000007ec080000)
  from space 3072K, 85% used [0x00000007ec080000,0x00000007ec30e238,0x00000007ec380000)
  to   space 3072K, 0% used [0x00000007ec380000,0x00000007ec380000,0x00000007ec680000)
 ParOldGen       total 68608K, used 58100K [0x00000007c0000000, 0x00000007c4300000, 0x00000007eab00000)
  object space 68608K, 84% used [0x00000007c0000000,0x00000007c38bd158,0x00000007c4300000)
 Metaspace       used 57563K, committed 58816K, reserved 1114112K
  class space    used 6712K, committed 7296K, reserved 1048576K
}
Event: 10.725 GC heap before
{Heap before GC invocations=34 (full 2):
 PSYoungGen      total 25088K, used 24632K [0x00000007eab00000, 0x00000007ec680000, 0x0000000800000000)
  eden space 22016K, 100% used [0x00000007eab00000,0x00000007ec080000,0x00000007ec080000)
  from space 3072K, 85% used [0x00000007ec080000,0x00000007ec30e238,0x00000007ec380000)
  to   space 3072K, 0% used [0x00000007ec380000,0x00000007ec380000,0x00000007ec680000)
 ParOldGen       total 68608K, used 58100K [0x00000007c0000000, 0x00000007c4300000, 0x00000007eab00000)
  object space 68608K, 84% used [0x00000007c0000000,0x00000007c38bd158,0x00000007c4300000)
 Metaspace       used 57748K, committed 59008K, reserved 1114112K
  class space    used 6742K, committed 7296K, reserved 1048576K
}
Event: 10.739 GC heap after
{Heap after GC invocations=34 (full 2):
 PSYoungGen      total 25088K, used 2561K [0x00000007eab00000, 0x00000007ec680000, 0x0000000800000000)
  eden space 22016K, 0% used [0x00000007eab00000,0x00000007eab00000,0x00000007ec080000)
  from space 3072K, 83% used [0x00000007ec380000,0x00000007ec600658,0x00000007ec680000)
  to   space 3072K, 0% used [0x00000007ec080000,0x00000007ec080000,0x00000007ec380000)
 ParOldGen       total 68608K, used 60555K [0x00000007c0000000, 0x00000007c4300000, 0x00000007eab00000)
  object space 68608K, 88% used [0x00000007c0000000,0x00000007c3b22e28,0x00000007c4300000)
 Metaspace       used 57748K, committed 59008K, reserved 1114112K
  class space    used 6742K, committed 7296K, reserved 1048576K
}
Event: 10.872 GC heap before
{Heap before GC invocations=35 (full 2):
 PSYoungGen      total 25088K, used 22469K [0x00000007eab00000, 0x00000007ec680000, 0x0000000800000000)
  eden space 22016K, 90% used [0x00000007eab00000,0x00000007ebe70f08,0x00000007ec080000)
  from space 3072K, 83% used [0x00000007ec380000,0x00000007ec600658,0x00000007ec680000)
  to   space 3072K, 0% used [0x00000007ec080000,0x00000007ec080000,0x00000007ec380000)
 ParOldGen       total 68608K, used 60555K [0x00000007c0000000, 0x00000007c4300000, 0x00000007eab00000)
  object space 68608K, 88% used [0x00000007c0000000,0x00000007c3b22e28,0x00000007c4300000)
 Metaspace       used 58491K, committed 59776K, reserved 1114112K
  class space    used 6880K, committed 7424K, reserved 1048576K
}
Event: 10.886 GC heap after
{Heap after GC invocations=35 (full 2):
 PSYoungGen      total 24576K, used 2326K [0x00000007eab00000, 0x00000007ec580000, 0x0000000800000000)
  eden space 22016K, 0% used [0x00000007eab00000,0x00000007eab00000,0x00000007ec080000)
  from space 2560K, 90% used [0x00000007ec080000,0x00000007ec2c58d8,0x00000007ec300000)
  to   space 2560K, 0% used [0x00000007ec300000,0x00000007ec300000,0x00000007ec580000)
 ParOldGen       total 68608K, used 62955K [0x00000007c0000000, 0x00000007c4300000, 0x00000007eab00000)
  object space 68608K, 91% used [0x00000007c0000000,0x00000007c3d7af60,0x00000007c4300000)
 Metaspace       used 58491K, committed 59776K, reserved 1114112K
  class space    used 6880K, committed 7424K, reserved 1048576K
}
Event: 10.886 GC heap before
{Heap before GC invocations=36 (full 3):
 PSYoungGen      total 24576K, used 2326K [0x00000007eab00000, 0x00000007ec580000, 0x0000000800000000)
  eden space 22016K, 0% used [0x00000007eab00000,0x00000007eab00000,0x00000007ec080000)
  from space 2560K, 90% used [0x00000007ec080000,0x00000007ec2c58d8,0x00000007ec300000)
  to   space 2560K, 0% used [0x00000007ec300000,0x00000007ec300000,0x00000007ec580000)
 ParOldGen       total 68608K, used 62955K [0x00000007c0000000, 0x00000007c4300000, 0x00000007eab00000)
  object space 68608K, 91% used [0x00000007c0000000,0x00000007c3d7af60,0x00000007c4300000)
 Metaspace       used 58491K, committed 59776K, reserved 1114112K
  class space    used 6880K, committed 7424K, reserved 1048576K
}
Event: 10.968 GC heap after
{Heap after GC invocations=36 (full 3):
 PSYoungGen      total 24576K, used 0K [0x00000007eab00000, 0x00000007ec580000, 0x0000000800000000)
  eden space 22016K, 0% used [0x00000007eab00000,0x00000007eab00000,0x00000007ec080000)
  from space 2560K, 0% used [0x00000007ec080000,0x00000007ec080000,0x00000007ec300000)
  to   space 2560K, 0% used [0x00000007ec300000,0x00000007ec300000,0x00000007ec580000)
 ParOldGen       total 68608K, used 61262K [0x00000007c0000000, 0x00000007c4300000, 0x00000007eab00000)
  object space 68608K, 89% used [0x00000007c0000000,0x00000007c3bd3968,0x00000007c4300000)
 Metaspace       used 58491K, committed 59776K, reserved 1114112K
  class space    used 6880K, committed 7424K, reserved 1048576K
}
Event: 11.039 GC heap before
{Heap before GC invocations=37 (full 3):
 PSYoungGen      total 24576K, used 22016K [0x00000007eab00000, 0x00000007ec580000, 0x0000000800000000)
  eden space 22016K, 100% used [0x00000007eab00000,0x00000007ec080000,0x00000007ec080000)
  from space 2560K, 0% used [0x00000007ec080000,0x00000007ec080000,0x00000007ec300000)
  to   space 2560K, 0% used [0x00000007ec300000,0x00000007ec300000,0x00000007ec580000)
 ParOldGen       total 68608K, used 61262K [0x00000007c0000000, 0x00000007c4300000, 0x00000007eab00000)
  object space 68608K, 89% used [0x00000007c0000000,0x00000007c3bd3968,0x00000007c4300000)
 Metaspace       used 59113K, committed 60480K, reserved 1114112K
  class space    used 7002K, committed 7616K, reserved 1048576K
}
Event: 11.046 GC heap after
{Heap after GC invocations=37 (full 3):
 PSYoungGen      total 24064K, used 2559K [0x00000007eab00000, 0x00000007ec680000, 0x0000000800000000)
  eden space 21504K, 0% used [0x00000007eab00000,0x00000007eab00000,0x00000007ec000000)
  from space 2560K, 99% used [0x00000007ec300000,0x00000007ec57fd08,0x00000007ec580000)
  to   space 3072K, 0% used [0x00000007ec000000,0x00000007ec000000,0x00000007ec300000)
 ParOldGen       total 68608K, used 61310K [0x00000007c0000000, 0x00000007c4300000, 0x00000007eab00000)
  object space 68608K, 89% used [0x00000007c0000000,0x00000007c3bdf968,0x00000007c4300000)
 Metaspace       used 59113K, committed 60480K, reserved 1114112K
  class space    used 7002K, committed 7616K, reserved 1048576K
}

