{"/Users/user/dormsAppLast/DormMarketplaceApp/App.js": {"path":"/Users/user/dormsAppLast/DormMarketplaceApp/App.js","statementMap":{"0":{"start":{"line":42,"column":24},"end":{"line":42,"column":29}},"1":{"start":{"line":43,"column":12},"end":{"line":47,"column":1}},"2":{"start":{"line":44,"column":2},"end":{"line":46,"column":3}},"3":{"start":{"line":45,"column":4},"end":{"line":45,"column":25}},"4":{"start":{"line":49,"column":25},"end":{"line":53,"column":1}},"5":{"start":{"line":50,"column":2},"end":{"line":52,"column":9}},"6":{"start":{"line":55,"column":14},"end":{"line":55,"column":36}},"7":{"start":{"line":56,"column":12},"end":{"line":56,"column":38}},"8":{"start":{"line":60,"column":16},"end":{"line":60,"column":32}},"9":{"start":{"line":61,"column":39},"end":{"line":61,"column":64}},"10":{"start":{"line":63,"column":2},"end":{"line":129,"column":4}},"11":{"start":{"line":65,"column":37},"end":{"line":94,"column":7}},"12":{"start":{"line":69,"column":10},"end":{"line":77,"column":11}},"13":{"start":{"line":70,"column":12},"end":{"line":70,"column":57}},"14":{"start":{"line":71,"column":17},"end":{"line":77,"column":11}},"15":{"start":{"line":72,"column":12},"end":{"line":72,"column":61}},"16":{"start":{"line":73,"column":17},"end":{"line":77,"column":11}},"17":{"start":{"line":74,"column":12},"end":{"line":74,"column":69}},"18":{"start":{"line":75,"column":17},"end":{"line":77,"column":11}},"19":{"start":{"line":76,"column":12},"end":{"line":76,"column":71}},"20":{"start":{"line":79,"column":10},"end":{"line":90,"column":12}},"21":{"start":{"line":132,"column":12},"end":{"line":495,"column":1}},"22":{"start":{"line":133,"column":24},"end":{"line":133,"column":32}},"23":{"start":{"line":134,"column":40},"end":{"line":134,"column":55}},"24":{"start":{"line":135,"column":36},"end":{"line":135,"column":50}},"25":{"start":{"line":136,"column":38},"end":{"line":136,"column":53}},"26":{"start":{"line":137,"column":44},"end":{"line":137,"column":59}},"27":{"start":{"line":138,"column":32},"end":{"line":138,"column":46}},"28":{"start":{"line":139,"column":32},"end":{"line":139,"column":47}},"29":{"start":{"line":140,"column":28},"end":{"line":140,"column":42}},"30":{"start":{"line":142,"column":24},"end":{"line":170,"column":3}},"31":{"start":{"line":143,"column":4},"end":{"line":169,"column":5}},"32":{"start":{"line":144,"column":6},"end":{"line":144,"column":48}},"33":{"start":{"line":147,"column":23},"end":{"line":152,"column":7}},"34":{"start":{"line":154,"column":6},"end":{"line":161,"column":7}},"35":{"start":{"line":155,"column":8},"end":{"line":160,"column":9}},"36":{"start":{"line":156,"column":10},"end":{"line":156,"column":31}},"37":{"start":{"line":158,"column":10},"end":{"line":158,"column":66}},"38":{"start":{"line":164,"column":6},"end":{"line":164,"column":22}},"39":{"start":{"line":165,"column":6},"end":{"line":165,"column":50}},"40":{"start":{"line":167,"column":6},"end":{"line":167,"column":23}},"41":{"start":{"line":168,"column":6},"end":{"line":168,"column":37}},"42":{"start":{"line":173,"column":2},"end":{"line":205,"column":9}},"43":{"start":{"line":174,"column":32},"end":{"line":202,"column":5}},"44":{"start":{"line":175,"column":6},"end":{"line":201,"column":7}},"45":{"start":{"line":177,"column":29},"end":{"line":177,"column":73}},"46":{"start":{"line":178,"column":26},"end":{"line":178,"column":71}},"47":{"start":{"line":180,"column":8},"end":{"line":198,"column":9}},"48":{"start":{"line":185,"column":10},"end":{"line":185,"column":78}},"49":{"start":{"line":188,"column":10},"end":{"line":194,"column":11}},"50":{"start":{"line":189,"column":42},"end":{"line":189,"column":75}},"51":{"start":{"line":190,"column":12},"end":{"line":190,"column":38}},"52":{"start":{"line":193,"column":12},"end":{"line":193,"column":65}},"53":{"start":{"line":197,"column":10},"end":{"line":197,"column":60}},"54":{"start":{"line":200,"column":8},"end":{"line":200,"column":61}},"55":{"start":{"line":204,"column":4},"end":{"line":204,"column":26}},"56":{"start":{"line":208,"column":2},"end":{"line":263,"column":9}},"57":{"start":{"line":209,"column":27},"end":{"line":228,"column":5}},"58":{"start":{"line":210,"column":6},"end":{"line":210,"column":52}},"59":{"start":{"line":212,"column":6},"end":{"line":227,"column":7}},"60":{"start":{"line":214,"column":8},"end":{"line":216,"column":9}},"61":{"start":{"line":215,"column":10},"end":{"line":215,"column":39}},"62":{"start":{"line":219,"column":28},"end":{"line":219,"column":77}},"63":{"start":{"line":220,"column":8},"end":{"line":220,"column":37}},"64":{"start":{"line":222,"column":8},"end":{"line":222,"column":59}},"65":{"start":{"line":225,"column":8},"end":{"line":225,"column":29}},"66":{"start":{"line":226,"column":8},"end":{"line":226,"column":28}},"67":{"start":{"line":230,"column":4},"end":{"line":230,"column":21}},"68":{"start":{"line":234,"column":4},"end":{"line":252,"column":5}},"69":{"start":{"line":235,"column":27},"end":{"line":247,"column":8}},"70":{"start":{"line":236,"column":8},"end":{"line":236,"column":42}},"71":{"start":{"line":238,"column":8},"end":{"line":246,"column":9}},"72":{"start":{"line":239,"column":10},"end":{"line":239,"column":30}},"73":{"start":{"line":240,"column":15},"end":{"line":246,"column":9}},"74":{"start":{"line":241,"column":10},"end":{"line":241,"column":31}},"75":{"start":{"line":242,"column":15},"end":{"line":246,"column":9}},"76":{"start":{"line":244,"column":10},"end":{"line":244,"column":70}},"77":{"start":{"line":245,"column":10},"end":{"line":245,"column":30}},"78":{"start":{"line":249,"column":6},"end":{"line":249,"column":52}},"79":{"start":{"line":251,"column":6},"end":{"line":251,"column":56}},"80":{"start":{"line":254,"column":4},"end":{"line":262,"column":6}},"81":{"start":{"line":255,"column":6},"end":{"line":261,"column":7}},"82":{"start":{"line":256,"column":8},"end":{"line":260,"column":9}},"83":{"start":{"line":257,"column":10},"end":{"line":257,"column":37}},"84":{"start":{"line":259,"column":10},"end":{"line":259,"column":49}},"85":{"start":{"line":266,"column":2},"end":{"line":293,"column":9}},"86":{"start":{"line":267,"column":39},"end":{"line":288,"column":5}},"87":{"start":{"line":269,"column":8},"end":{"line":269,"column":42}},"88":{"start":{"line":271,"column":8},"end":{"line":276,"column":9}},"89":{"start":{"line":273,"column":10},"end":{"line":273,"column":40}},"90":{"start":{"line":274,"column":10},"end":{"line":274,"column":31}},"91":{"start":{"line":275,"column":10},"end":{"line":275,"column":17}},"92":{"start":{"line":278,"column":8},"end":{"line":286,"column":9}},"93":{"start":{"line":280,"column":33},"end":{"line":280,"column":75}},"94":{"start":{"line":281,"column":10},"end":{"line":283,"column":11}},"95":{"start":{"line":282,"column":12},"end":{"line":282,"column":32}},"96":{"start":{"line":284,"column":15},"end":{"line":286,"column":9}},"97":{"start":{"line":285,"column":10},"end":{"line":285,"column":31}},"98":{"start":{"line":290,"column":4},"end":{"line":292,"column":6}},"99":{"start":{"line":291,"column":6},"end":{"line":291,"column":34}},"100":{"start":{"line":296,"column":2},"end":{"line":315,"column":9}},"101":{"start":{"line":297,"column":30},"end":{"line":312,"column":5}},"102":{"start":{"line":299,"column":6},"end":{"line":301,"column":7}},"103":{"start":{"line":300,"column":8},"end":{"line":300,"column":45}},"104":{"start":{"line":304,"column":6},"end":{"line":311,"column":7}},"105":{"start":{"line":305,"column":28},"end":{"line":305,"column":63}},"106":{"start":{"line":306,"column":8},"end":{"line":308,"column":9}},"107":{"start":{"line":307,"column":10},"end":{"line":307,"column":43}},"108":{"start":{"line":310,"column":8},"end":{"line":310,"column":67}},"109":{"start":{"line":314,"column":4},"end":{"line":314,"column":24}},"110":{"start":{"line":318,"column":2},"end":{"line":347,"column":9}},"111":{"start":{"line":319,"column":4},"end":{"line":321,"column":5}},"112":{"start":{"line":320,"column":6},"end":{"line":320,"column":13}},"113":{"start":{"line":323,"column":25},"end":{"line":340,"column":6}},"114":{"start":{"line":324,"column":6},"end":{"line":324,"column":41}},"115":{"start":{"line":324,"column":34},"end":{"line":324,"column":41}},"116":{"start":{"line":326,"column":23},"end":{"line":326,"column":60}},"117":{"start":{"line":329,"column":6},"end":{"line":339,"column":7}},"118":{"start":{"line":331,"column":8},"end":{"line":335,"column":11}},"119":{"start":{"line":336,"column":13},"end":{"line":339,"column":7}},"120":{"start":{"line":338,"column":8},"end":{"line":338,"column":76}},"121":{"start":{"line":342,"column":4},"end":{"line":346,"column":6}},"122":{"start":{"line":343,"column":6},"end":{"line":345,"column":7}},"123":{"start":{"line":344,"column":8},"end":{"line":344,"column":30}},"124":{"start":{"line":350,"column":28},"end":{"line":364,"column":3}},"125":{"start":{"line":351,"column":4},"end":{"line":363,"column":5}},"126":{"start":{"line":352,"column":6},"end":{"line":352,"column":36}},"127":{"start":{"line":353,"column":6},"end":{"line":357,"column":9}},"128":{"start":{"line":358,"column":6},"end":{"line":358,"column":27}},"129":{"start":{"line":360,"column":6},"end":{"line":360,"column":28}},"130":{"start":{"line":362,"column":6},"end":{"line":362,"column":27}},"131":{"start":{"line":367,"column":2},"end":{"line":419,"column":19}},"132":{"start":{"line":368,"column":4},"end":{"line":368,"column":28}},"133":{"start":{"line":368,"column":21},"end":{"line":368,"column":28}},"134":{"start":{"line":371,"column":25},"end":{"line":410,"column":5}},"135":{"start":{"line":372,"column":6},"end":{"line":409,"column":7}},"136":{"start":{"line":373,"column":32},"end":{"line":373,"column":64}},"137":{"start":{"line":375,"column":8},"end":{"line":377,"column":9}},"138":{"start":{"line":376,"column":10},"end":{"line":376,"column":22}},"139":{"start":{"line":379,"column":8},"end":{"line":382,"column":9}},"140":{"start":{"line":380,"column":10},"end":{"line":380,"column":36}},"141":{"start":{"line":381,"column":10},"end":{"line":381,"column":17}},"142":{"start":{"line":385,"column":28},"end":{"line":385,"column":68}},"143":{"start":{"line":386,"column":8},"end":{"line":388,"column":9}},"144":{"start":{"line":387,"column":10},"end":{"line":387,"column":45}},"145":{"start":{"line":391,"column":8},"end":{"line":408,"column":9}},"146":{"start":{"line":392,"column":10},"end":{"line":399,"column":12}},"147":{"start":{"line":397,"column":29},"end":{"line":397,"column":48}},"148":{"start":{"line":401,"column":10},"end":{"line":407,"column":13}},"149":{"start":{"line":402,"column":12},"end":{"line":405,"column":13}},"150":{"start":{"line":403,"column":14},"end":{"line":403,"column":34}},"151":{"start":{"line":404,"column":14},"end":{"line":404,"column":26}},"152":{"start":{"line":406,"column":12},"end":{"line":406,"column":25}},"153":{"start":{"line":413,"column":4},"end":{"line":413,"column":19}},"154":{"start":{"line":416,"column":21},"end":{"line":416,"column":53}},"155":{"start":{"line":418,"column":4},"end":{"line":418,"column":41}},"156":{"start":{"line":418,"column":17},"end":{"line":418,"column":40}},"157":{"start":{"line":421,"column":2},"end":{"line":423,"column":3}},"158":{"start":{"line":422,"column":4},"end":{"line":422,"column":32}},"159":{"start":{"line":425,"column":2},"end":{"line":494,"column":4}},"160":{"start":{"line":433,"column":36},"end":{"line":433,"column":71}},"161":{"start":{"line":447,"column":49},"end":{"line":449,"column":25}},"162":{"start":{"line":497,"column":15},"end":{"line":523,"column":2}}},"fnMap":{"0":{"name":"(anonymous_0)","decl":{"start":{"line":43,"column":12},"end":{"line":43,"column":13}},"loc":{"start":{"line":43,"column":25},"end":{"line":47,"column":1}},"line":43},"1":{"name":"(anonymous_1)","decl":{"start":{"line":49,"column":25},"end":{"line":49,"column":26}},"loc":{"start":{"line":50,"column":2},"end":{"line":52,"column":9}},"line":50},"2":{"name":"MainTabNavigator","decl":{"start":{"line":59,"column":9},"end":{"line":59,"column":25}},"loc":{"start":{"line":59,"column":28},"end":{"line":130,"column":1}},"line":59},"3":{"name":"(anonymous_3)","decl":{"start":{"line":65,"column":21},"end":{"line":65,"column":22}},"loc":{"start":{"line":65,"column":37},"end":{"line":94,"column":7}},"line":65},"4":{"name":"(anonymous_4)","decl":{"start":{"line":66,"column":20},"end":{"line":66,"column":21}},"loc":{"start":{"line":66,"column":50},"end":{"line":91,"column":9}},"line":66},"5":{"name":"(anonymous_5)","decl":{"start":{"line":132,"column":12},"end":{"line":132,"column":13}},"loc":{"start":{"line":132,"column":18},"end":{"line":495,"column":1}},"line":132},"6":{"name":"(anonymous_6)","decl":{"start":{"line":142,"column":24},"end":{"line":142,"column":25}},"loc":{"start":{"line":142,"column":36},"end":{"line":170,"column":3}},"line":142},"7":{"name":"(anonymous_7)","decl":{"start":{"line":173,"column":12},"end":{"line":173,"column":13}},"loc":{"start":{"line":173,"column":18},"end":{"line":205,"column":3}},"line":173},"8":{"name":"(anonymous_8)","decl":{"start":{"line":174,"column":32},"end":{"line":174,"column":33}},"loc":{"start":{"line":174,"column":44},"end":{"line":202,"column":5}},"line":174},"9":{"name":"(anonymous_9)","decl":{"start":{"line":208,"column":12},"end":{"line":208,"column":13}},"loc":{"start":{"line":208,"column":18},"end":{"line":263,"column":3}},"line":208},"10":{"name":"(anonymous_10)","decl":{"start":{"line":209,"column":27},"end":{"line":209,"column":28}},"loc":{"start":{"line":209,"column":39},"end":{"line":228,"column":5}},"line":209},"11":{"name":"(anonymous_11)","decl":{"start":{"line":235,"column":59},"end":{"line":235,"column":60}},"loc":{"start":{"line":235,"column":79},"end":{"line":247,"column":7}},"line":235},"12":{"name":"(anonymous_12)","decl":{"start":{"line":254,"column":11},"end":{"line":254,"column":12}},"loc":{"start":{"line":254,"column":17},"end":{"line":262,"column":5}},"line":254},"13":{"name":"(anonymous_13)","decl":{"start":{"line":266,"column":12},"end":{"line":266,"column":13}},"loc":{"start":{"line":266,"column":18},"end":{"line":293,"column":3}},"line":266},"14":{"name":"(anonymous_14)","decl":{"start":{"line":268,"column":6},"end":{"line":268,"column":7}},"loc":{"start":{"line":268,"column":39},"end":{"line":287,"column":7}},"line":268},"15":{"name":"(anonymous_15)","decl":{"start":{"line":290,"column":11},"end":{"line":290,"column":12}},"loc":{"start":{"line":290,"column":17},"end":{"line":292,"column":5}},"line":290},"16":{"name":"(anonymous_16)","decl":{"start":{"line":296,"column":12},"end":{"line":296,"column":13}},"loc":{"start":{"line":296,"column":18},"end":{"line":315,"column":3}},"line":296},"17":{"name":"(anonymous_17)","decl":{"start":{"line":297,"column":30},"end":{"line":297,"column":31}},"loc":{"start":{"line":297,"column":42},"end":{"line":312,"column":5}},"line":297},"18":{"name":"(anonymous_18)","decl":{"start":{"line":318,"column":12},"end":{"line":318,"column":13}},"loc":{"start":{"line":318,"column":18},"end":{"line":347,"column":3}},"line":318},"19":{"name":"(anonymous_19)","decl":{"start":{"line":323,"column":49},"end":{"line":323,"column":50}},"loc":{"start":{"line":323,"column":61},"end":{"line":340,"column":5}},"line":323},"20":{"name":"(anonymous_20)","decl":{"start":{"line":342,"column":11},"end":{"line":342,"column":12}},"loc":{"start":{"line":342,"column":17},"end":{"line":346,"column":5}},"line":342},"21":{"name":"(anonymous_21)","decl":{"start":{"line":350,"column":28},"end":{"line":350,"column":29}},"loc":{"start":{"line":350,"column":40},"end":{"line":364,"column":3}},"line":350},"22":{"name":"(anonymous_22)","decl":{"start":{"line":367,"column":12},"end":{"line":367,"column":13}},"loc":{"start":{"line":367,"column":18},"end":{"line":419,"column":3}},"line":367},"23":{"name":"(anonymous_23)","decl":{"start":{"line":371,"column":25},"end":{"line":371,"column":26}},"loc":{"start":{"line":371,"column":37},"end":{"line":410,"column":5}},"line":371},"24":{"name":"(anonymous_24)","decl":{"start":{"line":397,"column":23},"end":{"line":397,"column":24}},"loc":{"start":{"line":397,"column":29},"end":{"line":397,"column":48}},"line":397},"25":{"name":"(anonymous_25)","decl":{"start":{"line":401,"column":32},"end":{"line":401,"column":33}},"loc":{"start":{"line":401,"column":43},"end":{"line":407,"column":11}},"line":401},"26":{"name":"(anonymous_26)","decl":{"start":{"line":418,"column":11},"end":{"line":418,"column":12}},"loc":{"start":{"line":418,"column":17},"end":{"line":418,"column":40}},"line":418},"27":{"name":"(anonymous_27)","decl":{"start":{"line":433,"column":25},"end":{"line":433,"column":26}},"loc":{"start":{"line":433,"column":36},"end":{"line":433,"column":71}},"line":433},"28":{"name":"(anonymous_28)","decl":{"start":{"line":447,"column":33},"end":{"line":447,"column":34}},"loc":{"start":{"line":447,"column":49},"end":{"line":449,"column":25}},"line":447}},"branchMap":{"0":{"loc":{"start":{"line":44,"column":2},"end":{"line":46,"column":3}},"type":"if","locations":[{"start":{"line":44,"column":2},"end":{"line":46,"column":3}},{"start":{},"end":{}}],"line":44},"1":{"loc":{"start":{"line":69,"column":10},"end":{"line":77,"column":11}},"type":"if","locations":[{"start":{"line":69,"column":10},"end":{"line":77,"column":11}},{"start":{"line":71,"column":17},"end":{"line":77,"column":11}}],"line":69},"2":{"loc":{"start":{"line":70,"column":23},"end":{"line":70,"column":56}},"type":"cond-expr","locations":[{"start":{"line":70,"column":33},"end":{"line":70,"column":39}},{"start":{"line":70,"column":42},"end":{"line":70,"column":56}}],"line":70},"3":{"loc":{"start":{"line":71,"column":17},"end":{"line":77,"column":11}},"type":"if","locations":[{"start":{"line":71,"column":17},"end":{"line":77,"column":11}},{"start":{"line":73,"column":17},"end":{"line":77,"column":11}}],"line":71},"4":{"loc":{"start":{"line":72,"column":23},"end":{"line":72,"column":60}},"type":"cond-expr","locations":[{"start":{"line":72,"column":33},"end":{"line":72,"column":41}},{"start":{"line":72,"column":44},"end":{"line":72,"column":60}}],"line":72},"5":{"loc":{"start":{"line":73,"column":17},"end":{"line":77,"column":11}},"type":"if","locations":[{"start":{"line":73,"column":17},"end":{"line":77,"column":11}},{"start":{"line":75,"column":17},"end":{"line":77,"column":11}}],"line":73},"6":{"loc":{"start":{"line":74,"column":23},"end":{"line":74,"column":68}},"type":"cond-expr","locations":[{"start":{"line":74,"column":33},"end":{"line":74,"column":45}},{"start":{"line":74,"column":48},"end":{"line":74,"column":68}}],"line":74},"7":{"loc":{"start":{"line":75,"column":17},"end":{"line":77,"column":11}},"type":"if","locations":[{"start":{"line":75,"column":17},"end":{"line":77,"column":11}},{"start":{},"end":{}}],"line":75},"8":{"loc":{"start":{"line":76,"column":23},"end":{"line":76,"column":70}},"type":"cond-expr","locations":[{"start":{"line":76,"column":33},"end":{"line":76,"column":46}},{"start":{"line":76,"column":49},"end":{"line":76,"column":70}}],"line":76},"9":{"loc":{"start":{"line":82,"column":15},"end":{"line":88,"column":15}},"type":"binary-expr","locations":[{"start":{"line":82,"column":15},"end":{"line":82,"column":45}},{"start":{"line":82,"column":49},"end":{"line":82,"column":77}},{"start":{"line":83,"column":16},"end":{"line":87,"column":23}}],"line":82},"10":{"loc":{"start":{"line":85,"column":21},"end":{"line":85,"column":85}},"type":"cond-expr","locations":[{"start":{"line":85,"column":53},"end":{"line":85,"column":58}},{"start":{"line":85,"column":61},"end":{"line":85,"column":85}}],"line":85},"11":{"loc":{"start":{"line":180,"column":8},"end":{"line":198,"column":9}},"type":"if","locations":[{"start":{"line":180,"column":8},"end":{"line":198,"column":9}},{"start":{},"end":{}}],"line":180},"12":{"loc":{"start":{"line":180,"column":12},"end":{"line":184,"column":14}},"type":"binary-expr","locations":[{"start":{"line":180,"column":12},"end":{"line":180,"column":35}},{"start":{"line":181,"column":13},"end":{"line":181,"column":22}},{"start":{"line":182,"column":14},"end":{"line":182,"column":53}},{"start":{"line":183,"column":14},"end":{"line":183,"column":49}}],"line":180},"13":{"loc":{"start":{"line":214,"column":8},"end":{"line":216,"column":9}},"type":"if","locations":[{"start":{"line":214,"column":8},"end":{"line":216,"column":9}},{"start":{},"end":{}}],"line":214},"14":{"loc":{"start":{"line":238,"column":8},"end":{"line":246,"column":9}},"type":"if","locations":[{"start":{"line":238,"column":8},"end":{"line":246,"column":9}},{"start":{"line":240,"column":15},"end":{"line":246,"column":9}}],"line":238},"15":{"loc":{"start":{"line":240,"column":15},"end":{"line":246,"column":9}},"type":"if","locations":[{"start":{"line":240,"column":15},"end":{"line":246,"column":9}},{"start":{"line":242,"column":15},"end":{"line":246,"column":9}}],"line":240},"16":{"loc":{"start":{"line":242,"column":15},"end":{"line":246,"column":9}},"type":"if","locations":[{"start":{"line":242,"column":15},"end":{"line":246,"column":9}},{"start":{},"end":{}}],"line":242},"17":{"loc":{"start":{"line":242,"column":19},"end":{"line":242,"column":58}},"type":"binary-expr","locations":[{"start":{"line":242,"column":19},"end":{"line":242,"column":46}},{"start":{"line":242,"column":50},"end":{"line":242,"column":58}}],"line":242},"18":{"loc":{"start":{"line":255,"column":6},"end":{"line":261,"column":7}},"type":"if","locations":[{"start":{"line":255,"column":6},"end":{"line":261,"column":7}},{"start":{},"end":{}}],"line":255},"19":{"loc":{"start":{"line":271,"column":8},"end":{"line":276,"column":9}},"type":"if","locations":[{"start":{"line":271,"column":8},"end":{"line":276,"column":9}},{"start":{},"end":{}}],"line":271},"20":{"loc":{"start":{"line":278,"column":8},"end":{"line":286,"column":9}},"type":"if","locations":[{"start":{"line":278,"column":8},"end":{"line":286,"column":9}},{"start":{"line":284,"column":15},"end":{"line":286,"column":9}}],"line":278},"21":{"loc":{"start":{"line":281,"column":10},"end":{"line":283,"column":11}},"type":"if","locations":[{"start":{"line":281,"column":10},"end":{"line":283,"column":11}},{"start":{},"end":{}}],"line":281},"22":{"loc":{"start":{"line":284,"column":15},"end":{"line":286,"column":9}},"type":"if","locations":[{"start":{"line":284,"column":15},"end":{"line":286,"column":9}},{"start":{},"end":{}}],"line":284},"23":{"loc":{"start":{"line":299,"column":6},"end":{"line":301,"column":7}},"type":"if","locations":[{"start":{"line":299,"column":6},"end":{"line":301,"column":7}},{"start":{},"end":{}}],"line":299},"24":{"loc":{"start":{"line":306,"column":8},"end":{"line":308,"column":9}},"type":"if","locations":[{"start":{"line":306,"column":8},"end":{"line":308,"column":9}},{"start":{},"end":{}}],"line":306},"25":{"loc":{"start":{"line":319,"column":4},"end":{"line":321,"column":5}},"type":"if","locations":[{"start":{"line":319,"column":4},"end":{"line":321,"column":5}},{"start":{},"end":{}}],"line":319},"26":{"loc":{"start":{"line":319,"column":8},"end":{"line":319,"column":79}},"type":"binary-expr","locations":[{"start":{"line":319,"column":8},"end":{"line":319,"column":30}},{"start":{"line":319,"column":34},"end":{"line":319,"column":79}}],"line":319},"27":{"loc":{"start":{"line":324,"column":6},"end":{"line":324,"column":41}},"type":"if","locations":[{"start":{"line":324,"column":6},"end":{"line":324,"column":41}},{"start":{},"end":{}}],"line":324},"28":{"loc":{"start":{"line":329,"column":6},"end":{"line":339,"column":7}},"type":"if","locations":[{"start":{"line":329,"column":6},"end":{"line":339,"column":7}},{"start":{"line":336,"column":13},"end":{"line":339,"column":7}}],"line":329},"29":{"loc":{"start":{"line":329,"column":10},"end":{"line":329,"column":58}},"type":"binary-expr","locations":[{"start":{"line":329,"column":10},"end":{"line":329,"column":34}},{"start":{"line":329,"column":38},"end":{"line":329,"column":58}}],"line":329},"30":{"loc":{"start":{"line":336,"column":13},"end":{"line":339,"column":7}},"type":"if","locations":[{"start":{"line":336,"column":13},"end":{"line":339,"column":7}},{"start":{},"end":{}}],"line":336},"31":{"loc":{"start":{"line":343,"column":6},"end":{"line":345,"column":7}},"type":"if","locations":[{"start":{"line":343,"column":6},"end":{"line":345,"column":7}},{"start":{},"end":{}}],"line":343},"32":{"loc":{"start":{"line":343,"column":10},"end":{"line":343,"column":67}},"type":"binary-expr","locations":[{"start":{"line":343,"column":10},"end":{"line":343,"column":22}},{"start":{"line":343,"column":26},"end":{"line":343,"column":67}}],"line":343},"33":{"loc":{"start":{"line":368,"column":4},"end":{"line":368,"column":28}},"type":"if","locations":[{"start":{"line":368,"column":4},"end":{"line":368,"column":28}},{"start":{},"end":{}}],"line":368},"34":{"loc":{"start":{"line":375,"column":8},"end":{"line":377,"column":9}},"type":"if","locations":[{"start":{"line":375,"column":8},"end":{"line":377,"column":9}},{"start":{},"end":{}}],"line":375},"35":{"loc":{"start":{"line":379,"column":8},"end":{"line":382,"column":9}},"type":"if","locations":[{"start":{"line":379,"column":8},"end":{"line":382,"column":9}},{"start":{},"end":{}}],"line":379},"36":{"loc":{"start":{"line":386,"column":8},"end":{"line":388,"column":9}},"type":"if","locations":[{"start":{"line":386,"column":8},"end":{"line":388,"column":9}},{"start":{},"end":{}}],"line":386},"37":{"loc":{"start":{"line":391,"column":8},"end":{"line":408,"column":9}},"type":"if","locations":[{"start":{"line":391,"column":8},"end":{"line":408,"column":9}},{"start":{"line":400,"column":15},"end":{"line":408,"column":9}}],"line":391},"38":{"loc":{"start":{"line":402,"column":12},"end":{"line":405,"column":13}},"type":"if","locations":[{"start":{"line":402,"column":12},"end":{"line":405,"column":13}},{"start":{},"end":{}}],"line":402},"39":{"loc":{"start":{"line":421,"column":2},"end":{"line":423,"column":3}},"type":"if","locations":[{"start":{"line":421,"column":2},"end":{"line":423,"column":3}},{"start":{},"end":{}}],"line":421},"40":{"loc":{"start":{"line":441,"column":19},"end":{"line":486,"column":19}},"type":"binary-expr","locations":[{"start":{"line":441,"column":19},"end":{"line":441,"column":29}},{"start":{"line":442,"column":20},"end":{"line":485,"column":34}}],"line":441},"41":{"loc":{"start":{"line":448,"column":33},"end":{"line":448,"column":70}},"type":"binary-expr","locations":[{"start":{"line":448,"column":33},"end":{"line":448,"column":60}},{"start":{"line":448,"column":64},"end":{"line":448,"column":70}}],"line":448}},"s":{"0":0,"1":0,"2":0,"3":0,"4":0,"5":0,"6":0,"7":0,"8":0,"9":0,"10":0,"11":0,"12":0,"13":0,"14":0,"15":0,"16":0,"17":0,"18":0,"19":0,"20":0,"21":0,"22":0,"23":0,"24":0,"25":0,"26":0,"27":0,"28":0,"29":0,"30":0,"31":0,"32":0,"33":0,"34":0,"35":0,"36":0,"37":0,"38":0,"39":0,"40":0,"41":0,"42":0,"43":0,"44":0,"45":0,"46":0,"47":0,"48":0,"49":0,"50":0,"51":0,"52":0,"53":0,"54":0,"55":0,"56":0,"57":0,"58":0,"59":0,"60":0,"61":0,"62":0,"63":0,"64":0,"65":0,"66":0,"67":0,"68":0,"69":0,"70":0,"71":0,"72":0,"73":0,"74":0,"75":0,"76":0,"77":0,"78":0,"79":0,"80":0,"81":0,"82":0,"83":0,"84":0,"85":0,"86":0,"87":0,"88":0,"89":0,"90":0,"91":0,"92":0,"93":0,"94":0,"95":0,"96":0,"97":0,"98":0,"99":0,"100":0,"101":0,"102":0,"103":0,"104":0,"105":0,"106":0,"107":0,"108":0,"109":0,"110":0,"111":0,"112":0,"113":0,"114":0,"115":0,"116":0,"117":0,"118":0,"119":0,"120":0,"121":0,"122":0,"123":0,"124":0,"125":0,"126":0,"127":0,"128":0,"129":0,"130":0,"131":0,"132":0,"133":0,"134":0,"135":0,"136":0,"137":0,"138":0,"139":0,"140":0,"141":0,"142":0,"143":0,"144":0,"145":0,"146":0,"147":0,"148":0,"149":0,"150":0,"151":0,"152":0,"153":0,"154":0,"155":0,"156":0,"157":0,"158":0,"159":0,"160":0,"161":0,"162":0},"f":{"0":0,"1":0,"2":0,"3":0,"4":0,"5":0,"6":0,"7":0,"8":0,"9":0,"10":0,"11":0,"12":0,"13":0,"14":0,"15":0,"16":0,"17":0,"18":0,"19":0,"20":0,"21":0,"22":0,"23":0,"24":0,"25":0,"26":0,"27":0,"28":0},"b":{"0":[0,0],"1":[0,0],"2":[0,0],"3":[0,0],"4":[0,0],"5":[0,0],"6":[0,0],"7":[0,0],"8":[0,0],"9":[0,0,0],"10":[0,0],"11":[0,0],"12":[0,0,0,0],"13":[0,0],"14":[0,0],"15":[0,0],"16":[0,0],"17":[0,0],"18":[0,0],"19":[0,0],"20":[0,0],"21":[0,0],"22":[0,0],"23":[0,0],"24":[0,0],"25":[0,0],"26":[0,0],"27":[0,0],"28":[0,0],"29":[0,0],"30":[0,0],"31":[0,0],"32":[0,0],"33":[0,0],"34":[0,0],"35":[0,0],"36":[0,0],"37":[0,0],"38":[0,0],"39":[0,0],"40":[0,0],"41":[0,0]}}
,"/Users/user/dormsAppLast/DormMarketplaceApp/i18n.js": {"path":"/Users/user/dormsAppLast/DormMarketplaceApp/i18n.js","statementMap":{"0":{"start":{"line":5,"column":23},"end":{"line":20,"column":1}},"1":{"start":{"line":6,"column":2},"end":{"line":19,"column":3}},"2":{"start":{"line":7,"column":4},"end":{"line":16,"column":7}},"3":{"start":{"line":18,"column":4},"end":{"line":18,"column":35}},"4":{"start":{"line":22,"column":0},"end":{"line":1300,"column":7}}},"fnMap":{"0":{"name":"(anonymous_0)","decl":{"start":{"line":5,"column":23},"end":{"line":5,"column":24}},"loc":{"start":{"line":5,"column":35},"end":{"line":20,"column":1}},"line":5}},"branchMap":{},"s":{"0":0,"1":0,"2":0,"3":0,"4":0},"f":{"0":0},"b":{}}
,"/Users/user/dormsAppLast/DormMarketplaceApp/index.js": {"path":"/Users/user/dormsAppLast/DormMarketplaceApp/index.js","statementMap":{"0":{"start":{"line":8,"column":0},"end":{"line":8,"column":27}}},"fnMap":{},"branchMap":{},"s":{"0":0},"f":{},"b":{}}
,"/Users/user/dormsAppLast/DormMarketplaceApp/jest.config.js": {"path":"/Users/user/dormsAppLast/DormMarketplaceApp/jest.config.js","statementMap":{"0":{"start":{"line":1,"column":0},"end":{"line":23,"column":2}}},"fnMap":{},"branchMap":{},"s":{"0":0},"f":{},"b":{}}
,"/Users/user/dormsAppLast/DormMarketplaceApp/metro.config.js": {"path":"/Users/user/dormsAppLast/DormMarketplaceApp/metro.config.js","statementMap":{"0":{"start":{"line":2,"column":29},"end":{"line":2,"column":57}},"1":{"start":{"line":5,"column":15},"end":{"line":5,"column":42}},"2":{"start":{"line":7,"column":0},"end":{"line":7,"column":24}}},"fnMap":{},"branchMap":{},"s":{"0":0,"1":0,"2":0},"f":{},"b":{}}
,"/Users/user/dormsAppLast/DormMarketplaceApp/shim.js": {"path":"/Users/user/dormsAppLast/DormMarketplaceApp/shim.js","statementMap":{"0":{"start":{"line":1,"column":0},"end":{"line":1,"column":60}},"1":{"start":{"line":1,"column":38},"end":{"line":1,"column":60}},"2":{"start":{"line":2,"column":0},"end":{"line":2,"column":61}},"3":{"start":{"line":2,"column":39},"end":{"line":2,"column":61}},"4":{"start":{"line":3,"column":0},"end":{"line":12,"column":1}},"5":{"start":{"line":4,"column":2},"end":{"line":4,"column":37}},"6":{"start":{"line":6,"column":19},"end":{"line":6,"column":37}},"7":{"start":{"line":7,"column":2},"end":{"line":11,"column":3}},"8":{"start":{"line":8,"column":4},"end":{"line":10,"column":5}},"9":{"start":{"line":9,"column":6},"end":{"line":9,"column":30}},"10":{"start":{"line":14,"column":0},"end":{"line":14,"column":23}},"11":{"start":{"line":15,"column":0},"end":{"line":15,"column":75}},"12":{"start":{"line":15,"column":35},"end":{"line":15,"column":75}},"13":{"start":{"line":18,"column":14},"end":{"line":18,"column":53}},"14":{"start":{"line":19,"column":0},"end":{"line":19,"column":62}},"15":{"start":{"line":20,"column":0},"end":{"line":22,"column":1}},"16":{"start":{"line":21,"column":2},"end":{"line":21,"column":39}}},"fnMap":{},"branchMap":{"0":{"loc":{"start":{"line":1,"column":0},"end":{"line":1,"column":60}},"type":"if","locations":[{"start":{"line":1,"column":0},"end":{"line":1,"column":60}},{"start":{},"end":{}}],"line":1},"1":{"loc":{"start":{"line":2,"column":0},"end":{"line":2,"column":61}},"type":"if","locations":[{"start":{"line":2,"column":0},"end":{"line":2,"column":61}},{"start":{},"end":{}}],"line":2},"2":{"loc":{"start":{"line":3,"column":0},"end":{"line":12,"column":1}},"type":"if","locations":[{"start":{"line":3,"column":0},"end":{"line":12,"column":1}},{"start":{"line":5,"column":7},"end":{"line":12,"column":1}}],"line":3},"3":{"loc":{"start":{"line":8,"column":4},"end":{"line":10,"column":5}},"type":"if","locations":[{"start":{"line":8,"column":4},"end":{"line":10,"column":5}},{"start":{},"end":{}}],"line":8},"4":{"loc":{"start":{"line":15,"column":0},"end":{"line":15,"column":75}},"type":"if","locations":[{"start":{"line":15,"column":0},"end":{"line":15,"column":75}},{"start":{},"end":{}}],"line":15},"5":{"loc":{"start":{"line":18,"column":14},"end":{"line":18,"column":53}},"type":"binary-expr","locations":[{"start":{"line":18,"column":14},"end":{"line":18,"column":42}},{"start":{"line":18,"column":46},"end":{"line":18,"column":53}}],"line":18},"6":{"loc":{"start":{"line":19,"column":26},"end":{"line":19,"column":62}},"type":"cond-expr","locations":[{"start":{"line":19,"column":34},"end":{"line":19,"column":47}},{"start":{"line":19,"column":50},"end":{"line":19,"column":62}}],"line":19},"7":{"loc":{"start":{"line":20,"column":0},"end":{"line":22,"column":1}},"type":"if","locations":[{"start":{"line":20,"column":0},"end":{"line":22,"column":1}},{"start":{},"end":{}}],"line":20},"8":{"loc":{"start":{"line":21,"column":23},"end":{"line":21,"column":39}},"type":"cond-expr","locations":[{"start":{"line":21,"column":31},"end":{"line":21,"column":34}},{"start":{"line":21,"column":37},"end":{"line":21,"column":39}}],"line":21}},"s":{"0":0,"1":0,"2":0,"3":0,"4":0,"5":0,"6":0,"7":0,"8":0,"9":0,"10":0,"11":0,"12":0,"13":0,"14":0,"15":0,"16":0},"f":{},"b":{"0":[0,0],"1":[0,0],"2":[0,0],"3":[0,0],"4":[0,0],"5":[0,0],"6":[0,0],"7":[0,0],"8":[0,0]}}
,"/Users/user/dormsAppLast/DormMarketplaceApp/cloud/main.js": {"path":"/Users/user/dormsAppLast/DormMarketplaceApp/cloud/main.js","statementMap":{"0":{"start":{"line":3,"column":0},"end":{"line":22,"column":3}},"1":{"start":{"line":4,"column":23},"end":{"line":4,"column":37}},"2":{"start":{"line":6,"column":2},"end":{"line":21,"column":3}},"3":{"start":{"line":7,"column":25},"end":{"line":7,"column":57}},"4":{"start":{"line":9,"column":4},"end":{"line":11,"column":5}},"5":{"start":{"line":10,"column":6},"end":{"line":10,"column":76}},"6":{"start":{"line":13,"column":16},"end":{"line":13,"column":31}},"7":{"start":{"line":15,"column":4},"end":{"line":18,"column":7}},"8":{"start":{"line":16,"column":6},"end":{"line":16,"column":39}},"9":{"start":{"line":17,"column":6},"end":{"line":17,"column":40}},"10":{"start":{"line":20,"column":4},"end":{"line":20,"column":29}},"11":{"start":{"line":24,"column":0},"end":{"line":53,"column":3}},"12":{"start":{"line":25,"column":18},"end":{"line":25,"column":32}},"13":{"start":{"line":27,"column":2},"end":{"line":52,"column":3}},"14":{"start":{"line":28,"column":27},"end":{"line":28,"column":56}},"15":{"start":{"line":29,"column":4},"end":{"line":31,"column":5}},"16":{"start":{"line":30,"column":6},"end":{"line":30,"column":61}},"17":{"start":{"line":34,"column":25},"end":{"line":34,"column":60}},"18":{"start":{"line":35,"column":30},"end":{"line":35,"column":59}},"19":{"start":{"line":36,"column":25},"end":{"line":36,"column":120}},"20":{"start":{"line":38,"column":4},"end":{"line":40,"column":5}},"21":{"start":{"line":39,"column":6},"end":{"line":39,"column":49}},"22":{"start":{"line":42,"column":25},"end":{"line":42,"column":57}},"23":{"start":{"line":44,"column":16},"end":{"line":44,"column":31}},"24":{"start":{"line":46,"column":4},"end":{"line":49,"column":7}},"25":{"start":{"line":47,"column":6},"end":{"line":47,"column":39}},"26":{"start":{"line":48,"column":6},"end":{"line":48,"column":74}},"27":{"start":{"line":51,"column":4},"end":{"line":51,"column":24}}},"fnMap":{"0":{"name":"(anonymous_0)","decl":{"start":{"line":3,"column":39},"end":{"line":3,"column":40}},"loc":{"start":{"line":3,"column":58},"end":{"line":22,"column":1}},"line":3},"1":{"name":"(anonymous_1)","decl":{"start":{"line":15,"column":25},"end":{"line":15,"column":26}},"loc":{"start":{"line":15,"column":35},"end":{"line":18,"column":5}},"line":15},"2":{"name":"(anonymous_2)","decl":{"start":{"line":24,"column":34},"end":{"line":24,"column":35}},"loc":{"start":{"line":24,"column":53},"end":{"line":53,"column":1}},"line":24},"3":{"name":"(anonymous_3)","decl":{"start":{"line":46,"column":25},"end":{"line":46,"column":26}},"loc":{"start":{"line":46,"column":35},"end":{"line":49,"column":5}},"line":46}},"branchMap":{"0":{"loc":{"start":{"line":6,"column":2},"end":{"line":21,"column":3}},"type":"if","locations":[{"start":{"line":6,"column":2},"end":{"line":21,"column":3}},{"start":{},"end":{}}],"line":6},"1":{"loc":{"start":{"line":9,"column":4},"end":{"line":11,"column":5}},"type":"if","locations":[{"start":{"line":9,"column":4},"end":{"line":11,"column":5}},{"start":{},"end":{}}],"line":9},"2":{"loc":{"start":{"line":27,"column":2},"end":{"line":52,"column":3}},"type":"if","locations":[{"start":{"line":27,"column":2},"end":{"line":52,"column":3}},{"start":{},"end":{}}],"line":27},"3":{"loc":{"start":{"line":29,"column":4},"end":{"line":31,"column":5}},"type":"if","locations":[{"start":{"line":29,"column":4},"end":{"line":31,"column":5}},{"start":{},"end":{}}],"line":29},"4":{"loc":{"start":{"line":38,"column":4},"end":{"line":40,"column":5}},"type":"if","locations":[{"start":{"line":38,"column":4},"end":{"line":40,"column":5}},{"start":{},"end":{}}],"line":38}},"s":{"0":0,"1":0,"2":0,"3":0,"4":0,"5":0,"6":0,"7":0,"8":0,"9":0,"10":0,"11":0,"12":0,"13":0,"14":0,"15":0,"16":0,"17":0,"18":0,"19":0,"20":0,"21":0,"22":0,"23":0,"24":0,"25":0,"26":0,"27":0},"f":{"0":0,"1":0,"2":0,"3":0},"b":{"0":[0,0],"1":[0,0],"2":[0,0],"3":[0,0],"4":[0,0]}}
,"/Users/user/dormsAppLast/DormMarketplaceApp/components/ErrorBoundary.js": {"path":"/Users/user/dormsAppLast/DormMarketplaceApp/components/ErrorBoundary.js","statementMap":{"0":{"start":{"line":7,"column":10},"end":{"line":7,"column":46}},"1":{"start":{"line":10,"column":4},"end":{"line":10,"column":30}},"2":{"start":{"line":14,"column":4},"end":{"line":14,"column":47}},"3":{"start":{"line":15,"column":4},"end":{"line":15,"column":33}},"4":{"start":{"line":18,"column":16},"end":{"line":20,"column":3}},"5":{"start":{"line":19,"column":4},"end":{"line":19,"column":56}},"6":{"start":{"line":23,"column":4},"end":{"line":25,"column":5}},"7":{"start":{"line":24,"column":6},"end":{"line":24,"column":58}},"8":{"start":{"line":27,"column":4},"end":{"line":27,"column":31}},"9":{"start":{"line":31,"column":22},"end":{"line":45,"column":1}},"10":{"start":{"line":32,"column":16},"end":{"line":32,"column":32}},"11":{"start":{"line":34,"column":2},"end":{"line":44,"column":4}},"12":{"start":{"line":47,"column":15},"end":{"line":77,"column":2}}},"fnMap":{"0":{"name":"(anonymous_0)","decl":{"start":{"line":9,"column":2},"end":{"line":9,"column":3}},"loc":{"start":{"line":9,"column":41},"end":{"line":11,"column":3}},"line":9},"1":{"name":"(anonymous_1)","decl":{"start":{"line":13,"column":2},"end":{"line":13,"column":3}},"loc":{"start":{"line":13,"column":38},"end":{"line":16,"column":3}},"line":13},"2":{"name":"(anonymous_2)","decl":{"start":{"line":18,"column":16},"end":{"line":18,"column":17}},"loc":{"start":{"line":18,"column":22},"end":{"line":20,"column":3}},"line":18},"3":{"name":"(anonymous_3)","decl":{"start":{"line":22,"column":2},"end":{"line":22,"column":3}},"loc":{"start":{"line":22,"column":11},"end":{"line":28,"column":3}},"line":22},"4":{"name":"(anonymous_4)","decl":{"start":{"line":31,"column":22},"end":{"line":31,"column":23}},"loc":{"start":{"line":31,"column":39},"end":{"line":45,"column":1}},"line":31}},"branchMap":{"0":{"loc":{"start":{"line":23,"column":4},"end":{"line":25,"column":5}},"type":"if","locations":[{"start":{"line":23,"column":4},"end":{"line":25,"column":5}},{"start":{},"end":{}}],"line":23}},"s":{"0":0,"1":0,"2":0,"3":0,"4":0,"5":0,"6":0,"7":0,"8":0,"9":0,"10":0,"11":0,"12":0},"f":{"0":0,"1":0,"2":0,"3":0,"4":0},"b":{"0":[0,0]}}
,"/Users/user/dormsAppLast/DormMarketplaceApp/components/BannerCarousel/BannerCarousel.js": {"path":"/Users/user/dormsAppLast/DormMarketplaceApp/components/BannerCarousel/BannerCarousel.js","statementMap":{"0":{"start":{"line":4,"column":23},"end":{"line":11,"column":1}},"1":{"start":{"line":5,"column":2},"end":{"line":10,"column":4}},"2":{"start":{"line":13,"column":15},"end":{"line":31,"column":2}}},"fnMap":{"0":{"name":"(anonymous_0)","decl":{"start":{"line":4,"column":23},"end":{"line":4,"column":24}},"loc":{"start":{"line":4,"column":29},"end":{"line":11,"column":1}},"line":4}},"branchMap":{},"s":{"0":0,"1":0,"2":0},"f":{"0":0},"b":{}}
,"/Users/user/dormsAppLast/DormMarketplaceApp/components/ErrorBoundary/ErrorBoundaryWrapper.js": {"path":"/Users/user/dormsAppLast/DormMarketplaceApp/components/ErrorBoundary/ErrorBoundaryWrapper.js","statementMap":{"0":{"start":{"line":8,"column":29},"end":{"line":45,"column":1}},"1":{"start":{"line":14,"column":36},"end":{"line":14,"column":51}},"2":{"start":{"line":15,"column":28},"end":{"line":15,"column":42}},"3":{"start":{"line":17,"column":25},"end":{"line":34,"column":3}},"4":{"start":{"line":18,"column":4},"end":{"line":33,"column":5}},"5":{"start":{"line":19,"column":6},"end":{"line":19,"column":25}},"6":{"start":{"line":20,"column":6},"end":{"line":20,"column":21}},"7":{"start":{"line":22,"column":26},"end":{"line":22,"column":56}},"8":{"start":{"line":23,"column":6},"end":{"line":25,"column":7}},"9":{"start":{"line":24,"column":8},"end":{"line":24,"column":35}},"10":{"start":{"line":27,"column":6},"end":{"line":27,"column":22}},"11":{"start":{"line":29,"column":6},"end":{"line":29,"column":20}},"12":{"start":{"line":30,"column":6},"end":{"line":30,"column":23}},"13":{"start":{"line":32,"column":6},"end":{"line":32,"column":26}},"14":{"start":{"line":36,"column":2},"end":{"line":38,"column":3}},"15":{"start":{"line":37,"column":4},"end":{"line":37,"column":53}},"16":{"start":{"line":40,"column":2},"end":{"line":42,"column":3}},"17":{"start":{"line":41,"column":4},"end":{"line":41,"column":73}},"18":{"start":{"line":44,"column":2},"end":{"line":44,"column":18}}},"fnMap":{"0":{"name":"(anonymous_0)","decl":{"start":{"line":8,"column":29},"end":{"line":8,"column":30}},"loc":{"start":{"line":13,"column":6},"end":{"line":45,"column":1}},"line":13},"1":{"name":"(anonymous_1)","decl":{"start":{"line":17,"column":25},"end":{"line":17,"column":26}},"loc":{"start":{"line":17,"column":37},"end":{"line":34,"column":3}},"line":17}},"branchMap":{"0":{"loc":{"start":{"line":23,"column":6},"end":{"line":25,"column":7}},"type":"if","locations":[{"start":{"line":23,"column":6},"end":{"line":25,"column":7}},{"start":{},"end":{}}],"line":23},"1":{"loc":{"start":{"line":36,"column":2},"end":{"line":38,"column":3}},"type":"if","locations":[{"start":{"line":36,"column":2},"end":{"line":38,"column":3}},{"start":{},"end":{}}],"line":36},"2":{"loc":{"start":{"line":40,"column":2},"end":{"line":42,"column":3}},"type":"if","locations":[{"start":{"line":40,"column":2},"end":{"line":42,"column":3}},{"start":{},"end":{}}],"line":40}},"s":{"0":0,"1":0,"2":0,"3":0,"4":0,"5":0,"6":0,"7":0,"8":0,"9":0,"10":0,"11":0,"12":0,"13":0,"14":0,"15":0,"16":0,"17":0,"18":0},"f":{"0":0,"1":0},"b":{"0":[0,0],"1":[0,0],"2":[0,0]}}
,"/Users/user/dormsAppLast/DormMarketplaceApp/components/LoadingState/LoadingState.js": {"path":"/Users/user/dormsAppLast/DormMarketplaceApp/components/LoadingState/LoadingState.js","statementMap":{"0":{"start":{"line":5,"column":21},"end":{"line":14,"column":1}},"1":{"start":{"line":6,"column":16},"end":{"line":6,"column":32}},"2":{"start":{"line":8,"column":2},"end":{"line":13,"column":4}},"3":{"start":{"line":16,"column":15},"end":{"line":28,"column":2}}},"fnMap":{"0":{"name":"(anonymous_0)","decl":{"start":{"line":5,"column":21},"end":{"line":5,"column":22}},"loc":{"start":{"line":5,"column":38},"end":{"line":14,"column":1}},"line":5}},"branchMap":{"0":{"loc":{"start":{"line":11,"column":33},"end":{"line":11,"column":56}},"type":"binary-expr","locations":[{"start":{"line":11,"column":33},"end":{"line":11,"column":40}},{"start":{"line":11,"column":44},"end":{"line":11,"column":56}}],"line":11}},"s":{"0":0,"1":0,"2":0,"3":0},"f":{"0":0},"b":{"0":[0,0]}}
,"/Users/user/dormsAppLast/DormMarketplaceApp/components/ProductCard/ProductCard.js": {"path":"/Users/user/dormsAppLast/DormMarketplaceApp/components/ProductCard/ProductCard.js","statementMap":{"0":{"start":{"line":6,"column":20},"end":{"line":55,"column":1}},"1":{"start":{"line":7,"column":16},"end":{"line":7,"column":32}},"2":{"start":{"line":9,"column":21},"end":{"line":28,"column":3}},"3":{"start":{"line":10,"column":17},"end":{"line":10,"column":37}},"4":{"start":{"line":11,"column":16},"end":{"line":11,"column":26}},"5":{"start":{"line":12,"column":22},"end":{"line":12,"column":35}},"6":{"start":{"line":13,"column":4},"end":{"line":13,"column":47}},"7":{"start":{"line":15,"column":18},"end":{"line":15,"column":61}},"8":{"start":{"line":16,"column":20},"end":{"line":16,"column":65}},"9":{"start":{"line":17,"column":17},"end":{"line":17,"column":38}},"10":{"start":{"line":19,"column":4},"end":{"line":27,"column":5}},"11":{"start":{"line":20,"column":6},"end":{"line":20,"column":36}},"12":{"start":{"line":21,"column":11},"end":{"line":27,"column":5}},"13":{"start":{"line":22,"column":6},"end":{"line":22,"column":40}},"14":{"start":{"line":24,"column":20},"end":{"line":24,"column":69}},"15":{"start":{"line":25,"column":18},"end":{"line":25,"column":60}},"16":{"start":{"line":26,"column":6},"end":{"line":26,"column":31}},"17":{"start":{"line":30,"column":2},"end":{"line":54,"column":4}},"18":{"start":{"line":57,"column":15},"end":{"line":149,"column":2}}},"fnMap":{"0":{"name":"(anonymous_0)","decl":{"start":{"line":6,"column":20},"end":{"line":6,"column":21}},"loc":{"start":{"line":6,"column":104},"end":{"line":55,"column":1}},"line":6},"1":{"name":"(anonymous_1)","decl":{"start":{"line":9,"column":21},"end":{"line":9,"column":22}},"loc":{"start":{"line":9,"column":37},"end":{"line":28,"column":3}},"line":9}},"branchMap":{"0":{"loc":{"start":{"line":19,"column":4},"end":{"line":27,"column":5}},"type":"if","locations":[{"start":{"line":19,"column":4},"end":{"line":27,"column":5}},{"start":{"line":21,"column":11},"end":{"line":27,"column":5}}],"line":19},"1":{"loc":{"start":{"line":21,"column":11},"end":{"line":27,"column":5}},"type":"if","locations":[{"start":{"line":21,"column":11},"end":{"line":27,"column":5}},{"start":{"line":23,"column":11},"end":{"line":27,"column":5}}],"line":21},"2":{"loc":{"start":{"line":37,"column":7},"end":{"line":41,"column":7}},"type":"binary-expr","locations":[{"start":{"line":37,"column":7},"end":{"line":37,"column":18}},{"start":{"line":38,"column":8},"end":{"line":40,"column":15}}],"line":37},"3":{"loc":{"start":{"line":44,"column":9},"end":{"line":44,"column":59}},"type":"binary-expr","locations":[{"start":{"line":44,"column":9},"end":{"line":44,"column":14}},{"start":{"line":44,"column":18},"end":{"line":44,"column":59}}],"line":44}},"s":{"0":0,"1":0,"2":0,"3":0,"4":0,"5":0,"6":0,"7":0,"8":0,"9":0,"10":0,"11":0,"12":0,"13":0,"14":0,"15":0,"16":0,"17":0,"18":0},"f":{"0":0,"1":0},"b":{"0":[0,0],"1":[0,0],"2":[0,0],"3":[0,0]}}
,"/Users/user/dormsAppLast/DormMarketplaceApp/components/RetryView/RetryView.js": {"path":"/Users/user/dormsAppLast/DormMarketplaceApp/components/RetryView/RetryView.js","statementMap":{"0":{"start":{"line":6,"column":18},"end":{"line":18,"column":1}},"1":{"start":{"line":7,"column":16},"end":{"line":7,"column":32}},"2":{"start":{"line":9,"column":2},"end":{"line":17,"column":4}},"3":{"start":{"line":20,"column":15},"end":{"line":45,"column":2}}},"fnMap":{"0":{"name":"(anonymous_0)","decl":{"start":{"line":6,"column":18},"end":{"line":6,"column":19}},"loc":{"start":{"line":6,"column":44},"end":{"line":18,"column":1}},"line":6}},"branchMap":{"0":{"loc":{"start":{"line":12,"column":36},"end":{"line":12,"column":68}},"type":"binary-expr","locations":[{"start":{"line":12,"column":36},"end":{"line":12,"column":43}},{"start":{"line":12,"column":47},"end":{"line":12,"column":68}}],"line":12}},"s":{"0":0,"1":0,"2":0,"3":0},"f":{"0":0},"b":{"0":[0,0]}}
,"/Users/user/dormsAppLast/DormMarketplaceApp/context/UnreadContext.js": {"path":"/Users/user/dormsAppLast/DormMarketplaceApp/context/UnreadContext.js","statementMap":{"0":{"start":{"line":9,"column":21},"end":{"line":13,"column":2}},"1":{"start":{"line":9,"column":34},"end":{"line":13,"column":1}},"2":{"start":{"line":12,"column":22},"end":{"line":12,"column":66}},"3":{"start":{"line":15,"column":15},"end":{"line":15,"column":44}},"4":{"start":{"line":17,"column":29},"end":{"line":17,"column":44}},"5":{"start":{"line":19,"column":30},"end":{"line":158,"column":1}},"6":{"start":{"line":20,"column":66},"end":{"line":20,"column":77}},"7":{"start":{"line":21,"column":48},"end":{"line":21,"column":63}},"8":{"start":{"line":22,"column":44},"end":{"line":22,"column":59}},"9":{"start":{"line":23,"column":36},"end":{"line":23,"column":50}},"10":{"start":{"line":26,"column":28},"end":{"line":40,"column":23}},"11":{"start":{"line":27,"column":4},"end":{"line":39,"column":5}},"12":{"start":{"line":28,"column":6},"end":{"line":31,"column":7}},"13":{"start":{"line":29,"column":8},"end":{"line":29,"column":39}},"14":{"start":{"line":30,"column":8},"end":{"line":30,"column":15}},"15":{"start":{"line":33,"column":20},"end":{"line":33,"column":55}},"16":{"start":{"line":34,"column":6},"end":{"line":34,"column":41}},"17":{"start":{"line":36,"column":6},"end":{"line":36,"column":58}},"18":{"start":{"line":38,"column":6},"end":{"line":38,"column":26}},"19":{"start":{"line":43,"column":2},"end":{"line":64,"column":43}},"20":{"start":{"line":44,"column":4},"end":{"line":44,"column":33}},"21":{"start":{"line":44,"column":26},"end":{"line":44,"column":33}},"22":{"start":{"line":46,"column":20},"end":{"line":59,"column":18}},"23":{"start":{"line":56,"column":10},"end":{"line":56,"column":30}},"24":{"start":{"line":61,"column":4},"end":{"line":63,"column":6}},"25":{"start":{"line":62,"column":6},"end":{"line":62,"column":38}},"26":{"start":{"line":67,"column":2},"end":{"line":91,"column":26}},"27":{"start":{"line":68,"column":39},"end":{"line":77,"column":6}},"28":{"start":{"line":69,"column":25},"end":{"line":69,"column":40}},"29":{"start":{"line":70,"column":6},"end":{"line":70,"column":37}},"30":{"start":{"line":72,"column":6},"end":{"line":76,"column":7}},"31":{"start":{"line":73,"column":8},"end":{"line":73,"column":39}},"32":{"start":{"line":75,"column":8},"end":{"line":75,"column":28}},"33":{"start":{"line":80,"column":4},"end":{"line":86,"column":7}},"34":{"start":{"line":81,"column":25},"end":{"line":81,"column":40}},"35":{"start":{"line":82,"column":6},"end":{"line":82,"column":37}},"36":{"start":{"line":83,"column":6},"end":{"line":85,"column":7}},"37":{"start":{"line":84,"column":8},"end":{"line":84,"column":28}},"38":{"start":{"line":88,"column":4},"end":{"line":90,"column":6}},"39":{"start":{"line":89,"column":6},"end":{"line":89,"column":33}},"40":{"start":{"line":93,"column":2},"end":{"line":106,"column":26}},"41":{"start":{"line":95,"column":21},"end":{"line":100,"column":5}},"42":{"start":{"line":98,"column":8},"end":{"line":98,"column":28}},"43":{"start":{"line":102,"column":4},"end":{"line":105,"column":6}},"44":{"start":{"line":104,"column":6},"end":{"line":104,"column":50}},"45":{"start":{"line":108,"column":2},"end":{"line":142,"column":26}},"46":{"start":{"line":109,"column":18},"end":{"line":109,"column":22}},"47":{"start":{"line":111,"column":23},"end":{"line":121,"column":5}},"48":{"start":{"line":112,"column":6},"end":{"line":120,"column":7}},"49":{"start":{"line":113,"column":8},"end":{"line":113,"column":34}},"50":{"start":{"line":115,"column":8},"end":{"line":115,"column":72}},"51":{"start":{"line":117,"column":8},"end":{"line":119,"column":9}},"52":{"start":{"line":118,"column":10},"end":{"line":118,"column":33}},"53":{"start":{"line":123,"column":25},"end":{"line":134,"column":18}},"54":{"start":{"line":130,"column":8},"end":{"line":132,"column":9}},"55":{"start":{"line":131,"column":10},"end":{"line":131,"column":30}},"56":{"start":{"line":136,"column":4},"end":{"line":136,"column":17}},"57":{"start":{"line":138,"column":4},"end":{"line":141,"column":6}},"58":{"start":{"line":139,"column":6},"end":{"line":139,"column":22}},"59":{"start":{"line":140,"column":6},"end":{"line":140,"column":33}},"60":{"start":{"line":144,"column":23},"end":{"line":151,"column":3}},"61":{"start":{"line":153,"column":2},"end":{"line":157,"column":4}},"62":{"start":{"line":162,"column":34},"end":{"line":209,"column":1}},"63":{"start":{"line":163,"column":2},"end":{"line":208,"column":3}},"64":{"start":{"line":164,"column":24},"end":{"line":164,"column":53}},"65":{"start":{"line":165,"column":4},"end":{"line":167,"column":5}},"66":{"start":{"line":166,"column":6},"end":{"line":166,"column":47}},"67":{"start":{"line":169,"column":19},"end":{"line":169,"column":43}},"68":{"start":{"line":172,"column":56},"end":{"line":177,"column":42}},"69":{"start":{"line":179,"column":4},"end":{"line":182,"column":5}},"70":{"start":{"line":180,"column":6},"end":{"line":180,"column":67}},"71":{"start":{"line":181,"column":6},"end":{"line":181,"column":15}},"72":{"start":{"line":184,"column":4},"end":{"line":186,"column":5}},"73":{"start":{"line":185,"column":6},"end":{"line":185,"column":15}},"74":{"start":{"line":189,"column":27},"end":{"line":197,"column":6}},"75":{"start":{"line":190,"column":28},"end":{"line":190,"column":81}},"76":{"start":{"line":191,"column":24},"end":{"line":191,"column":64}},"77":{"start":{"line":193,"column":6},"end":{"line":196,"column":30}},"78":{"start":{"line":199,"column":4},"end":{"line":199,"column":38}},"79":{"start":{"line":202,"column":4},"end":{"line":202,"column":47}},"80":{"start":{"line":204,"column":4},"end":{"line":204,"column":33}},"81":{"start":{"line":206,"column":4},"end":{"line":206,"column":57}},"82":{"start":{"line":207,"column":4},"end":{"line":207,"column":13}}},"fnMap":{"0":{"name":"(anonymous_0)","decl":{"start":{"line":9,"column":21},"end":{"line":9,"column":22}},"loc":{"start":{"line":9,"column":34},"end":{"line":13,"column":1}},"line":9},"1":{"name":"(anonymous_1)","decl":{"start":{"line":11,"column":7},"end":{"line":11,"column":8}},"loc":{"start":{"line":11,"column":20},"end":{"line":11,"column":22}},"line":11},"2":{"name":"(anonymous_2)","decl":{"start":{"line":12,"column":9},"end":{"line":12,"column":10}},"loc":{"start":{"line":12,"column":22},"end":{"line":12,"column":66}},"line":12},"3":{"name":"(anonymous_3)","decl":{"start":{"line":19,"column":30},"end":{"line":19,"column":31}},"loc":{"start":{"line":19,"column":48},"end":{"line":158,"column":1}},"line":19},"4":{"name":"(anonymous_4)","decl":{"start":{"line":26,"column":40},"end":{"line":26,"column":41}},"loc":{"start":{"line":26,"column":52},"end":{"line":40,"column":3}},"line":26},"5":{"name":"(anonymous_5)","decl":{"start":{"line":43,"column":12},"end":{"line":43,"column":13}},"loc":{"start":{"line":43,"column":18},"end":{"line":64,"column":3}},"line":43},"6":{"name":"(anonymous_6)","decl":{"start":{"line":55,"column":8},"end":{"line":55,"column":9}},"loc":{"start":{"line":55,"column":14},"end":{"line":57,"column":9}},"line":55},"7":{"name":"(anonymous_7)","decl":{"start":{"line":61,"column":11},"end":{"line":61,"column":12}},"loc":{"start":{"line":61,"column":17},"end":{"line":63,"column":5}},"line":61},"8":{"name":"(anonymous_8)","decl":{"start":{"line":67,"column":12},"end":{"line":67,"column":13}},"loc":{"start":{"line":67,"column":18},"end":{"line":91,"column":3}},"line":67},"9":{"name":"(anonymous_9)","decl":{"start":{"line":68,"column":71},"end":{"line":68,"column":72}},"loc":{"start":{"line":68,"column":91},"end":{"line":77,"column":5}},"line":68},"10":{"name":"(anonymous_10)","decl":{"start":{"line":80,"column":36},"end":{"line":80,"column":37}},"loc":{"start":{"line":80,"column":63},"end":{"line":86,"column":5}},"line":80},"11":{"name":"(anonymous_11)","decl":{"start":{"line":88,"column":11},"end":{"line":88,"column":12}},"loc":{"start":{"line":88,"column":17},"end":{"line":90,"column":5}},"line":88},"12":{"name":"(anonymous_12)","decl":{"start":{"line":93,"column":12},"end":{"line":93,"column":13}},"loc":{"start":{"line":93,"column":18},"end":{"line":106,"column":3}},"line":93},"13":{"name":"(anonymous_13)","decl":{"start":{"line":97,"column":6},"end":{"line":97,"column":7}},"loc":{"start":{"line":97,"column":12},"end":{"line":99,"column":7}},"line":97},"14":{"name":"(anonymous_14)","decl":{"start":{"line":102,"column":11},"end":{"line":102,"column":12}},"loc":{"start":{"line":102,"column":17},"end":{"line":105,"column":5}},"line":102},"15":{"name":"(anonymous_15)","decl":{"start":{"line":108,"column":12},"end":{"line":108,"column":13}},"loc":{"start":{"line":108,"column":18},"end":{"line":142,"column":3}},"line":108},"16":{"name":"(anonymous_16)","decl":{"start":{"line":111,"column":23},"end":{"line":111,"column":24}},"loc":{"start":{"line":111,"column":35},"end":{"line":121,"column":5}},"line":111},"17":{"name":"(anonymous_17)","decl":{"start":{"line":129,"column":9},"end":{"line":129,"column":10}},"loc":{"start":{"line":129,"column":15},"end":{"line":133,"column":7}},"line":129},"18":{"name":"(anonymous_18)","decl":{"start":{"line":138,"column":11},"end":{"line":138,"column":12}},"loc":{"start":{"line":138,"column":17},"end":{"line":141,"column":5}},"line":138},"19":{"name":"(anonymous_19)","decl":{"start":{"line":162,"column":34},"end":{"line":162,"column":35}},"loc":{"start":{"line":162,"column":60},"end":{"line":209,"column":1}},"line":162},"20":{"name":"(anonymous_20)","decl":{"start":{"line":189,"column":46},"end":{"line":189,"column":47}},"loc":{"start":{"line":189,"column":57},"end":{"line":197,"column":5}},"line":189}},"branchMap":{"0":{"loc":{"start":{"line":28,"column":6},"end":{"line":31,"column":7}},"type":"if","locations":[{"start":{"line":28,"column":6},"end":{"line":31,"column":7}},{"start":{},"end":{}}],"line":28},"1":{"loc":{"start":{"line":44,"column":4},"end":{"line":44,"column":33}},"type":"if","locations":[{"start":{"line":44,"column":4},"end":{"line":44,"column":33}},{"start":{},"end":{}}],"line":44},"2":{"loc":{"start":{"line":72,"column":6},"end":{"line":76,"column":7}},"type":"if","locations":[{"start":{"line":72,"column":6},"end":{"line":76,"column":7}},{"start":{"line":74,"column":13},"end":{"line":76,"column":7}}],"line":72},"3":{"loc":{"start":{"line":83,"column":6},"end":{"line":85,"column":7}},"type":"if","locations":[{"start":{"line":83,"column":6},"end":{"line":85,"column":7}},{"start":{},"end":{}}],"line":83},"4":{"loc":{"start":{"line":117,"column":8},"end":{"line":119,"column":9}},"type":"if","locations":[{"start":{"line":117,"column":8},"end":{"line":119,"column":9}},{"start":{},"end":{}}],"line":117},"5":{"loc":{"start":{"line":130,"column":8},"end":{"line":132,"column":9}},"type":"if","locations":[{"start":{"line":130,"column":8},"end":{"line":132,"column":9}},{"start":{},"end":{}}],"line":130},"6":{"loc":{"start":{"line":165,"column":4},"end":{"line":167,"column":5}},"type":"if","locations":[{"start":{"line":165,"column":4},"end":{"line":167,"column":5}},{"start":{},"end":{}}],"line":165},"7":{"loc":{"start":{"line":179,"column":4},"end":{"line":182,"column":5}},"type":"if","locations":[{"start":{"line":179,"column":4},"end":{"line":182,"column":5}},{"start":{},"end":{}}],"line":179},"8":{"loc":{"start":{"line":184,"column":4},"end":{"line":186,"column":5}},"type":"if","locations":[{"start":{"line":184,"column":4},"end":{"line":186,"column":5}},{"start":{},"end":{}}],"line":184},"9":{"loc":{"start":{"line":184,"column":8},"end":{"line":184,"column":54}},"type":"binary-expr","locations":[{"start":{"line":184,"column":8},"end":{"line":184,"column":23}},{"start":{"line":184,"column":27},"end":{"line":184,"column":54}}],"line":184},"10":{"loc":{"start":{"line":190,"column":28},"end":{"line":190,"column":81}},"type":"cond-expr","locations":[{"start":{"line":190,"column":61},"end":{"line":190,"column":76}},{"start":{"line":190,"column":79},"end":{"line":190,"column":81}}],"line":190}},"s":{"0":0,"1":0,"2":0,"3":0,"4":0,"5":0,"6":0,"7":0,"8":0,"9":0,"10":0,"11":0,"12":0,"13":0,"14":0,"15":0,"16":0,"17":0,"18":0,"19":0,"20":0,"21":0,"22":0,"23":0,"24":0,"25":0,"26":0,"27":0,"28":0,"29":0,"30":0,"31":0,"32":0,"33":0,"34":0,"35":0,"36":0,"37":0,"38":0,"39":0,"40":0,"41":0,"42":0,"43":0,"44":0,"45":0,"46":0,"47":0,"48":0,"49":0,"50":0,"51":0,"52":0,"53":0,"54":0,"55":0,"56":0,"57":0,"58":0,"59":0,"60":0,"61":0,"62":0,"63":0,"64":0,"65":0,"66":0,"67":0,"68":0,"69":0,"70":0,"71":0,"72":0,"73":0,"74":0,"75":0,"76":0,"77":0,"78":0,"79":0,"80":0,"81":0,"82":0},"f":{"0":0,"1":0,"2":0,"3":0,"4":0,"5":0,"6":0,"7":0,"8":0,"9":0,"10":0,"11":0,"12":0,"13":0,"14":0,"15":0,"16":0,"17":0,"18":0,"19":0,"20":0},"b":{"0":[0,0],"1":[0,0],"2":[0,0],"3":[0,0],"4":[0,0],"5":[0,0],"6":[0,0],"7":[0,0],"8":[0,0],"9":[0,0],"10":[0,0]}}
,"/Users/user/dormsAppLast/DormMarketplaceApp/jest/setupJest.js": {"path":"/Users/user/dormsAppLast/DormMarketplaceApp/jest/setupJest.js","statementMap":{"0":{"start":{"line":1,"column":0},"end":{"line":8,"column":4}},"1":{"start":{"line":1,"column":62},"end":{"line":8,"column":1}},"2":{"start":{"line":2,"column":25},"end":{"line":2,"column":42}},"3":{"start":{"line":3,"column":25},"end":{"line":3,"column":46}},"4":{"start":{"line":4,"column":28},"end":{"line":4,"column":45}},"5":{"start":{"line":5,"column":23},"end":{"line":5,"column":40}},"6":{"start":{"line":6,"column":28},"end":{"line":6,"column":47}},"7":{"start":{"line":7,"column":26},"end":{"line":7,"column":45}}},"fnMap":{"0":{"name":"(anonymous_0)","decl":{"start":{"line":1,"column":55},"end":{"line":1,"column":56}},"loc":{"start":{"line":1,"column":62},"end":{"line":8,"column":1}},"line":1},"1":{"name":"(anonymous_1)","decl":{"start":{"line":2,"column":19},"end":{"line":2,"column":20}},"loc":{"start":{"line":2,"column":25},"end":{"line":2,"column":42}},"line":2},"2":{"name":"(anonymous_2)","decl":{"start":{"line":3,"column":19},"end":{"line":3,"column":20}},"loc":{"start":{"line":3,"column":25},"end":{"line":3,"column":46}},"line":3},"3":{"name":"(anonymous_3)","decl":{"start":{"line":4,"column":22},"end":{"line":4,"column":23}},"loc":{"start":{"line":4,"column":28},"end":{"line":4,"column":45}},"line":4},"4":{"name":"(anonymous_4)","decl":{"start":{"line":5,"column":17},"end":{"line":5,"column":18}},"loc":{"start":{"line":5,"column":23},"end":{"line":5,"column":40}},"line":5},"5":{"name":"(anonymous_5)","decl":{"start":{"line":6,"column":22},"end":{"line":6,"column":23}},"loc":{"start":{"line":6,"column":28},"end":{"line":6,"column":47}},"line":6},"6":{"name":"(anonymous_6)","decl":{"start":{"line":7,"column":20},"end":{"line":7,"column":21}},"loc":{"start":{"line":7,"column":26},"end":{"line":7,"column":45}},"line":7}},"branchMap":{},"s":{"0":0,"1":0,"2":0,"3":0,"4":0,"5":0,"6":0,"7":0},"f":{"0":0,"1":0,"2":0,"3":0,"4":0,"5":0,"6":0},"b":{}}
,"/Users/user/dormsAppLast/DormMarketplaceApp/navigation/AppNavigator.js": {"path":"/Users/user/dormsAppLast/DormMarketplaceApp/navigation/AppNavigator.js","statementMap":{"0":{"start":{"line":14,"column":21},"end":{"line":20,"column":1}},"1":{"start":{"line":15,"column":2},"end":{"line":15,"column":24}},"2":{"start":{"line":15,"column":12},"end":{"line":15,"column":24}},"3":{"start":{"line":16,"column":2},"end":{"line":16,"column":41}},"4":{"start":{"line":16,"column":30},"end":{"line":16,"column":41}},"5":{"start":{"line":17,"column":2},"end":{"line":19,"column":40}},"6":{"start":{"line":35,"column":14},"end":{"line":35,"column":36}},"7":{"start":{"line":36,"column":12},"end":{"line":36,"column":38}},"8":{"start":{"line":39,"column":21},"end":{"line":101,"column":1}},"9":{"start":{"line":40,"column":16},"end":{"line":40,"column":32}},"10":{"start":{"line":41,"column":39},"end":{"line":41,"column":64}},"11":{"start":{"line":43,"column":2},"end":{"line":100,"column":4}},"12":{"start":{"line":45,"column":37},"end":{"line":73,"column":7}},"13":{"start":{"line":50,"column":10},"end":{"line":66,"column":11}},"14":{"start":{"line":52,"column":14},"end":{"line":52,"column":59}},"15":{"start":{"line":53,"column":14},"end":{"line":53,"column":20}},"16":{"start":{"line":55,"column":14},"end":{"line":55,"column":73}},"17":{"start":{"line":56,"column":14},"end":{"line":56,"column":20}},"18":{"start":{"line":58,"column":14},"end":{"line":58,"column":71}},"19":{"start":{"line":59,"column":14},"end":{"line":59,"column":20}},"20":{"start":{"line":61,"column":14},"end":{"line":61,"column":63}},"21":{"start":{"line":62,"column":14},"end":{"line":62,"column":20}},"22":{"start":{"line":64,"column":14},"end":{"line":64,"column":43}},"23":{"start":{"line":65,"column":14},"end":{"line":65,"column":20}},"24":{"start":{"line":68,"column":10},"end":{"line":68,"column":72}},"25":{"start":{"line":104,"column":21},"end":{"line":263,"column":1}},"26":{"start":{"line":105,"column":16},"end":{"line":105,"column":32}},"27":{"start":{"line":106,"column":38},"end":{"line":106,"column":53}},"28":{"start":{"line":108,"column":2},"end":{"line":130,"column":9}},"29":{"start":{"line":110,"column":25},"end":{"line":113,"column":5}},"30":{"start":{"line":111,"column":25},"end":{"line":111,"column":74}},"31":{"start":{"line":112,"column":6},"end":{"line":112,"column":34}},"32":{"start":{"line":115,"column":4},"end":{"line":115,"column":19}},"33":{"start":{"line":118,"column":39},"end":{"line":125,"column":6}},"34":{"start":{"line":119,"column":6},"end":{"line":119,"column":40}},"35":{"start":{"line":120,"column":6},"end":{"line":124,"column":7}},"36":{"start":{"line":121,"column":8},"end":{"line":121,"column":28}},"37":{"start":{"line":122,"column":13},"end":{"line":124,"column":7}},"38":{"start":{"line":123,"column":8},"end":{"line":123,"column":29}},"39":{"start":{"line":127,"column":4},"end":{"line":129,"column":6}},"40":{"start":{"line":128,"column":6},"end":{"line":128,"column":34}},"41":{"start":{"line":132,"column":2},"end":{"line":262,"column":4}},"42":{"start":{"line":160,"column":49},"end":{"line":214,"column":13}},"43":{"start":{"line":165,"column":16},"end":{"line":170,"column":35}},"44":{"start":{"line":167,"column":33},"end":{"line":167,"column":52}},"45":{"start":{"line":173,"column":16},"end":{"line":186,"column":23}},"46":{"start":{"line":189,"column":16},"end":{"line":206,"column":35}},"47":{"start":{"line":192,"column":20},"end":{"line":197,"column":21}},"48":{"start":{"line":193,"column":22},"end":{"line":196,"column":25}},"49":{"start":{"line":265,"column":15},"end":{"line":289,"column":2}},"50":{"start":{"line":294,"column":0},"end":{"line":302,"column":3}}},"fnMap":{"0":{"name":"(anonymous_0)","decl":{"start":{"line":14,"column":21},"end":{"line":14,"column":22}},"loc":{"start":{"line":14,"column":30},"end":{"line":20,"column":1}},"line":14},"1":{"name":"(anonymous_1)","decl":{"start":{"line":39,"column":21},"end":{"line":39,"column":22}},"loc":{"start":{"line":39,"column":27},"end":{"line":101,"column":1}},"line":39},"2":{"name":"(anonymous_2)","decl":{"start":{"line":45,"column":21},"end":{"line":45,"column":22}},"loc":{"start":{"line":45,"column":37},"end":{"line":73,"column":7}},"line":45},"3":{"name":"(anonymous_3)","decl":{"start":{"line":47,"column":20},"end":{"line":47,"column":21}},"loc":{"start":{"line":47,"column":50},"end":{"line":69,"column":9}},"line":47},"4":{"name":"(anonymous_4)","decl":{"start":{"line":104,"column":21},"end":{"line":104,"column":22}},"loc":{"start":{"line":104,"column":27},"end":{"line":263,"column":1}},"line":104},"5":{"name":"(anonymous_5)","decl":{"start":{"line":108,"column":12},"end":{"line":108,"column":13}},"loc":{"start":{"line":108,"column":18},"end":{"line":130,"column":3}},"line":108},"6":{"name":"(anonymous_6)","decl":{"start":{"line":110,"column":25},"end":{"line":110,"column":26}},"loc":{"start":{"line":110,"column":37},"end":{"line":113,"column":5}},"line":110},"7":{"name":"(anonymous_7)","decl":{"start":{"line":118,"column":71},"end":{"line":118,"column":72}},"loc":{"start":{"line":118,"column":91},"end":{"line":125,"column":5}},"line":118},"8":{"name":"(anonymous_8)","decl":{"start":{"line":127,"column":11},"end":{"line":127,"column":12}},"loc":{"start":{"line":127,"column":17},"end":{"line":129,"column":5}},"line":127},"9":{"name":"(anonymous_9)","decl":{"start":{"line":160,"column":21},"end":{"line":160,"column":22}},"loc":{"start":{"line":160,"column":49},"end":{"line":214,"column":13}},"line":160},"10":{"name":"(anonymous_10)","decl":{"start":{"line":164,"column":26},"end":{"line":164,"column":27}},"loc":{"start":{"line":165,"column":16},"end":{"line":170,"column":35}},"line":165},"11":{"name":"(anonymous_11)","decl":{"start":{"line":167,"column":27},"end":{"line":167,"column":28}},"loc":{"start":{"line":167,"column":33},"end":{"line":167,"column":52}},"line":167},"12":{"name":"(anonymous_12)","decl":{"start":{"line":172,"column":27},"end":{"line":172,"column":28}},"loc":{"start":{"line":173,"column":16},"end":{"line":186,"column":23}},"line":173},"13":{"name":"(anonymous_13)","decl":{"start":{"line":188,"column":27},"end":{"line":188,"column":28}},"loc":{"start":{"line":189,"column":16},"end":{"line":206,"column":35}},"line":189},"14":{"name":"(anonymous_14)","decl":{"start":{"line":191,"column":27},"end":{"line":191,"column":28}},"loc":{"start":{"line":191,"column":33},"end":{"line":198,"column":19}},"line":191}},"branchMap":{"0":{"loc":{"start":{"line":15,"column":2},"end":{"line":15,"column":24}},"type":"if","locations":[{"start":{"line":15,"column":2},"end":{"line":15,"column":24}},{"start":{},"end":{}}],"line":15},"1":{"loc":{"start":{"line":16,"column":2},"end":{"line":16,"column":41}},"type":"if","locations":[{"start":{"line":16,"column":2},"end":{"line":16,"column":41}},{"start":{},"end":{}}],"line":16},"2":{"loc":{"start":{"line":50,"column":10},"end":{"line":66,"column":11}},"type":"switch","locations":[{"start":{"line":51,"column":12},"end":{"line":53,"column":20}},{"start":{"line":54,"column":12},"end":{"line":56,"column":20}},{"start":{"line":57,"column":12},"end":{"line":59,"column":20}},{"start":{"line":60,"column":12},"end":{"line":62,"column":20}},{"start":{"line":63,"column":12},"end":{"line":65,"column":20}}],"line":50},"3":{"loc":{"start":{"line":52,"column":25},"end":{"line":52,"column":58}},"type":"cond-expr","locations":[{"start":{"line":52,"column":35},"end":{"line":52,"column":41}},{"start":{"line":52,"column":44},"end":{"line":52,"column":58}}],"line":52},"4":{"loc":{"start":{"line":55,"column":25},"end":{"line":55,"column":72}},"type":"cond-expr","locations":[{"start":{"line":55,"column":35},"end":{"line":55,"column":48}},{"start":{"line":55,"column":51},"end":{"line":55,"column":72}}],"line":55},"5":{"loc":{"start":{"line":58,"column":25},"end":{"line":58,"column":70}},"type":"cond-expr","locations":[{"start":{"line":58,"column":35},"end":{"line":58,"column":47}},{"start":{"line":58,"column":50},"end":{"line":58,"column":70}}],"line":58},"6":{"loc":{"start":{"line":61,"column":25},"end":{"line":61,"column":62}},"type":"cond-expr","locations":[{"start":{"line":61,"column":35},"end":{"line":61,"column":43}},{"start":{"line":61,"column":46},"end":{"line":61,"column":62}}],"line":61},"7":{"loc":{"start":{"line":86,"column":23},"end":{"line":86,"column":90}},"type":"cond-expr","locations":[{"start":{"line":86,"column":54},"end":{"line":86,"column":78}},{"start":{"line":86,"column":81},"end":{"line":86,"column":90}}],"line":86},"8":{"loc":{"start":{"line":120,"column":6},"end":{"line":124,"column":7}},"type":"if","locations":[{"start":{"line":120,"column":6},"end":{"line":124,"column":7}},{"start":{"line":122,"column":13},"end":{"line":124,"column":7}}],"line":120},"9":{"loc":{"start":{"line":122,"column":13},"end":{"line":124,"column":7}},"type":"if","locations":[{"start":{"line":122,"column":13},"end":{"line":124,"column":7}},{"start":{},"end":{}}],"line":122},"10":{"loc":{"start":{"line":147,"column":7},"end":{"line":260,"column":7}},"type":"cond-expr","locations":[{"start":{"line":149,"column":8},"end":{"line":152,"column":11}},{"start":{"line":155,"column":8},"end":{"line":259,"column":11}}],"line":147},"11":{"loc":{"start":{"line":176,"column":22},"end":{"line":178,"column":65}},"type":"cond-expr","locations":[{"start":{"line":177,"column":26},"end":{"line":177,"column":89}},{"start":{"line":178,"column":26},"end":{"line":178,"column":65}}],"line":176},"12":{"loc":{"start":{"line":184,"column":21},"end":{"line":184,"column":71}},"type":"binary-expr","locations":[{"start":{"line":184,"column":21},"end":{"line":184,"column":61}},{"start":{"line":184,"column":65},"end":{"line":184,"column":71}}],"line":184},"13":{"loc":{"start":{"line":192,"column":20},"end":{"line":197,"column":21}},"type":"if","locations":[{"start":{"line":192,"column":20},"end":{"line":197,"column":21}},{"start":{},"end":{}}],"line":192},"14":{"loc":{"start":{"line":204,"column":27},"end":{"line":204,"column":73}},"type":"cond-expr","locations":[{"start":{"line":204,"column":53},"end":{"line":204,"column":59}},{"start":{"line":204,"column":62},"end":{"line":204,"column":73}}],"line":204}},"s":{"0":0,"1":0,"2":0,"3":0,"4":0,"5":0,"6":0,"7":0,"8":0,"9":0,"10":0,"11":0,"12":0,"13":0,"14":0,"15":0,"16":0,"17":0,"18":0,"19":0,"20":0,"21":0,"22":0,"23":0,"24":0,"25":0,"26":0,"27":0,"28":0,"29":0,"30":0,"31":0,"32":0,"33":0,"34":0,"35":0,"36":0,"37":0,"38":0,"39":0,"40":0,"41":0,"42":0,"43":0,"44":0,"45":0,"46":0,"47":0,"48":0,"49":0,"50":0},"f":{"0":0,"1":0,"2":0,"3":0,"4":0,"5":0,"6":0,"7":0,"8":0,"9":0,"10":0,"11":0,"12":0,"13":0,"14":0},"b":{"0":[0,0],"1":[0,0],"2":[0,0,0,0,0],"3":[0,0],"4":[0,0],"5":[0,0],"6":[0,0],"7":[0,0],"8":[0,0],"9":[0,0],"10":[0,0],"11":[0,0],"12":[0,0],"13":[0,0],"14":[0,0]}}
,"/Users/user/dormsAppLast/DormMarketplaceApp/navigation/TabNavigator.js": {"path":"/Users/user/dormsAppLast/DormMarketplaceApp/navigation/TabNavigator.js","statementMap":{"0":{"start":{"line":14,"column":12},"end":{"line":14,"column":38}},"1":{"start":{"line":16,"column":21},"end":{"line":58,"column":1}},"2":{"start":{"line":17,"column":39},"end":{"line":17,"column":64}},"3":{"start":{"line":19,"column":2},"end":{"line":57,"column":4}},"4":{"start":{"line":21,"column":37},"end":{"line":48,"column":7}},"5":{"start":{"line":25,"column":10},"end":{"line":31,"column":11}},"6":{"start":{"line":26,"column":12},"end":{"line":26,"column":57}},"7":{"start":{"line":27,"column":17},"end":{"line":31,"column":11}},"8":{"start":{"line":28,"column":12},"end":{"line":28,"column":71}},"9":{"start":{"line":29,"column":17},"end":{"line":31,"column":11}},"10":{"start":{"line":30,"column":12},"end":{"line":30,"column":65}},"11":{"start":{"line":33,"column":10},"end":{"line":44,"column":12}},"12":{"start":{"line":60,"column":15},"end":{"line":79,"column":2}}},"fnMap":{"0":{"name":"(anonymous_0)","decl":{"start":{"line":16,"column":21},"end":{"line":16,"column":22}},"loc":{"start":{"line":16,"column":27},"end":{"line":58,"column":1}},"line":16},"1":{"name":"(anonymous_1)","decl":{"start":{"line":21,"column":21},"end":{"line":21,"column":22}},"loc":{"start":{"line":21,"column":37},"end":{"line":48,"column":7}},"line":21},"2":{"name":"(anonymous_2)","decl":{"start":{"line":22,"column":20},"end":{"line":22,"column":21}},"loc":{"start":{"line":22,"column":50},"end":{"line":45,"column":9}},"line":22}},"branchMap":{"0":{"loc":{"start":{"line":25,"column":10},"end":{"line":31,"column":11}},"type":"if","locations":[{"start":{"line":25,"column":10},"end":{"line":31,"column":11}},{"start":{"line":27,"column":17},"end":{"line":31,"column":11}}],"line":25},"1":{"loc":{"start":{"line":26,"column":23},"end":{"line":26,"column":56}},"type":"cond-expr","locations":[{"start":{"line":26,"column":33},"end":{"line":26,"column":39}},{"start":{"line":26,"column":42},"end":{"line":26,"column":56}}],"line":26},"2":{"loc":{"start":{"line":27,"column":17},"end":{"line":31,"column":11}},"type":"if","locations":[{"start":{"line":27,"column":17},"end":{"line":31,"column":11}},{"start":{"line":29,"column":17},"end":{"line":31,"column":11}}],"line":27},"3":{"loc":{"start":{"line":28,"column":23},"end":{"line":28,"column":70}},"type":"cond-expr","locations":[{"start":{"line":28,"column":33},"end":{"line":28,"column":46}},{"start":{"line":28,"column":49},"end":{"line":28,"column":70}}],"line":28},"4":{"loc":{"start":{"line":29,"column":17},"end":{"line":31,"column":11}},"type":"if","locations":[{"start":{"line":29,"column":17},"end":{"line":31,"column":11}},{"start":{},"end":{}}],"line":29},"5":{"loc":{"start":{"line":30,"column":23},"end":{"line":30,"column":64}},"type":"cond-expr","locations":[{"start":{"line":30,"column":33},"end":{"line":30,"column":43}},{"start":{"line":30,"column":46},"end":{"line":30,"column":64}}],"line":30},"6":{"loc":{"start":{"line":36,"column":15},"end":{"line":42,"column":15}},"type":"binary-expr","locations":[{"start":{"line":36,"column":15},"end":{"line":36,"column":40}},{"start":{"line":36,"column":44},"end":{"line":36,"column":72}},{"start":{"line":37,"column":16},"end":{"line":41,"column":23}}],"line":36},"7":{"loc":{"start":{"line":39,"column":21},"end":{"line":39,"column":85}},"type":"cond-expr","locations":[{"start":{"line":39,"column":53},"end":{"line":39,"column":58}},{"start":{"line":39,"column":61},"end":{"line":39,"column":85}}],"line":39}},"s":{"0":0,"1":0,"2":0,"3":0,"4":0,"5":0,"6":0,"7":0,"8":0,"9":0,"10":0,"11":0,"12":0},"f":{"0":0,"1":0,"2":0},"b":{"0":[0,0],"1":[0,0],"2":[0,0],"3":[0,0],"4":[0,0],"5":[0,0],"6":[0,0,0],"7":[0,0]}}
,"/Users/user/dormsAppLast/DormMarketplaceApp/navigation/navigation.js": {"path":"/Users/user/dormsAppLast/DormMarketplaceApp/navigation/navigation.js","statementMap":{"0":{"start":{"line":3,"column":26},"end":{"line":34,"column":1}},"1":{"start":{"line":4,"column":48},"end":{"line":4,"column":63}},"2":{"start":{"line":5,"column":48},"end":{"line":5,"column":62}},"3":{"start":{"line":7,"column":2},"end":{"line":17,"column":9}},"4":{"start":{"line":8,"column":24},"end":{"line":14,"column":6}},"5":{"start":{"line":9,"column":6},"end":{"line":13,"column":7}},"6":{"start":{"line":10,"column":8},"end":{"line":10,"column":38}},"7":{"start":{"line":12,"column":8},"end":{"line":12,"column":37}},"8":{"start":{"line":16,"column":4},"end":{"line":16,"column":31}},"9":{"start":{"line":16,"column":17},"end":{"line":16,"column":30}},"10":{"start":{"line":19,"column":2},"end":{"line":21,"column":3}},"11":{"start":{"line":20,"column":4},"end":{"line":20,"column":61}},"12":{"start":{"line":23,"column":2},"end":{"line":33,"column":4}},"13":{"start":{"line":27,"column":10},"end":{"line":27,"column":46}}},"fnMap":{"0":{"name":"(anonymous_0)","decl":{"start":{"line":3,"column":26},"end":{"line":3,"column":27}},"loc":{"start":{"line":3,"column":32},"end":{"line":34,"column":1}},"line":3},"1":{"name":"(anonymous_1)","decl":{"start":{"line":7,"column":12},"end":{"line":7,"column":13}},"loc":{"start":{"line":7,"column":18},"end":{"line":17,"column":3}},"line":7},"2":{"name":"(anonymous_2)","decl":{"start":{"line":8,"column":56},"end":{"line":8,"column":57}},"loc":{"start":{"line":8,"column":76},"end":{"line":14,"column":5}},"line":8},"3":{"name":"(anonymous_3)","decl":{"start":{"line":16,"column":11},"end":{"line":16,"column":12}},"loc":{"start":{"line":16,"column":17},"end":{"line":16,"column":30}},"line":16},"4":{"name":"(anonymous_4)","decl":{"start":{"line":26,"column":15},"end":{"line":26,"column":16}},"loc":{"start":{"line":26,"column":22},"end":{"line":28,"column":9}},"line":26}},"branchMap":{"0":{"loc":{"start":{"line":19,"column":2},"end":{"line":21,"column":3}},"type":"if","locations":[{"start":{"line":19,"column":2},"end":{"line":21,"column":3}},{"start":{},"end":{}}],"line":19}},"s":{"0":0,"1":0,"2":0,"3":0,"4":0,"5":0,"6":0,"7":0,"8":0,"9":0,"10":0,"11":0,"12":0,"13":0},"f":{"0":0,"1":0,"2":0,"3":0,"4":0},"b":{"0":[0,0]}}
[...]
start":{"line":1,"column":35},"end":{"line":26,"column":1}},"1":{"start":{"line":2,"column":17},"end":{"line":2,"column":19}},"2":{"start":{"line":4,"column":2},"end":{"line":6,"column":3}},"3":{"start":{"line":5,"column":4},"end":{"line":5,"column":36}},"4":{"start":{"line":8,"column":2},"end":{"line":12,"column":3}},"5":{"start":{"line":9,"column":4},"end":{"line":9,"column":44}},"6":{"start":{"line":10,"column":9},"end":{"line":12,"column":3}},"7":{"start":{"line":11,"column":4},"end":{"line":11,"column":44}},"8":{"start":{"line":14,"column":2},"end":{"line":16,"column":3}},"9":{"start":{"line":15,"column":4},"end":{"line":15,"column":49}},"10":{"start":{"line":18,"column":2},"end":{"line":20,"column":3}},"11":{"start":{"line":19,"column":4},"end":{"line":19,"column":44}},"12":{"start":{"line":22,"column":2},"end":{"line":25,"column":4}}},"fnMap":{"0":{"name":"(anonymous_0)","decl":{"start":{"line":1,"column":35},"end":{"line":1,"column":36}},"loc":{"start":{"line":1,"column":52},"end":{"line":26,"column":1}},"line":1}},"branchMap":{"0":{"loc":{"start":{"line":4,"column":2},"end":{"line":6,"column":3}},"type":"if","locations":[{"start":{"line":4,"column":2},"end":{"line":6,"column":3}},{"start":{},"end":{}}],"line":4},"1":{"loc":{"start":{"line":8,"column":2},"end":{"line":12,"column":3}},"type":"if","locations":[{"start":{"line":8,"column":2},"end":{"line":12,"column":3}},{"start":{"line":10,"column":9},"end":{"line":12,"column":3}}],"line":8},"2":{"loc":{"start":{"line":10,"column":9},"end":{"line":12,"column":3}},"type":"if","locations":[{"start":{"line":10,"column":9},"end":{"line":12,"column":3}},{"start":{},"end":{}}],"line":10},"3":{"loc":{"start":{"line":14,"column":2},"end":{"line":16,"column":3}},"type":"if","locations":[{"start":{"line":14,"column":2},"end":{"line":16,"column":3}},{"start":{},"end":{}}],"line":14},"4":{"loc":{"start":{"line":14,"column":6},"end":{"line":14,"column":73}},"type":"binary-expr","locations":[{"start":{"line":14,"column":6},"end":{"line":14,"column":26}},{"start":{"line":14,"column":30},"end":{"line":14,"column":73}}],"line":14},"5":{"loc":{"start":{"line":18,"column":2},"end":{"line":20,"column":3}},"type":"if","locations":[{"start":{"line":18,"column":2},"end":{"line":20,"column":3}},{"start":{},"end":{}}],"line":18},"6":{"loc":{"start":{"line":18,"column":6},"end":{"line":18,"column":55}},"type":"binary-expr","locations":[{"start":{"line":18,"column":6},"end":{"line":18,"column":23}},{"start":{"line":18,"column":27},"end":{"line":18,"column":55}}],"line":18}},"s":{"0":0,"1":0,"2":0,"3":0,"4":0,"5":0,"6":0,"7":0,"8":0,"9":0,"10":0,"11":0,"12":0},"f":{"0":0},"b":{"0":[0,0],"1":[0,0],"2":[0,0],"3":[0,0],"4":[0,0],"5":[0,0],"6":[0,0]}}
,"/Users/user/dormsAppLast/DormMarketplaceApp/utils/serviceErrorHandler.js": {"path":"/Users/user/dormsAppLast/DormMarketplaceApp/utils/serviceErrorHandler.js","statementMap":{"0":{"start":{"line":4,"column":35},"end":{"line":9,"column":1}},"1":{"start":{"line":13,"column":4},"end":{"line":13,"column":45}},"2":{"start":{"line":17,"column":34},"end":{"line":52,"column":1}},"3":{"start":{"line":18,"column":2},"end":{"line":18,"column":51}},"4":{"start":{"line":20,"column":2},"end":{"line":51,"column":3}},"5":{"start":{"line":22,"column":6},"end":{"line":26,"column":8}},"6":{"start":{"line":27,"column":6},"end":{"line":27,"column":12}},"7":{"start":{"line":30,"column":6},"end":{"line":34,"column":8}},"8":{"start":{"line":35,"column":6},"end":{"line":35,"column":12}},"9":{"start":{"line":38,"column":6},"end":{"line":42,"column":8}},"10":{"start":{"line":43,"column":6},"end":{"line":43,"column":12}},"11":{"start":{"line":46,"column":6},"end":{"line":50,"column":8}}},"fnMap":{"0":{"name":"(anonymous_0)","decl":{"start":{"line":12,"column":2},"end":{"line":12,"column":3}},"loc":{"start":{"line":12,"column":83},"end":{"line":14,"column":3}},"line":12},"1":{"name":"(anonymous_1)","decl":{"start":{"line":17,"column":34},"end":{"line":17,"column":35}},"loc":{"start":{"line":17,"column":66},"end":{"line":52,"column":1}},"line":17}},"branchMap":{"0":{"loc":{"start":{"line":12,"column":23},"end":{"line":12,"column":67}},"type":"default-arg","locations":[{"start":{"line":12,"column":30},"end":{"line":12,"column":67}}],"line":12},"1":{"loc":{"start":{"line":12,"column":69},"end":{"line":12,"column":81}},"type":"default-arg","locations":[{"start":{"line":12,"column":79},"end":{"line":12,"column":81}}],"line":12},"2":{"loc":{"start":{"line":17,"column":45},"end":{"line":17,"column":61}},"type":"default-arg","locations":[{"start":{"line":17,"column":52},"end":{"line":17,"column":61}}],"line":17},"3":{"loc":{"start":{"line":20,"column":2},"end":{"line":51,"column":3}},"type":"switch","locations":[{"start":{"line":21,"column":4},"end":{"line":27,"column":12}},{"start":{"line":29,"column":4},"end":{"line":35,"column":12}},{"start":{"line":37,"column":4},"end":{"line":43,"column":12}},{"start":{"line":45,"column":4},"end":{"line":50,"column":8}}],"line":20}},"s":{"0":0,"1":0,"2":0,"3":0,"4":0,"5":0,"6":0,"7":0,"8":0,"9":0,"10":0,"11":0},"f":{"0":0,"1":0},"b":{"0":[0],"1":[0],"2":[0],"3":[0,0,0,0]}}
,"/Users/user/dormsAppLast/DormMarketplaceApp/utils/signupErrorHandler.js": {"path":"/Users/user/dormsAppLast/DormMarketplaceApp/utils/signupErrorHandler.js","statementMap":{"0":{"start":{"line":4,"column":34},"end":{"line":13,"column":1}},"1":{"start":{"line":15,"column":33},"end":{"line":82,"column":1}},"2":{"start":{"line":16,"column":2},"end":{"line":16,"column":50}},"3":{"start":{"line":18,"column":2},"end":{"line":81,"column":3}},"4":{"start":{"line":20,"column":6},"end":{"line":23,"column":8}},"5":{"start":{"line":26,"column":6},"end":{"line":29,"column":8}},"6":{"start":{"line":32,"column":6},"end":{"line":35,"column":8}},"7":{"start":{"line":38,"column":6},"end":{"line":41,"column":8}},"8":{"start":{"line":44,"column":6},"end":{"line":48,"column":8}},"9":{"start":{"line":49,"column":6},"end":{"line":49,"column":12}},"10":{"start":{"line":52,"column":6},"end":{"line":56,"column":8}},"11":{"start":{"line":57,"column":6},"end":{"line":57,"column":12}},"12":{"start":{"line":60,"column":6},"end":{"line":64,"column":8}},"13":{"start":{"line":65,"column":6},"end":{"line":65,"column":12}},"14":{"start":{"line":68,"column":6},"end":{"line":72,"column":8}},"15":{"start":{"line":73,"column":6},"end":{"line":73,"column":12}},"16":{"start":{"line":76,"column":6},"end":{"line":80,"column":8}}},"fnMap":{"0":{"name":"(anonymous_0)","decl":{"start":{"line":15,"column":33},"end":{"line":15,"column":34}},"loc":{"start":{"line":15,"column":74},"end":{"line":82,"column":1}},"line":15}},"branchMap":{"0":{"loc":{"start":{"line":15,"column":44},"end":{"line":15,"column":69}},"type":"default-arg","locations":[{"start":{"line":15,"column":51},"end":{"line":15,"column":69}}],"line":15},"1":{"loc":{"start":{"line":18,"column":2},"end":{"line":81,"column":3}},"type":"switch","locations":[{"start":{"line":19,"column":4},"end":{"line":23,"column":8}},{"start":{"line":25,"column":4},"end":{"line":29,"column":8}},{"start":{"line":31,"column":4},"end":{"line":35,"column":8}},{"start":{"line":37,"column":4},"end":{"line":41,"column":8}},{"start":{"line":43,"column":4},"end":{"line":49,"column":12}},{"start":{"line":51,"column":4},"end":{"line":57,"column":12}},{"start":{"line":59,"column":4},"end":{"line":65,"column":12}},{"start":{"line":67,"column":4},"end":{"line":73,"column":12}},{"start":{"line":75,"column":4},"end":{"line":80,"column":8}}],"line":18}},"s":{"0":0,"1":0,"2":0,"3":0,"4":0,"5":0,"6":0,"7":0,"8":0,"9":0,"10":0,"11":0,"12":0,"13":0,"14":0,"15":0,"16":0},"f":{"0":0},"b":{"0":[0],"1":[0,0,0,0,0,0,0,0,0]}}
,"/Users/user/dormsAppLast/DormMarketplaceApp/utils/storageErrorHandler.js": {"path":"/Users/user/dormsAppLast/DormMarketplaceApp/utils/storageErrorHandler.js","statementMap":{"0":{"start":{"line":4,"column":35},"end":{"line":9,"column":1}},"1":{"start":{"line":13,"column":4},"end":{"line":13,"column":45}},"2":{"start":{"line":17,"column":34},"end":{"line":52,"column":1}},"3":{"start":{"line":18,"column":2},"end":{"line":18,"column":51}},"4":{"start":{"line":20,"column":2},"end":{"line":51,"column":3}},"5":{"start":{"line":22,"column":6},"end":{"line":26,"column":8}},"6":{"start":{"line":27,"column":6},"end":{"line":27,"column":12}},"7":{"start":{"line":30,"column":6},"end":{"line":34,"column":8}},"8":{"start":{"line":35,"column":6},"end":{"line":35,"column":12}},"9":{"start":{"line":38,"column":6},"end":{"line":42,"column":8}},"10":{"start":{"line":43,"column":6},"end":{"line":43,"column":12}},"11":{"start":{"line":46,"column":6},"end":{"line":50,"column":8}}},"fnMap":{"0":{"name":"(anonymous_0)","decl":{"start":{"line":12,"column":2},"end":{"line":12,"column":3}},"loc":{"start":{"line":12,"column":78},"end":{"line":14,"column":3}},"line":12},"1":{"name":"(anonymous_1)","decl":{"start":{"line":17,"column":34},"end":{"line":17,"column":35}},"loc":{"start":{"line":17,"column":66},"end":{"line":52,"column":1}},"line":17}},"branchMap":{"0":{"loc":{"start":{"line":12,"column":23},"end":{"line":12,"column":62}},"type":"default-arg","locations":[{"start":{"line":12,"column":30},"end":{"line":12,"column":62}}],"line":12},"1":{"loc":{"start":{"line":12,"column":64},"end":{"line":12,"column":76}},"type":"default-arg","locations":[{"start":{"line":12,"column":74},"end":{"line":12,"column":76}}],"line":12},"2":{"loc":{"start":{"line":17,"column":45},"end":{"line":17,"column":61}},"type":"default-arg","locations":[{"start":{"line":17,"column":52},"end":{"line":17,"column":61}}],"line":17},"3":{"loc":{"start":{"line":20,"column":2},"end":{"line":51,"column":3}},"type":"switch","locations":[{"start":{"line":21,"column":4},"end":{"line":27,"column":12}},{"start":{"line":29,"column":4},"end":{"line":35,"column":12}},{"start":{"line":37,"column":4},"end":{"line":43,"column":12}},{"start":{"line":45,"column":4},"end":{"line":50,"column":8}}],"line":20}},"s":{"0":0,"1":0,"2":0,"3":0,"4":0,"5":0,"6":0,"7":0,"8":0,"9":0,"10":0,"11":0},"f":{"0":0,"1":0},"b":{"0":[0],"1":[0],"2":[0],"3":[0,0,0,0]}}
,"/Users/user/dormsAppLast/DormMarketplaceApp/utils/validation.js": {"path":"/Users/user/dormsAppLast/DormMarketplaceApp/utils/validation.js","statementMap":{"0":{"start":{"line":1,"column":29},"end":{"line":5,"column":1}},"1":{"start":{"line":2,"column":2},"end":{"line":2,"column":27}},"2":{"start":{"line":2,"column":14},"end":{"line":2,"column":27}},"3":{"start":{"line":3,"column":21},"end":{"line":3,"column":49}},"4":{"start":{"line":4,"column":2},"end":{"line":4,"column":32}},"5":{"start":{"line":7,"column":32},"end":{"line":10,"column":1}},"6":{"start":{"line":8,"column":2},"end":{"line":8,"column":30}},"7":{"start":{"line":8,"column":17},"end":{"line":8,"column":30}},"8":{"start":{"line":9,"column":2},"end":{"line":9,"column":30}},"9":{"start":{"line":12,"column":29},"end":{"line":16,"column":1}},"10":{"start":{"line":13,"column":2},"end":{"line":13,"column":27}},"11":{"start":{"line":13,"column":14},"end":{"line":13,"column":27}},"12":{"start":{"line":14,"column":21},"end":{"line":14,"column":40}},"13":{"start":{"line":15,"column":2},"end":{"line":15,"column":32}},"14":{"start":{"line":18,"column":32},"end":{"line":21,"column":1}},"15":{"start":{"line":19,"column":2},"end":{"line":19,"column":30}},"16":{"start":{"line":19,"column":17},"end":{"line":19,"column":30}},"17":{"start":{"line":20,"column":2},"end":{"line":20,"column":30}},"18":{"start":{"line":23,"column":34},"end":{"line":26,"column":1}},"19":{"start":{"line":24,"column":2},"end":{"line":24,"column":71}},"20":{"start":{"line":24,"column":58},"end":{"line":24,"column":71}},"21":{"start":{"line":25,"column":2},"end":{"line":25,"column":36}}},"fnMap":{"0":{"name":"(anonymous_0)","decl":{"start":{"line":1,"column":29},"end":{"line":1,"column":30}},"loc":{"start":{"line":1,"column":40},"end":{"line":5,"column":1}},"line":1},"1":{"name":"(anonymous_1)","decl":{"start":{"line":7,"column":32},"end":{"line":7,"column":33}},"loc":{"start":{"line":7,"column":46},"end":{"line":10,"column":1}},"line":7},"2":{"name":"(anonymous_2)","decl":{"start":{"line":12,"column":29},"end":{"line":12,"column":30}},"loc":{"start":{"line":12,"column":40},"end":{"line":16,"column":1}},"line":12},"3":{"name":"(anonymous_3)","decl":{"start":{"line":18,"column":32},"end":{"line":18,"column":33}},"loc":{"start":{"line":18,"column":46},"end":{"line":21,"column":1}},"line":18},"4":{"name":"(anonymous_4)","decl":{"start":{"line":23,"column":34},"end":{"line":23,"column":35}},"loc":{"start":{"line":23,"column":44},"end":{"line":26,"column":1}},"line":23}},"branchMap":{"0":{"loc":{"start":{"line":2,"column":2},"end":{"line":2,"column":27}},"type":"if","locations":[{"start":{"line":2,"column":2},"end":{"line":2,"column":27}},{"start":{},"end":{}}],"line":2},"1":{"loc":{"start":{"line":8,"column":2},"end":{"line":8,"column":30}},"type":"if","locations":[{"start":{"line":8,"column":2},"end":{"line":8,"column":30}},{"start":{},"end":{}}],"line":8},"2":{"loc":{"start":{"line":13,"column":2},"end":{"line":13,"column":27}},"type":"if","locations":[{"start":{"line":13,"column":2},"end":{"line":13,"column":27}},{"start":{},"end":{}}],"line":13},"3":{"loc":{"start":{"line":19,"column":2},"end":{"line":19,"column":30}},"type":"if","locations":[{"start":{"line":19,"column":2},"end":{"line":19,"column":30}},{"start":{},"end":{}}],"line":19},"4":{"loc":{"start":{"line":24,"column":2},"end":{"line":24,"column":71}},"type":"if","locations":[{"start":{"line":24,"column":2},"end":{"line":24,"column":71}},{"start":{},"end":{}}],"line":24},"5":{"loc":{"start":{"line":24,"column":6},"end":{"line":24,"column":56}},"type":"binary-expr","locations":[{"start":{"line":24,"column":6},"end":{"line":24,"column":19}},{"start":{"line":24,"column":23},"end":{"line":24,"column":41}},{"start":{"line":24,"column":45},"end":{"line":24,"column":56}}],"line":24}},"s":{"0":0,"1":0,"2":0,"3":0,"4":0,"5":0,"6":0,"7":0,"8":0,"9":0,"10":0,"11":0,"12":0,"13":0,"14":0,"15":0,"16":0,"17":0,"18":0,"19":0,"20":0,"21":0},"f":{"0":0,"1":0,"2":0,"3":0,"4":0},"b":{"0":[0,0],"1":[0,0],"2":[0,0],"3":[0,0],"4":[0,0],"5":[0,0,0]}}
,"/Users/user/dormsAppLast/DormMarketplaceApp/utils/validationUtils.js": {"path":"/Users/user/dormsAppLast/DormMarketplaceApp/utils/validationUtils.js","statementMap":{"0":{"start":{"line":1,"column":34},"end":{"line":44,"column":1}},"1":{"start":{"line":2,"column":17},"end":{"line":2,"column":19}},"2":{"start":{"line":4,"column":2},"end":{"line":8,"column":3}},"3":{"start":{"line":5,"column":4},"end":{"line":5,"column":38}},"4":{"start":{"line":6,"column":9},"end":{"line":8,"column":3}},"5":{"start":{"line":7,"column":4},"end":{"line":7,"column":37}},"6":{"start":{"line":10,"column":2},"end":{"line":14,"column":3}},"7":{"start":{"line":11,"column":4},"end":{"line":11,"column":44}},"8":{"start":{"line":12,"column":9},"end":{"line":14,"column":3}},"9":{"start":{"line":13,"column":4},"end":{"line":13,"column":44}},"10":{"start":{"line":16,"column":2},"end":{"line":20,"column":3}},"11":{"start":{"line":17,"column":4},"end":{"line":17,"column":44}},"12":{"start":{"line":18,"column":9},"end":{"line":20,"column":3}},"13":{"start":{"line":19,"column":4},"end":{"line":19,"column":44}},"14":{"start":{"line":22,"column":2},"end":{"line":24,"column":3}},"15":{"start":{"line":23,"column":4},"end":{"line":23,"column":54}},"16":{"start":{"line":26,"column":2},"end":{"line":28,"column":3}},"17":{"start":{"line":27,"column":4},"end":{"line":27,"column":36}},"18":{"start":{"line":30,"column":2},"end":{"line":32,"column":3}},"19":{"start":{"line":31,"column":4},"end":{"line":31,"column":42}},"20":{"start":{"line":34,"column":2},"end":{"line":38,"column":3}},"21":{"start":{"line":35,"column":4},"end":{"line":35,"column":44}},"22":{"start":{"line":36,"column":9},"end":{"line":38,"column":3}},"23":{"start":{"line":37,"column":4},"end":{"line":37,"column":43}},"24":{"start":{"line":40,"column":2},"end":{"line":43,"column":4}}},"fnMap":{"0":{"name":"(anonymous_0)","decl":{"start":{"line":1,"column":34},"end":{"line":1,"column":35}},"loc":{"start":{"line":1,"column":51},"end":{"line":44,"column":1}},"line":1}},"branchMap":{"0":{"loc":{"start":{"line":4,"column":2},"end":{"line":8,"column":3}},"type":"if","locations":[{"start":{"line":4,"column":2},"end":{"line":8,"column":3}},{"start":{"line":6,"column":9},"end":{"line":8,"column":3}}],"line":4},"1":{"loc":{"start":{"line":6,"column":9},"end":{"line":8,"column":3}},"type":"if","locations":[{"start":{"line":6,"column":9},"end":{"line":8,"column":3}},{"start":{},"end":{}}],"line":6},"2":{"loc":{"start":{"line":10,"column":2},"end":{"line":14,"column":3}},"type":"if","locations":[{"start":{"line":10,"column":2},"end":{"line":14,"column":3}},{"start":{"line":12,"column":9},"end":{"line":14,"column":3}}],"line":10},"3":{"loc":{"start":{"line":12,"column":9},"end":{"line":14,"column":3}},"type":"if","locations":[{"start":{"line":12,"column":9},"end":{"line":14,"column":3}},{"start":{},"end":{}}],"line":12},"4":{"loc":{"start":{"line":16,"column":2},"end":{"line":20,"column":3}},"type":"if","locations":[{"start":{"line":16,"column":2},"end":{"line":20,"column":3}},{"start":{"line":18,"column":9},"end":{"line":20,"column":3}}],"line":16},"5":{"loc":{"start":{"line":18,"column":9},"end":{"line":20,"column":3}},"type":"if","locations":[{"start":{"line":18,"column":9},"end":{"line":20,"column":3}},{"start":{},"end":{}}],"line":18},"6":{"loc":{"start":{"line":22,"column":2},"end":{"line":24,"column":3}},"type":"if","locations":[{"start":{"line":22,"column":2},"end":{"line":24,"column":3}},{"start":{},"end":{}}],"line":22},"7":{"loc":{"start":{"line":26,"column":2},"end":{"line":28,"column":3}},"type":"if","locations":[{"start":{"line":26,"column":2},"end":{"line":28,"column":3}},{"start":{},"end":{}}],"line":26},"8":{"loc":{"start":{"line":30,"column":2},"end":{"line":32,"column":3}},"type":"if","locations":[{"start":{"line":30,"column":2},"end":{"line":32,"column":3}},{"start":{},"end":{}}],"line":30},"9":{"loc":{"start":{"line":34,"column":2},"end":{"line":38,"column":3}},"type":"if","locations":[{"start":{"line":34,"column":2},"end":{"line":38,"column":3}},{"start":{"line":36,"column":9},"end":{"line":38,"column":3}}],"line":34},"10":{"loc":{"start":{"line":36,"column":9},"end":{"line":38,"column":3}},"type":"if","locations":[{"start":{"line":36,"column":9},"end":{"line":38,"column":3}},{"start":{},"end":{}}],"line":36}},"s":{"0":0,"1":0,"2":0,"3":0,"4":0,"5":0,"6":0,"7":0,"8":0,"9":0,"10":0,"11":0,"12":0,"13":0,"14":0,"15":0,"16":0,"17":0,"18":0,"19":0,"20":0,"21":0,"22":0,"23":0,"24":0},"f":{"0":0},"b":{"0":[0,0],"1":[0,0],"2":[0,0],"3":[0,0],"4":[0,0],"5":[0,0],"6":[0,0],"7":[0,0],"8":[0,0],"9":[0,0],"10":[0,0]}}
,"/Users/user/dormsAppLast/DormMarketplaceApp/utils/errors/BaseError.js": {"path":"/Users/user/dormsAppLast/DormMarketplaceApp/utils/errors/BaseError.js","statementMap":{"0":{"start":{"line":3,"column":4},"end":{"line":3,"column":19}},"1":{"start":{"line":4,"column":4},"end":{"line":4,"column":38}},"2":{"start":{"line":5,"column":4},"end":{"line":5,"column":21}},"3":{"start":{"line":6,"column":4},"end":{"line":6,"column":21}},"4":{"start":{"line":7,"column":4},"end":{"line":7,"column":27}},"5":{"start":{"line":8,"column":4},"end":{"line":8,"column":32}}},"fnMap":{"0":{"name":"(anonymous_0)","decl":{"start":{"line":2,"column":2},"end":{"line":2,"column":3}},"loc":{"start":{"line":2,"column":61},"end":{"line":9,"column":3}},"line":2}},"branchMap":{"0":{"loc":{"start":{"line":2,"column":29},"end":{"line":2,"column":45}},"type":"default-arg","locations":[{"start":{"line":2,"column":36},"end":{"line":2,"column":45}}],"line":2},"1":{"loc":{"start":{"line":2,"column":47},"end":{"line":2,"column":59}},"type":"default-arg","locations":[{"start":{"line":2,"column":57},"end":{"line":2,"column":59}}],"line":2}},"s":{"0":0,"1":0,"2":0,"3":0,"4":0,"5":0},"f":{"0":0},"b":{"0":[0],"1":[0]}}
}
