TN:
SF:App.js
FN:43,(anonymous_0)
FN:49,(anonymous_1)
FN:59,MainTabNavigator
FN:65,(anonymous_3)
FN:66,(anonymous_4)
FN:132,(anonymous_5)
FN:142,(anonymous_6)
FN:173,(anonymous_7)
FN:174,(anonymous_8)
FN:208,(anonymous_9)
FN:209,(anonymous_10)
FN:235,(anonymous_11)
FN:254,(anonymous_12)
FN:266,(anonymous_13)
FN:268,(anonymous_14)
FN:290,(anonymous_15)
FN:296,(anonymous_16)
FN:297,(anonymous_17)
FN:318,(anonymous_18)
FN:323,(anonymous_19)
FN:342,(anonymous_20)
FN:350,(anonymous_21)
FN:367,(anonymous_22)
FN:371,(anonymous_23)
FN:397,(anonymous_24)
FN:401,(anonymous_25)
FN:418,(anonymous_26)
FN:433,(anonymous_27)
FN:447,(anonymous_28)
FNF:29
FNH:0
FNDA:0,(anonymous_0)
FNDA:0,(anonymous_1)
FNDA:0,MainTabNavigator
FNDA:0,(anonymous_3)
FNDA:0,(anonymous_4)
FNDA:0,(anonymous_5)
FNDA:0,(anonymous_6)
FNDA:0,(anonymous_7)
FNDA:0,(anonymous_8)
FNDA:0,(anonymous_9)
FNDA:0,(anonymous_10)
FNDA:0,(anonymous_11)
FNDA:0,(anonymous_12)
FNDA:0,(anonymous_13)
FNDA:0,(anonymous_14)
FNDA:0,(anonymous_15)
FNDA:0,(anonymous_16)
FNDA:0,(anonymous_17)
FNDA:0,(anonymous_18)
FNDA:0,(anonymous_19)
FNDA:0,(anonymous_20)
FNDA:0,(anonymous_21)
FNDA:0,(anonymous_22)
FNDA:0,(anonymous_23)
FNDA:0,(anonymous_24)
FNDA:0,(anonymous_25)
FNDA:0,(anonymous_26)
FNDA:0,(anonymous_27)
FNDA:0,(anonymous_28)
DA:42,0
DA:43,0
DA:44,0
DA:45,0
DA:49,0
DA:50,0
DA:55,0
DA:56,0
DA:60,0
DA:61,0
DA:63,0
DA:65,0
DA:69,0
DA:70,0
DA:71,0
DA:72,0
DA:73,0
DA:74,0
DA:75,0
DA:76,0
DA:79,0
DA:132,0
DA:133,0
DA:134,0
DA:135,0
DA:136,0
DA:137,0
DA:138,0
DA:139,0
DA:140,0
DA:142,0
DA:143,0
DA:144,0
DA:147,0
DA:154,0
DA:155,0
DA:156,0
DA:158,0
DA:164,0
DA:165,0
DA:167,0
DA:168,0
DA:173,0
DA:174,0
DA:175,0
DA:177,0
DA:178,0
DA:180,0
DA:185,0
DA:188,0
DA:189,0
DA:190,0
DA:193,0
DA:197,0
DA:200,0
DA:204,0
DA:208,0
DA:209,0
DA:210,0
DA:212,0
DA:214,0
DA:215,0
DA:219,0
DA:220,0
DA:222,0
DA:225,0
DA:226,0
DA:230,0
DA:234,0
DA:235,0
DA:236,0
DA:238,0
DA:239,0
DA:240,0
DA:241,0
DA:242,0
DA:244,0
DA:245,0
DA:249,0
DA:251,0
DA:254,0
DA:255,0
DA:256,0
DA:257,0
DA:259,0
DA:266,0
DA:267,0
DA:269,0
DA:271,0
DA:273,0
DA:274,0
DA:275,0
DA:278,0
DA:280,0
DA:281,0
DA:282,0
DA:284,0
DA:285,0
DA:290,0
DA:291,0
DA:296,0
DA:297,0
DA:299,0
DA:300,0
DA:304,0
DA:305,0
DA:306,0
DA:307,0
DA:310,0
DA:314,0
DA:318,0
DA:319,0
DA:320,0
DA:323,0
DA:324,0
DA:326,0
DA:329,0
DA:331,0
DA:336,0
DA:338,0
DA:342,0
DA:343,0
DA:344,0
DA:350,0
DA:351,0
DA:352,0
DA:353,0
DA:358,0
DA:360,0
DA:362,0
DA:367,0
DA:368,0
DA:371,0
DA:372,0
DA:373,0
DA:375,0
DA:376,0
DA:379,0
DA:380,0
DA:381,0
DA:385,0
DA:386,0
DA:387,0
DA:391,0
DA:392,0
DA:397,0
DA:401,0
DA:402,0
DA:403,0
DA:404,0
DA:406,0
DA:413,0
DA:416,0
DA:418,0
DA:421,0
DA:422,0
DA:425,0
DA:433,0
DA:447,0
DA:497,0
LF:160
LH:0
BRDA:44,0,0,0
BRDA:44,0,1,0
BRDA:69,1,0,0
BRDA:69,1,1,0
BRDA:70,2,0,0
BRDA:70,2,1,0
BRDA:71,3,0,0
BRDA:71,3,1,0
BRDA:72,4,0,0
BRDA:72,4,1,0
BRDA:73,5,0,0
BRDA:73,5,1,0
BRDA:74,6,0,0
BRDA:74,6,1,0
BRDA:75,7,0,0
BRDA:75,7,1,0
BRDA:76,8,0,0
BRDA:76,8,1,0
BRDA:82,9,0,0
BRDA:82,9,1,0
BRDA:82,9,2,0
BRDA:85,10,0,0
BRDA:85,10,1,0
BRDA:180,11,0,0
BRDA:180,11,1,0
BRDA:180,12,0,0
BRDA:180,12,1,0
BRDA:180,12,2,0
BRDA:180,12,3,0
BRDA:214,13,0,0
BRDA:214,13,1,0
BRDA:238,14,0,0
BRDA:238,14,1,0
BRDA:240,15,0,0
BRDA:240,15,1,0
BRDA:242,16,0,0
BRDA:242,16,1,0
BRDA:242,17,0,0
BRDA:242,17,1,0
BRDA:255,18,0,0
BRDA:255,18,1,0
BRDA:271,19,0,0
BRDA:271,19,1,0
BRDA:278,20,0,0
BRDA:278,20,1,0
BRDA:281,21,0,0
BRDA:281,21,1,0
BRDA:284,22,0,0
BRDA:284,22,1,0
BRDA:299,23,0,0
BRDA:299,23,1,0
BRDA:306,24,0,0
BRDA:306,24,1,0
BRDA:319,25,0,0
BRDA:319,25,1,0
BRDA:319,26,0,0
BRDA:319,26,1,0
BRDA:324,27,0,0
BRDA:324,27,1,0
BRDA:329,28,0,0
BRDA:329,28,1,0
BRDA:329,29,0,0
BRDA:329,29,1,0
BRDA:336,30,0,0
BRDA:336,30,1,0
BRDA:343,31,0,0
BRDA:343,31,1,0
BRDA:343,32,0,0
BRDA:343,32,1,0
BRDA:368,33,0,0
BRDA:368,33,1,0
BRDA:375,34,0,0
BRDA:375,34,1,0
BRDA:379,35,0,0
BRDA:379,35,1,0
BRDA:386,36,0,0
BRDA:386,36,1,0
BRDA:391,37,0,0
BRDA:391,37,1,0
BRDA:402,38,0,0
BRDA:402,38,1,0
BRDA:421,39,0,0
BRDA:421,39,1,0
BRDA:441,40,0,0
BRDA:441,40,1,0
BRDA:448,41,0,0
BRDA:448,41,1,0
BRF:87
BRH:0
end_of_record
TN:
SF:i18n.js
FN:5,(anonymous_0)
FNF:1
FNH:0
FNDA:0,(anonymous_0)
DA:5,0
DA:6,0
DA:7,0
DA:18,0
DA:22,0
LF:5
LH:0
BRF:0
BRH:0
end_of_record
TN:
SF:index.js
FNF:0
FNH:0
DA:8,0
LF:1
LH:0
BRF:0
BRH:0
end_of_record
TN:
SF:jest.config.js
FNF:0
FNH:0
DA:1,0
LF:1
LH:0
BRF:0
BRH:0
end_of_record
TN:
SF:metro.config.js
FNF:0
FNH:0
DA:2,0
DA:5,0
DA:7,0
LF:3
LH:0
BRF:0
BRH:0
end_of_record
TN:
SF:shim.js
FNF:0
FNH:0
DA:1,0
DA:2,0
DA:3,0
DA:4,0
DA:6,0
DA:7,0
DA:8,0
DA:9,0
DA:14,0
DA:15,0
DA:18,0
DA:19,0
DA:20,0
DA:21,0
LF:14
LH:0
BRDA:1,0,0,0
BRDA:1,0,1,0
BRDA:2,1,0,0
BRDA:2,1,1,0
BRDA:3,2,0,0
BRDA:3,2,1,0
BRDA:8,3,0,0
BRDA:8,3,1,0
BRDA:15,4,0,0
BRDA:15,4,1,0
BRDA:18,5,0,0
BRDA:18,5,1,0
BRDA:19,6,0,0
BRDA:19,6,1,0
BRDA:20,7,0,0
BRDA:20,7,1,0
BRDA:21,8,0,0
BRDA:21,8,1,0
BRF:18
BRH:0
end_of_record
TN:
SF:cloud/main.js
FN:3,(anonymous_0)
FN:15,(anonymous_1)
FN:24,(anonymous_2)
FN:46,(anonymous_3)
FNF:4
FNH:0
FNDA:0,(anonymous_0)
FNDA:0,(anonymous_1)
FNDA:0,(anonymous_2)
FNDA:0,(anonymous_3)
DA:3,0
DA:4,0
DA:6,0
DA:7,0
DA:9,0
DA:10,0
DA:13,0
DA:15,0
DA:16,0
DA:17,0
DA:20,0
DA:24,0
DA:25,0
DA:27,0
DA:28,0
DA:29,0
DA:30,0
DA:34,0
DA:35,0
DA:36,0
DA:38,0
DA:39,0
DA:42,0
DA:44,0
DA:46,0
DA:47,0
DA:48,0
DA:51,0
LF:28
LH:0
BRDA:6,0,0,0
BRDA:6,0,1,0
BRDA:9,1,0,0
BRDA:9,1,1,0
BRDA:27,2,0,0
BRDA:27,2,1,0
BRDA:29,3,0,0
BRDA:29,3,1,0
BRDA:38,4,0,0
BRDA:38,4,1,0
BRF:10
BRH:0
end_of_record
TN:
SF:components/ErrorBoundary.js
FN:9,(anonymous_0)
FN:13,(anonymous_1)
FN:18,(anonymous_2)
FN:22,(anonymous_3)
FN:31,(anonymous_4)
FNF:5
FNH:0
FNDA:0,(anonymous_0)
FNDA:0,(anonymous_1)
FNDA:0,(anonymous_2)
FNDA:0,(anonymous_3)
FNDA:0,(anonymous_4)
DA:7,0
DA:10,0
DA:14,0
DA:15,0
DA:18,0
DA:19,0
DA:23,0
DA:24,0
DA:27,0
DA:31,0
DA:32,0
DA:34,0
DA:47,0
LF:13
LH:0
BRDA:23,0,0,0
BRDA:23,0,1,0
BRF:2
BRH:0
end_of_record
TN:
SF:components/BannerCarousel/BannerCarousel.js
FN:4,(anonymous_0)
FNF:1
FNH:0
FNDA:0,(anonymous_0)
DA:4,0
DA:5,0
DA:13,0
LF:3
LH:0
BRF:0
BRH:0
end_of_record
TN:
SF:components/ErrorBoundary/ErrorBoundaryWrapper.js
FN:8,(anonymous_0)
FN:17,(anonymous_1)
FNF:2
FNH:0
FNDA:0,(anonymous_0)
FNDA:0,(anonymous_1)
DA:8,0
DA:14,0
DA:15,0
DA:17,0
DA:18,0
DA:19,0
DA:20,0
DA:22,0
DA:23,0
DA:24,0
DA:27,0
DA:29,0
DA:30,0
DA:32,0
DA:36,0
DA:37,0
DA:40,0
DA:41,0
DA:44,0
LF:19
LH:0
BRDA:23,0,0,0
BRDA:23,0,1,0
BRDA:36,1,0,0
BRDA:36,1,1,0
BRDA:40,2,0,0
BRDA:40,2,1,0
BRF:6
BRH:0
end_of_record
TN:
SF:components/LoadingState/LoadingState.js
FN:5,(anonymous_0)
FNF:1
FNH:0
FNDA:0,(anonymous_0)
DA:5,0
DA:6,0
DA:8,0
DA:16,0
LF:4
LH:0
BRDA:11,0,0,0
BRDA:11,0,1,0
BRF:2
BRH:0
end_of_record
TN:
SF:components/ProductCard/ProductCard.js
FN:6,(anonymous_0)
FN:9,(anonymous_1)
FNF:2
FNH:0
FNDA:0,(anonymous_0)
FNDA:0,(anonymous_1)
DA:6,0
DA:7,0
DA:9,0
DA:10,0
DA:11,0
DA:12,0
DA:13,0
DA:15,0
DA:16,0
DA:17,0
DA:19,0
DA:20,0
DA:21,0
DA:22,0
DA:24,0
DA:25,0
DA:26,0
DA:30,0
DA:57,0
LF:19
LH:0
BRDA:19,0,0,0
BRDA:19,0,1,0
BRDA:21,1,0,0
BRDA:21,1,1,0
BRDA:37,2,0,0
BRDA:37,2,1,0
BRDA:44,3,0,0
BRDA:44,3,1,0
BRF:8
BRH:0
end_of_record
TN:
SF:components/RetryView/RetryView.js
FN:6,(anonymous_0)
FNF:1
FNH:0
FNDA:0,(anonymous_0)
DA:6,0
DA:7,0
DA:9,0
DA:20,0
LF:4
LH:0
BRDA:12,0,0,0
BRDA:12,0,1,0
BRF:2
BRH:0
end_of_record
TN:
SF:context/UnreadContext.js
FN:9,(anonymous_0)
FN:11,(anonymous_1)
FN:12,(anonymous_2)
FN:19,(anonymous_3)
FN:26,(anonymous_4)
FN:43,(anonymous_5)
FN:55,(anonymous_6)
FN:61,(anonymous_7)
FN:67,(anonymous_8)
FN:68,(anonymous_9)
FN:80,(anonymous_10)
FN:88,(anonymous_11)
FN:93,(anonymous_12)
FN:97,(anonymous_13)
FN:102,(anonymous_14)
FN:108,(anonymous_15)
FN:111,(anonymous_16)
FN:129,(anonymous_17)
FN:138,(anonymous_18)
FN:162,(anonymous_19)
FN:189,(anonymous_20)
FNF:21
FNH:0
FNDA:0,(anonymous_0)
FNDA:0,(anonymous_1)
FNDA:0,(anonymous_2)
FNDA:0,(anonymous_3)
FNDA:0,(anonymous_4)
FNDA:0,(anonymous_5)
FNDA:0,(anonymous_6)
FNDA:0,(anonymous_7)
FNDA:0,(anonymous_8)
FNDA:0,(anonymous_9)
FNDA:0,(anonymous_10)
FNDA:0,(anonymous_11)
FNDA:0,(anonymous_12)
FNDA:0,(anonymous_13)
FNDA:0,(anonymous_14)
FNDA:0,(anonymous_15)
FNDA:0,(anonymous_16)
FNDA:0,(anonymous_17)
FNDA:0,(anonymous_18)
FNDA:0,(anonymous_19)
FNDA:0,(anonymous_20)
DA:9,0
DA:12,0
DA:15,0
DA:17,0
DA:19,0
DA:20,0
DA:21,0
DA:22,0
DA:23,0
DA:26,0
DA:27,0
DA:28,0
DA:29,0
DA:30,0
DA:33,0
DA:34,0
DA:36,0
DA:38,0
DA:43,0
DA:44,0
DA:46,0
DA:56,0
DA:61,0
DA:62,0
DA:67,0
DA:68,0
DA:69,0
DA:70,0
DA:72,0
DA:73,0
DA:75,0
DA:80,0
DA:81,0
DA:82,0
DA:83,0
DA:84,0
DA:88,0
DA:89,0
DA:93,0
DA:95,0
DA:98,0
DA:102,0
DA:104,0
DA:108,0
DA:109,0
DA:111,0
DA:112,0
DA:113,0
DA:115,0
DA:117,0
DA:118,0
DA:123,0
DA:130,0
DA:131,0
DA:136,0
DA:138,0
DA:139,0
DA:140,0
DA:144,0
DA:153,0
DA:162,0
DA:163,0
DA:164,0
DA:165,0
DA:166,0
DA:169,0
DA:172,0
DA:179,0
DA:180,0
DA:181,0
DA:184,0
DA:185,0
DA:189,0
DA:190,0
DA:191,0
DA:193,0
DA:199,0
DA:202,0
DA:204,0
DA:206,0
DA:207,0
LF:81
LH:0
BRDA:28,0,0,0
BRDA:28,0,1,0
BRDA:44,1,0,0
BRDA:44,1,1,0
BRDA:72,2,0,0
BRDA:72,2,1,0
BRDA:83,3,0,0
BRDA:83,3,1,0
BRDA:117,4,0,0
BRDA:117,4,1,0
BRDA:130,5,0,0
BRDA:130,5,1,0
BRDA:165,6,0,0
BRDA:165,6,1,0
BRDA:179,7,0,0
BRDA:179,7,1,0
BRDA:184,8,0,0
BRDA:184,8,1,0
BRDA:184,9,0,0
BRDA:184,9,1,0
BRDA:190,10,0,0
BRDA:190,10,1,0
BRF:22
BRH:0
end_of_record
TN:
SF:jest/setupJest.js
FN:1,(anonymous_0)
FN:2,(anonymous_1)
FN:3,(anonymous_2)
FN:4,(anonymous_3)
FN:5,(anonymous_4)
FN:6,(anonymous_5)
FN:7,(anonymous_6)
FNF:7
FNH:0
FNDA:0,(anonymous_0)
FNDA:0,(anonymous_1)
FNDA:0,(anonymous_2)
FNDA:0,(anonymous_3)
FNDA:0,(anonymous_4)
FNDA:0,(anonymous_5)
FNDA:0,(anonymous_6)
DA:1,0
DA:2,0
DA:3,0
DA:4,0
DA:5,0
DA:6,0
DA:7,0
LF:7
LH:0
BRF:0
BRH:0
end_of_record
TN:
SF:navigation/AppNavigator.js
FN:14,(anonymous_0)
FN:39,(anonymous_1)
FN:45,(anonymous_2)
FN:47,(anonymous_3)
FN:104,(anonymous_4)
FN:108,(anonymous_5)
FN:110,(anonymous_6)
FN:118,(anonymous_7)
FN:127,(anonymous_8)
FN:160,(anonymous_9)
FN:164,(anonymous_10)
FN:167,(anonymous_11)
FN:172,(anonymous_12)
FN:188,(anonymous_13)
FN:191,(anonymous_14)
FNF:15
FNH:0
FNDA:0,(anonymous_0)
FNDA:0,(anonymous_1)
FNDA:0,(anonymous_2)
FNDA:0,(anonymous_3)
FNDA:0,(anonymous_4)
FNDA:0,(anonymous_5)
FNDA:0,(anonymous_6)
FNDA:0,(anonymous_7)
FNDA:0,(anonymous_8)
FNDA:0,(anonymous_9)
FNDA:0,(anonymous_10)
FNDA:0,(anonymous_11)
FNDA:0,(anonymous_12)
FNDA:0,(anonymous_13)
FNDA:0,(anonymous_14)
DA:14,0
DA:15,0
DA:16,0
DA:17,0
DA:35,0
DA:36,0
DA:39,0
DA:40,0
DA:41,0
DA:43,0
DA:45,0
DA:50,0
DA:52,0
DA:53,0
DA:55,0
DA:56,0
DA:58,0
DA:59,0
DA:61,0
DA:62,0
DA:64,0
DA:65,0
DA:68,0
DA:104,0
DA:105,0
DA:106,0
DA:108,0
DA:110,0
DA:111,0
DA:112,0
DA:115,0
DA:118,0
DA:119,0
DA:120,0
DA:121,0
DA:122,0
DA:123,0
DA:127,0
DA:128,0
DA:132,0
DA:160,0
DA:165,0
DA:167,0
DA:173,0
DA:189,0
DA:192,0
DA:193,0
DA:265,0
DA:294,0
LF:49
LH:0
BRDA:15,0,0,0
BRDA:15,0,1,0
BRDA:16,1,0,0
BRDA:16,1,1,0
BRDA:50,2,0,0
BRDA:50,2,1,0
BRDA:50,2,2,0
BRDA:50,2,3,0
BRDA:50,2,4,0
BRDA:52,3,0,0
BRDA:52,3,1,0
BRDA:55,4,0,0
BRDA:55,4,1,0
BRDA:58,5,0,0
BRDA:58,5,1,0
BRDA:61,6,0,0
BRDA:61,6,1,0
BRDA:86,7,0,0
BRDA:86,7,1,0
BRDA:120,8,0,0
BRDA:120,8,1,0
BRDA:122,9,0,0
BRDA:122,9,1,0
BRDA:147,10,0,0
BRDA:147,10,1,0
BRDA:176,11,0,0
BRDA:176,11,1,0
BRDA:184,12,0,0
BRDA:184,12,1,0
BRDA:192,13,0,0
BRDA:192,13,1,0
BRDA:204,14,0,0
BRDA:204,14,1,0
BRF:33
BRH:0
end_of_record
TN:
SF:navigation/TabNavigator.js
FN:16,(anonymous_0)
FN:21,(anonymous_1)
FN:22,(anonymous_2)
FNF:3
FNH:0
FNDA:0,(anonymous_0)
FNDA:0,(anonymous_1)
FNDA:0,(anonymous_2)
DA:14,0
DA:16,0
DA:17,0
DA:19,0
DA:21,0
DA:25,0
DA:26,0
DA:27,0
DA:28,0
DA:29,0
DA:30,0
DA:33,0
DA:60,0
LF:13
LH:0
BRDA:25,0,0,0
BRDA:25,0,1,0
BRDA:26,1,0,0
BRDA:26,1,1,0
BRDA:27,2,0,0
BRDA:27,2,1,0
BRDA:28,3,0,0
BRDA:28,3,1,0
BRDA:29,4,0,0
BRDA:29,4,1,0
BRDA:30,5,0,0
BRDA:30,5,1,0
BRDA:36,6,0,0
BRDA:36,6,1,0
BRDA:36,6,2,0
BRDA:39,7,0,0
BRDA:39,7,1,0
BRF:17
BRH:0
end_of_record
TN:
SF:navigation/navigation.js
FN:3,(anonymous_0)
FN:7,(anonymous_1)
FN:8,(anonymous_2)
FN:16,(anonymous_3)
FN:26,(anonymous_4)
FNF:5
FNH:0
FNDA:0,(anonymous_0)
FNDA:0,(anonymous_1)
FNDA:0,(anonymous_2)
FNDA:0,(anonymous_3)
FNDA:0,(anonymous_4)
DA:3,0
DA:4,0
DA:5,0
DA:7,0
DA:8,0
DA:9,0
DA:10,0
DA:12,0
DA:16,0
DA:19,0
DA:20,0
DA:23,0
DA:27,0
LF:13
LH:0
BRDA:19,0,0,0
BRDA:19,0,1,0
BRF:2
BRH:0
end_of_record
TN:
SF:screens/SplashScreen.js
FN:4,(anonymous_0)
FNF:1
FNH:0
FNDA:0,(anonymous_0)
DA:4,0
DA:5,0
DA:14,0
LF:3
LH:0
BRF:0
BRH:0
end_of_record
TN:
SF:screens/AccountScreen/AccountScreen.js
FN:24,(anonymous_0)
FN:44,(anonymous_1)
FN:45,(anonymous_2)
FN:48,(anonymous_3)
FN:53,(anonymous_4)
FN:58,(anonymous_5)
FN:94,(anonymous_6)
FN:185,(anonymous_7)
FN:212,(anonymous_8)
FN:262,(anonymous_9)
FN:306,(anonymous_10)
FN:338,(anonymous_11)
FN:349,(anonymous_12)
FN:362,(anonymous_13)
FN:372,(anonymous_14)
FN:385,(anonymous_15)
FN:386,(anonymous_16)
FN:400,(anonymous_17)
FN:407,(anonymous_18)
FN:415,(anonymous_19)
FN:427,(anonymous_20)
FN:462,(anonymous_21)
FN:575,(anonymous_22)
FN:586,(anonymous_23)
FN:602,(anonymous_24)
FN:608,(anonymous_25)
FN:613,(anonymous_26)
FN:628,(anonymous_27)
FN:646,(anonymous_28)
FN:657,(anonymous_29)
FN:658,(anonymous_30)
FN:674,(anonymous_31)
FN:675,(anonymous_32)
FN:695,(anonymous_33)
FN:708,(anonymous_34)
FN:716,(anonymous_35)
FN:717,(anonymous_36)
FN:816,(anonymous_37)
FN:822,(anonymous_38)
FN:908,(anonymous_39)
FN:955,(anonymous_40)
FN:976,(anonymous_41)
FN:991,(anonymous_42)
FN:995,(anonymous_43)
FN:998,(anonymous_44)
FN:1005,(anonymous_45)
FN:1039,(anonymous_46)
FN:1044,(anonymous_47)
FN:1223,(anonymous_48)
FN:1258,(anonymous_49)
FN:1277,(anonymous_50)
FN:1284,(anonymous_51)
FN:1306,(anonymous_52)
FN:1317,(anonymous_53)
FN:1335,(anonymous_54)
FN:1350,(anonymous_55)
FNF:56
FNH:0
FNDA:0,(anonymous_0)
FNDA:0,(anonymous_1)
FNDA:0,(anonymous_2)
FNDA:0,(anonymous_3)
FNDA:0,(anonymous_4)
FNDA:0,(anonymous_5)
FNDA:0,(anonymous_6)
FNDA:0,(anonymous_7)
FNDA:0,(anonymous_8)
FNDA:0,(anonymous_9)
FNDA:0,(anonymous_10)
FNDA:0,(anonymous_11)
FNDA:0,(anonymous_12)
FNDA:0,(anonymous_13)
FNDA:0,(anonymous_14)
FNDA:0,(anonymous_15)
FNDA:0,(anonymous_16)
FNDA:0,(anonymous_17)
FNDA:0,(anonymous_18)
FNDA:0,(anonymous_19)
FNDA:0,(anonymous_20)
FNDA:0,(anonymous_21)
FNDA:0,(anonymous_22)
FNDA:0,(anonymous_23)
FNDA:0,(anonymous_24)
FNDA:0,(anonymous_25)
FNDA:0,(anonymous_26)
FNDA:0,(anonymous_27)
FNDA:0,(anonymous_28)
FNDA:0,(anonymous_29)
FNDA:0,(anonymous_30)
FNDA:0,(anonymous_31)
FNDA:0,(anonymous_32)
FNDA:0,(anonymous_33)
FNDA:0,(anonymous_34)
FNDA:0,(anonymous_35)
FNDA:0,(anonymous_36)
FNDA:0,(anonymous_37)
FNDA:0,(anonymous_38)
FNDA:0,(anonymous_39)
FNDA:0,(anonymous_40)
FNDA:0,(anonymous_41)
FNDA:0,(anonymous_42)
FNDA:0,(anonymous_43)
FNDA:0,(anonymous_44)
FNDA:0,(anonymous_45)
FNDA:0,(anonymous_46)
FNDA:0,(anonymous_47)
FNDA:0,(anonymous_48)
FNDA:0,(anonymous_49)
FNDA:0,(anonymous_50)
FNDA:0,(anonymous_51)
FNDA:0,(anonymous_52)
FNDA:0,(anonymous_53)
FNDA:0,(anonymous_54)
FNDA:0,(anonymous_55)
DA:24,0
DA:25,0
DA:26,0
DA:27,0
DA:35,0
DA:36,0
DA:37,0
DA:38,0
DA:39,0
DA:40,0
DA:41,0
DA:44,0
DA:45,0
DA:46,0
DA:48,0
DA:53,0
DA:54,0
DA:58,0
DA:59,0
DA:60,0
DA:63,0
DA:65,0
DA:80,0
DA:81,0
DA:82,0
DA:85,0
DA:86,0
DA:88,0
DA:89,0
DA:94,0
DA:95,0
DA:96,0
DA:97,0
DA:99,0
DA:101,0
DA:102,0
DA:103,0
DA:104,0
DA:105,0
DA:108,0
DA:109,0
DA:110,0
DA:112,0
DA:116,0
DA:117,0
DA:118,0
DA:121,0
DA:122,0
DA:126,0
DA:136,0
DA:140,0
DA:146,0
DA:148,0
DA:150,0
DA:153,0
DA:154,0
DA:156,0
DA:162,0
DA:163,0
DA:164,0
DA:165,0
DA:169,0
DA:172,0
DA:173,0
DA:175,0
DA:179,0
DA:180,0
DA:185,0
DA:186,0
DA:189,0
DA:193,0
DA:194,0
DA:197,0
DA:198,0
DA:199,0
DA:201,0
DA:202,0
DA:204,0
DA:205,0
DA:209,0
DA:212,0
DA:213,0
DA:216,0
DA:217,0
DA:218,0
DA:222,0
DA:223,0
DA:227,0
DA:228,0
DA:229,0
DA:230,0
DA:233,0
DA:235,0
DA:239,0
DA:240,0
DA:244,0
DA:245,0
DA:248,0
DA:251,0
DA:262,0
DA:263,0
DA:265,0
DA:268,0
DA:269,0
DA:270,0
DA:274,0
DA:275,0
DA:277,0
DA:279,0
DA:280,0
DA:281,0
DA:282,0
DA:283,0
DA:286,0
DA:289,0
DA:290,0
DA:291,0
DA:294,0
DA:295,0
DA:300,0
DA:301,0
DA:302,0
DA:306,0
DA:307,0
DA:308,0
DA:309,0
DA:311,0
DA:312,0
DA:313,0
DA:317,0
DA:334,0
DA:335,0
DA:338,0
DA:349,0
DA:361,0
DA:362,0
DA:364,0
DA:366,0
DA:367,0
DA:372,0
DA:373,0
DA:374,0
DA:375,0
DA:377,0
DA:379,0
DA:380,0
DA:385,0
DA:386,0
DA:387,0
DA:388,0
DA:389,0
DA:391,0
DA:393,0
DA:397,0
DA:400,0
DA:401,0
DA:402,0
DA:407,0
DA:408,0
DA:409,0
DA:415,0
DA:416,0
DA:417,0
DA:428,0
DA:430,0
DA:434,0
DA:435,0
DA:443,0
DA:444,0
DA:448,0
DA:449,0
DA:451,0
DA:456,0
DA:457,0
DA:459,0
DA:462,0
DA:464,0
DA:465,0
DA:469,0
DA:473,0
DA:474,0
DA:479,0
DA:480,0
DA:483,0
DA:484,0
DA:498,0
DA:499,0
DA:504,0
DA:505,0
DA:507,0
DA:508,0
DA:511,0
DA:512,0
DA:514,0
DA:515,0
DA:518,0
DA:520,0
DA:526,0
DA:531,0
DA:534,0
DA:539,0
DA:542,0
DA:549,0
DA:554,0
DA:555,0
DA:561,0
DA:569,0
DA:570,0
DA:575,0
DA:576,0
DA:587,0
DA:588,0
DA:589,0
DA:590,0
DA:592,0
DA:602,0
DA:603,0
DA:604,0
DA:608,0
DA:609,0
DA:613,0
DA:615,0
DA:617,0
DA:618,0
DA:619,0
DA:620,0
DA:622,0
DA:623,0
DA:628,0
DA:629,0
DA:632,0
DA:633,0
DA:634,0
DA:635,0
DA:639,0
DA:646,0
DA:647,0
DA:649,0
DA:651,0
DA:653,0
DA:654,0
DA:657,0
DA:658,0
DA:659,0
DA:667,0
DA:672,0
DA:674,0
DA:675,0
DA:676,0
DA:681,0
DA:682,0
DA:685,0
DA:688,0
DA:690,0
DA:695,0
DA:696,0
DA:698,0
DA:709,0
DA:711,0
DA:713,0
DA:716,0
DA:717,0
DA:721,0
DA:727,0
DA:728,0
DA:731,0
DA:737,0
DA:738,0
DA:743,0
DA:744,0
DA:745,0
DA:748,0
DA:751,0
DA:752,0
DA:757,0
DA:758,0
DA:759,0
DA:762,0
DA:765,0
DA:766,0
DA:771,0
DA:772,0
DA:773,0
DA:776,0
DA:779,0
DA:780,0
DA:781,0
DA:786,0
DA:787,0
DA:788,0
DA:791,0
DA:793,0
DA:797,0
DA:799,0
DA:802,0
DA:804,0
DA:806,0
DA:816,0
DA:817,0
DA:818,0
DA:822,0
DA:823,0
DA:824,0
DA:825,0
DA:828,0
DA:829,0
DA:830,0
DA:831,0
DA:832,0
DA:833,0
DA:836,0
DA:843,0
DA:844,0
DA:845,0
DA:846,0
DA:851,0
DA:852,0
DA:855,0
DA:856,0
DA:858,0
DA:859,0
DA:863,0
DA:864,0
DA:865,0
DA:868,0
DA:871,0
DA:872,0
DA:879,0
DA:880,0
DA:883,0
DA:886,0
DA:890,0
DA:891,0
DA:894,0
DA:895,0
DA:900,0
DA:901,0
DA:902,0
DA:903,0
DA:904,0
DA:908,0
DA:913,0
DA:914,0
DA:916,0
DA:919,0
DA:920,0
DA:921,0
DA:923,0
DA:930,0
DA:931,0
DA:934,0
DA:937,0
DA:941,0
DA:942,0
DA:945,0
DA:950,0
DA:951,0
DA:955,0
DA:960,0
DA:961,0
DA:963,0
DA:964,0
DA:968,0
DA:969,0
DA:971,0
DA:976,0
DA:977,0
DA:978,0
DA:979,0
DA:980,0
DA:983,0
DA:985,0
DA:986,0
DA:987,0
DA:990,0
DA:992,0
DA:993,0
DA:996,0
DA:999,0
DA:1005,0
DA:1006,0
DA:1007,0
DA:1010,0
DA:1011,0
DA:1013,0
DA:1014,0
DA:1015,0
DA:1016,0
DA:1019,0
DA:1020,0
DA:1023,0
DA:1024,0
DA:1026,0
DA:1027,0
DA:1028,0
DA:1029,0
DA:1032,0
DA:1033,0
DA:1034,0
DA:1035,0
DA:1038,0
DA:1039,0
DA:1040,0
DA:1044,0
DA:1046,0
DA:1047,0
DA:1050,0
DA:1051,0
DA:1055,0
DA:1056,0
DA:1057,0
DA:1058,0
DA:1061,0
DA:1063,0
DA:1067,0
DA:1068,0
DA:1072,0
DA:1073,0
DA:1074,0
DA:1075,0
DA:1078,0
DA:1081,0
DA:1082,0
DA:1083,0
DA:1085,0
DA:1091,0
DA:1092,0
DA:1093,0
DA:1094,0
DA:1097,0
DA:1100,0
DA:1104,0
DA:1105,0
DA:1106,0
DA:1107,0
DA:1110,0
DA:1112,0
DA:1113,0
DA:1116,0
DA:1117,0
DA:1121,0
DA:1223,0
DA:1259,0
DA:1277,0
DA:1284,0
DA:1306,0
DA:1317,0
DA:1335,0
DA:1350,0
DA:1364,0
LF:450
LH:0
BRDA:46,0,0,0
BRDA:46,0,1,0
BRDA:63,1,0,0
BRDA:63,1,1,0
BRDA:80,2,0,0
BRDA:80,2,1,0
BRDA:99,3,0,0
BRDA:99,3,1,0
BRDA:101,4,0,0
BRDA:101,4,1,0
BRDA:116,5,0,0
BRDA:116,5,1,0
BRDA:121,6,0,0
BRDA:121,6,1,0
BRDA:127,7,0,0
BRDA:127,7,1,0
BRDA:127,7,2,0
BRDA:128,8,0,0
BRDA:128,8,1,0
BRDA:129,9,0,0
BRDA:129,9,1,0
BRDA:130,10,0,0
BRDA:130,10,1,0
BRDA:131,11,0,0
BRDA:131,11,1,0
BRDA:132,12,0,0
BRDA:132,12,1,0
BRDA:146,13,0,0
BRDA:146,13,1,0
BRDA:148,14,0,0
BRDA:148,14,1,0
BRDA:154,15,0,0
BRDA:154,15,1,0
BRDA:162,16,0,0
BRDA:162,16,1,0
BRDA:162,17,0,0
BRDA:162,17,1,0
BRDA:172,18,0,0
BRDA:172,18,1,0
BRDA:180,19,0,0
BRDA:180,19,1,0
BRDA:185,20,0,0
BRDA:193,21,0,0
BRDA:193,21,1,0
BRDA:193,21,2,0
BRDA:194,22,0,0
BRDA:194,22,1,0
BRDA:194,22,2,0
BRDA:197,23,0,0
BRDA:197,23,1,0
BRDA:198,24,0,0
BRDA:198,24,1,0
BRDA:198,25,0,0
BRDA:198,25,1,0
BRDA:199,26,0,0
BRDA:199,26,1,0
BRDA:201,27,0,0
BRDA:201,27,1,0
BRDA:201,28,0,0
BRDA:201,28,1,0
BRDA:204,29,0,0
BRDA:204,29,1,0
BRDA:204,30,0,0
BRDA:204,30,1,0
BRDA:205,31,0,0
BRDA:205,31,1,0
BRDA:213,32,0,0
BRDA:213,32,1,0
BRDA:216,33,0,0
BRDA:216,33,1,0
BRDA:227,34,0,0
BRDA:227,34,1,0
BRDA:227,35,0,0
BRDA:227,35,1,0
BRDA:239,36,0,0
BRDA:239,36,1,0
BRDA:244,37,0,0
BRDA:244,37,1,0
BRDA:244,38,0,0
BRDA:244,38,1,0
BRDA:244,38,2,0
BRDA:253,39,0,0
BRDA:253,39,1,0
BRDA:253,39,2,0
BRDA:257,40,0,0
BRDA:257,40,1,0
BRDA:257,40,2,0
BRDA:263,41,0,0
BRDA:263,41,1,0
BRDA:268,42,0,0
BRDA:268,42,1,0
BRDA:274,43,0,0
BRDA:274,43,1,0
BRDA:274,44,0,0
BRDA:274,44,1,0
BRDA:274,44,2,0
BRDA:282,45,0,0
BRDA:282,45,1,0
BRDA:282,46,0,0
BRDA:282,46,1,0
BRDA:282,46,2,0
BRDA:289,47,0,0
BRDA:289,47,1,0
BRDA:300,48,0,0
BRDA:300,48,1,0
BRDA:300,48,2,0
BRDA:311,49,0,0
BRDA:311,49,1,0
BRDA:334,50,0,0
BRDA:334,50,1,0
BRDA:335,51,0,0
BRDA:335,51,1,0
BRDA:338,52,0,0
BRDA:338,52,1,0
BRDA:341,53,0,0
BRDA:341,53,1,0
BRDA:342,54,0,0
BRDA:342,54,1,0
BRDA:343,55,0,0
BRDA:343,55,1,0
BRDA:345,56,0,0
BRDA:345,56,1,0
BRDA:345,56,2,0
BRDA:349,57,0,0
BRDA:349,57,1,0
BRDA:353,58,0,0
BRDA:353,58,1,0
BRDA:355,59,0,0
BRDA:355,59,1,0
BRDA:401,60,0,0
BRDA:401,60,1,0
BRDA:408,61,0,0
BRDA:408,61,1,0
BRDA:408,62,0,0
BRDA:408,62,1,0
BRDA:443,63,0,0
BRDA:443,63,1,0
BRDA:456,64,0,0
BRDA:456,64,1,0
BRDA:456,65,0,0
BRDA:456,65,1,0
BRDA:456,65,2,0
BRDA:464,66,0,0
BRDA:464,66,1,0
BRDA:479,67,0,0
BRDA:479,67,1,0
BRDA:498,68,0,0
BRDA:498,68,1,0
BRDA:507,69,0,0
BRDA:507,69,1,0
BRDA:514,70,0,0
BRDA:514,70,1,0
BRDA:617,71,0,0
BRDA:617,71,1,0
BRDA:619,72,0,0
BRDA:619,72,1,0
BRDA:632,73,0,0
BRDA:632,73,1,0
BRDA:647,74,0,0
BRDA:647,74,1,0
BRDA:659,75,0,0
BRDA:659,75,1,0
BRDA:672,76,0,0
BRDA:672,76,1,0
BRDA:676,77,0,0
BRDA:676,77,1,0
BRDA:696,78,0,0
BRDA:696,78,1,0
BRDA:727,79,0,0
BRDA:727,79,1,0
BRDA:743,80,0,0
BRDA:743,80,1,0
BRDA:757,81,0,0
BRDA:757,81,1,0
BRDA:771,82,0,0
BRDA:771,82,1,0
BRDA:786,83,0,0
BRDA:786,83,1,0
BRDA:829,84,0,0
BRDA:829,84,1,0
BRDA:843,85,0,0
BRDA:843,85,1,0
BRDA:843,86,0,0
BRDA:843,86,1,0
BRDA:843,86,2,0
BRDA:858,87,0,0
BRDA:858,87,1,0
BRDA:879,88,0,0
BRDA:879,88,1,0
BRDA:900,89,0,0
BRDA:900,89,1,0
BRDA:930,90,0,0
BRDA:930,90,1,0
BRDA:950,91,0,0
BRDA:950,91,1,0
BRDA:978,92,0,0
BRDA:978,92,1,0
BRDA:985,93,0,0
BRDA:985,93,1,0
BRDA:1013,94,0,0
BRDA:1013,94,1,0
BRDA:1026,95,0,0
BRDA:1026,95,1,0
BRDA:1032,96,0,0
BRDA:1032,96,1,0
BRDA:1032,97,0,0
BRDA:1032,97,1,0
BRDA:1046,98,0,0
BRDA:1046,98,1,0
BRDA:1055,99,0,0
BRDA:1055,99,1,0
BRDA:1063,100,0,0
BRDA:1063,100,1,0
BRDA:1072,101,0,0
BRDA:1072,101,1,0
BRDA:1078,102,0,0
BRDA:1078,102,1,0
BRDA:1091,103,0,0
BRDA:1091,103,1,0
BRDA:1104,104,0,0
BRDA:1104,104,1,0
BRDA:1104,105,0,0
BRDA:1104,105,1,0
BRDA:1125,106,0,0
BRDA:1125,106,1,0
BRDA:1127,107,0,0
BRDA:1127,107,1,0
BRDA:1129,108,0,0
BRDA:1129,108,1,0
BRDA:1157,109,0,0
BRDA:1157,109,1,0
BRDA:1165,110,0,0
BRDA:1165,110,1,0
BRDA:1195,111,0,0
BRDA:1195,111,1,0
BRDA:1202,112,0,0
BRDA:1202,112,1,0
BRDA:1210,113,0,0
BRDA:1210,113,1,0
BRDA:1230,114,0,0
BRDA:1230,114,1,0
BRDA:1239,115,0,0
BRDA:1239,115,1,0
BRDA:1243,116,0,0
BRDA:1243,116,1,0
BRDA:1262,117,0,0
BRDA:1262,117,1,0
BRDA:1269,118,0,0
BRDA:1269,118,1,0
BRDA:1272,119,0,0
BRDA:1272,119,1,0
BRDA:1291,120,0,0
BRDA:1291,120,1,0
BRDA:1315,121,0,0
BRDA:1315,121,1,0
BRDA:1321,122,0,0
BRDA:1321,122,1,0
BRDA:1325,123,0,0
BRDA:1325,123,1,0
BRDA:1333,124,0,0
BRDA:1333,124,1,0
BRDA:1339,125,0,0
BRDA:1339,125,1,0
BRDA:1343,126,0,0
BRDA:1343,126,1,0
BRDA:1384,127,0,0
BRDA:1384,127,1,0
BRDA:1511,128,0,0
BRDA:1511,128,1,0
BRDA:1720,129,0,0
BRDA:1720,129,1,0
BRF:271
BRH:0
end_of_record
TN:
SF:screens/BuyOrderDetails/BuyOrderDetails.js
FN:25,(anonymous_0)
FN:35,(anonymous_1)
FN:51,(anonymous_2)
FN:100,(anonymous_3)
FN:121,(anonymous_4)
FN:125,(anonymous_5)
FN:126,(anonymous_6)
FN:133,(anonymous_7)
FN:136,(anonymous_8)
FN:151,(anonymous_9)
FN:154,(anonymous_10)
FN:169,(anonymous_11)
FN:210,(anonymous_12)
FN:214,(anonymous_13)
FN:220,(anonymous_14)
FN:224,(anonymous_15)
FN:229,(anonymous_16)
FN:235,(anonymous_17)
FN:244,(anonymous_18)
FN:244,(anonymous_19)
FN:257,(anonymous_20)
FN:264,(anonymous_21)
FN:264,(anonymous_22)
FN:309,(anonymous_23)
FN:313,(anonymous_24)
FN:316,(anonymous_25)
FN:325,(anonymous_26)
FN:329,(anonymous_27)
FN:330,(anonymous_28)
FNF:29
FNH:0
FNDA:0,(anonymous_0)
FNDA:0,(anonymous_1)
FNDA:0,(anonymous_2)
FNDA:0,(anonymous_3)
FNDA:0,(anonymous_4)
FNDA:0,(anonymous_5)
FNDA:0,(anonymous_6)
FNDA:0,(anonymous_7)
FNDA:0,(anonymous_8)
FNDA:0,(anonymous_9)
FNDA:0,(anonymous_10)
FNDA:0,(anonymous_11)
FNDA:0,(anonymous_12)
FNDA:0,(anonymous_13)
FNDA:0,(anonymous_14)
FNDA:0,(anonymous_15)
FNDA:0,(anonymous_16)
FNDA:0,(anonymous_17)
FNDA:0,(anonymous_18)
FNDA:0,(anonymous_19)
FNDA:0,(anonymous_20)
FNDA:0,(anonymous_21)
FNDA:0,(anonymous_22)
FNDA:0,(anonymous_23)
FNDA:0,(anonymous_24)
FNDA:0,(anonymous_25)
FNDA:0,(anonymous_26)
FNDA:0,(anonymous_27)
FNDA:0,(anonymous_28)
DA:25,0
DA:26,0
DA:27,0
DA:28,0
DA:33,0
DA:35,0
DA:36,0
DA:37,0
DA:38,0
DA:39,0
DA:40,0
DA:41,0
DA:42,0
DA:43,0
DA:44,0
DA:45,0
DA:46,0
DA:47,0
DA:48,0
DA:49,0
DA:51,0
DA:52,0
DA:53,0
DA:54,0
DA:56,0
DA:57,0
DA:58,0
DA:61,0
DA:64,0
DA:70,0
DA:73,0
DA:79,0
DA:81,0
DA:83,0
DA:94,0
DA:95,0
DA:96,0
DA:99,0
DA:100,0
DA:101,0
DA:104,0
DA:108,0
DA:109,0
DA:113,0
DA:114,0
DA:115,0
DA:117,0
DA:121,0
DA:122,0
DA:125,0
DA:126,0
DA:127,0
DA:128,0
DA:130,0
DA:133,0
DA:134,0
DA:137,0
DA:152,0
DA:154,0
DA:169,0
DA:170,0
DA:171,0
DA:172,0
DA:174,0
DA:175,0
DA:176,0
DA:179,0
DA:181,0
DA:182,0
DA:183,0
DA:184,0
DA:185,0
DA:188,0
DA:189,0
DA:190,0
DA:191,0
DA:194,0
DA:195,0
DA:197,0
DA:204,0
DA:206,0
DA:210,0
DA:211,0
DA:212,0
DA:213,0
DA:215,0
DA:216,0
DA:218,0
DA:220,0
DA:224,0
DA:225,0
DA:229,0
DA:235,0
DA:244,0
DA:257,0
DA:264,0
DA:280,0
DA:310,0
DA:311,0
DA:314,0
DA:317,0
DA:318,0
DA:325,0
DA:329,0
DA:331,0
DA:409,0
LF:106
LH:0
BRDA:26,0,0,0
BRDA:26,0,1,0
BRDA:27,1,0,0
BRDA:27,1,1,0
BRDA:57,2,0,0
BRDA:57,2,1,0
BRDA:70,3,0,0
BRDA:70,3,1,0
BRDA:79,4,0,0
BRDA:79,4,1,0
BRDA:94,5,0,0
BRDA:94,5,1,0
BRDA:95,6,0,0
BRDA:95,6,1,0
BRDA:99,7,0,0
BRDA:99,7,1,0
BRDA:99,8,0,0
BRDA:99,8,1,0
BRDA:140,9,0,0
BRDA:140,9,1,0
BRDA:161,10,0,0
BRDA:161,10,1,0
BRDA:162,11,0,0
BRDA:162,11,1,0
BRDA:163,12,0,0
BRDA:163,12,1,0
BRDA:171,13,0,0
BRDA:171,13,1,0
BRDA:175,14,0,0
BRDA:175,14,1,0
BRDA:181,15,0,0
BRDA:181,15,1,0
BRDA:188,16,0,0
BRDA:188,16,1,0
BRDA:211,17,0,0
BRDA:211,17,1,0
BRDA:215,18,0,0
BRDA:215,18,1,0
BRDA:241,19,0,0
BRDA:241,19,1,0
BRDA:261,20,0,0
BRDA:261,20,1,0
BRDA:284,21,0,0
BRDA:284,21,1,0
BRDA:286,22,0,0
BRDA:286,22,1,0
BRDA:291,23,0,0
BRDA:291,23,1,0
BRDA:340,24,0,0
BRDA:340,24,1,0
BRDA:381,25,0,0
BRDA:381,25,1,0
BRDA:391,26,0,0
BRDA:391,26,1,0
BRDA:391,26,2,0
BRDA:559,27,0,0
BRDA:559,27,1,0
BRDA:604,28,0,0
BRDA:604,28,1,0
BRDA:618,29,0,0
BRDA:618,29,1,0
BRF:61
BRH:0
end_of_record
TN:
SF:screens/ChatScreen/ChatScreen.js
FN:36,(anonymous_0)
FN:40,(anonymous_1)
FN:58,(anonymous_2)
FN:62,(anonymous_3)
FN:66,(anonymous_4)
FN:105,(anonymous_5)
FN:106,(anonymous_6)
FN:117,(anonymous_7)
FN:118,(anonymous_8)
FN:147,(anonymous_9)
FN:158,(anonymous_10)
FN:173,(anonymous_11)
FN:209,(anonymous_12)
FN:216,(anonymous_13)
FN:239,(anonymous_14)
FN:246,(anonymous_15)
FN:248,(anonymous_16)
FN:253,(anonymous_17)
FN:257,(anonymous_18)
FN:290,(anonymous_19)
FN:291,(anonymous_20)
FN:301,(anonymous_21)
FN:302,(anonymous_22)
FN:317,(anonymous_23)
FN:333,(anonymous_24)
FN:347,(anonymous_25)
FN:350,(anonymous_26)
FN:351,(anonymous_27)
FN:353,(anonymous_28)
FN:369,(anonymous_29)
FN:375,(anonymous_30)
FN:384,(anonymous_31)
FN:391,(anonymous_32)
FN:436,(anonymous_33)
FN:444,(anonymous_34)
FN:450,(anonymous_35)
FN:462,(anonymous_36)
FN:463,(anonymous_37)
FN:492,(anonymous_38)
FN:497,(anonymous_39)
FN:505,(anonymous_40)
FN:513,(anonymous_41)
FN:521,(anonymous_42)
FN:522,(anonymous_43)
FN:530,(anonymous_44)
FN:579,(anonymous_45)
FNF:46
FNH:0
FNDA:0,(anonymous_0)
FNDA:0,(anonymous_1)
FNDA:0,(anonymous_2)
FNDA:0,(anonymous_3)
FNDA:0,(anonymous_4)
FNDA:0,(anonymous_5)
FNDA:0,(anonymous_6)
FNDA:0,(anonymous_7)
FNDA:0,(anonymous_8)
FNDA:0,(anonymous_9)
FNDA:0,(anonymous_10)
FNDA:0,(anonymous_11)
FNDA:0,(anonymous_12)
FNDA:0,(anonymous_13)
FNDA:0,(anonymous_14)
FNDA:0,(anonymous_15)
FNDA:0,(anonymous_16)
FNDA:0,(anonymous_17)
FNDA:0,(anonymous_18)
FNDA:0,(anonymous_19)
FNDA:0,(anonymous_20)
FNDA:0,(anonymous_21)
FNDA:0,(anonymous_22)
FNDA:0,(anonymous_23)
FNDA:0,(anonymous_24)
FNDA:0,(anonymous_25)
FNDA:0,(anonymous_26)
FNDA:0,(anonymous_27)
FNDA:0,(anonymous_28)
FNDA:0,(anonymous_29)
FNDA:0,(anonymous_30)
FNDA:0,(anonymous_31)
FNDA:0,(anonymous_32)
FNDA:0,(anonymous_33)
FNDA:0,(anonymous_34)
FNDA:0,(anonymous_35)
FNDA:0,(anonymous_36)
FNDA:0,(anonymous_37)
FNDA:0,(anonymous_38)
FNDA:0,(anonymous_39)
FNDA:0,(anonymous_40)
FNDA:0,(anonymous_41)
FNDA:0,(anonymous_42)
FNDA:0,(anonymous_43)
FNDA:0,(anonymous_44)
FNDA:0,(anonymous_45)
DA:36,0
DA:37,0
DA:40,0
DA:41,0
DA:42,0
DA:43,0
DA:44,0
DA:45,0
DA:46,0
DA:47,0
DA:48,0
DA:49,0
DA:50,0
DA:51,0
DA:52,0
DA:53,0
DA:55,0
DA:58,0
DA:59,0
DA:63,0
DA:66,0
DA:105,0
DA:106,0
DA:107,0
DA:108,0
DA:109,0
DA:113,0
DA:117,0
DA:118,0
DA:119,0
DA:121,0
DA:122,0
DA:128,0
DA:129,0
DA:130,0
DA:133,0
DA:135,0
DA:136,0
DA:139,0
DA:143,0
DA:147,0
DA:149,0
DA:158,0
DA:159,0
DA:160,0
DA:161,0
DA:162,0
DA:165,0
DA:167,0
DA:168,0
DA:173,0
DA:174,0
DA:176,0
DA:177,0
DA:179,0
DA:180,0
DA:181,0
DA:182,0
DA:185,0
DA:186,0
DA:188,0
DA:189,0
DA:191,0
DA:192,0
DA:195,0
DA:196,0
DA:197,0
DA:200,0
DA:201,0
DA:202,0
DA:204,0
DA:209,0
DA:210,0
DA:211,0
DA:216,0
DA:217,0
DA:218,0
DA:221,0
DA:224,0
DA:227,0
DA:229,0
DA:231,0
DA:234,0
DA:239,0
DA:240,0
DA:241,0
DA:246,0
DA:247,0
DA:248,0
DA:249,0
DA:250,0
DA:251,0
DA:252,0
DA:253,0
DA:257,0
DA:258,0
DA:260,0
DA:261,0
DA:262,0
DA:265,0
DA:266,0
DA:267,0
DA:269,0
DA:270,0
DA:272,0
DA:283,0
DA:284,0
DA:285,0
DA:286,0
DA:290,0
DA:291,0
DA:292,0
DA:294,0
DA:298,0
DA:301,0
DA:302,0
DA:303,0
DA:305,0
DA:308,0
DA:309,0
DA:310,0
DA:312,0
DA:317,0
DA:318,0
DA:319,0
DA:320,0
DA:323,0
DA:324,0
DA:326,0
DA:329,0
DA:333,0
DA:334,0
DA:339,0
DA:340,0
DA:342,0
DA:347,0
DA:348,0
DA:350,0
DA:351,0
DA:352,0
DA:353,0
DA:354,0
DA:358,0
DA:365,0
DA:369,0
DA:370,0
DA:375,0
DA:377,0
DA:378,0
DA:380,0
DA:384,0
DA:385,0
DA:386,0
DA:391,0
DA:392,0
DA:393,0
DA:394,0
DA:397,0
DA:401,0
DA:436,0
DA:437,0
DA:438,0
DA:439,0
DA:442,0
DA:444,0
DA:445,0
DA:446,0
DA:447,0
DA:450,0
DA:451,0
DA:457,0
DA:458,0
DA:460,0
DA:462,0
DA:463,0
DA:471,0
DA:472,0
DA:477,0
DA:482,0
DA:485,0
DA:493,0
DA:497,0
DA:498,0
DA:499,0
DA:500,0
DA:505,0
DA:506,0
DA:507,0
DA:508,0
DA:511,0
DA:513,0
DA:514,0
DA:521,0
DA:522,0
DA:523,0
DA:526,0
DA:530,0
DA:531,0
DA:532,0
DA:536,0
DA:537,0
DA:544,0
DA:580,0
DA:581,0
DA:624,0
LF:205
LH:0
BRDA:41,0,0,0
BRDA:41,0,1,0
BRDA:72,1,0,0
BRDA:72,1,1,0
BRDA:84,2,0,0
BRDA:84,2,1,0
BRDA:90,3,0,0
BRDA:90,3,1,0
BRDA:108,4,0,0
BRDA:108,4,1,0
BRDA:119,5,0,0
BRDA:119,5,1,0
BRDA:128,6,0,0
BRDA:128,6,1,0
BRDA:135,7,0,0
BRDA:135,7,1,0
BRDA:150,8,0,0
BRDA:150,8,1,0
BRDA:159,9,0,0
BRDA:159,9,1,0
BRDA:160,10,0,0
BRDA:160,10,1,0
BRDA:165,11,0,0
BRDA:165,11,1,0
BRDA:174,12,0,0
BRDA:174,12,1,0
BRDA:174,13,0,0
BRDA:174,13,1,0
BRDA:181,14,0,0
BRDA:181,14,1,0
BRDA:185,15,0,0
BRDA:185,15,1,0
BRDA:191,16,0,0
BRDA:191,16,1,0
BRDA:201,17,0,0
BRDA:201,17,1,0
BRDA:210,18,0,0
BRDA:210,18,1,0
BRDA:218,19,0,0
BRDA:218,19,1,0
BRDA:218,20,0,0
BRDA:218,20,1,0
BRDA:229,21,0,0
BRDA:229,21,1,0
BRDA:240,22,0,0
BRDA:240,22,1,0
BRDA:240,23,0,0
BRDA:240,23,1,0
BRDA:250,24,0,0
BRDA:250,24,1,0
BRDA:258,25,0,0
BRDA:258,25,1,0
BRDA:258,26,0,0
BRDA:258,26,1,0
BRDA:258,26,2,0
BRDA:260,27,0,0
BRDA:260,27,1,0
BRDA:285,28,0,0
BRDA:285,28,1,0
BRDA:292,29,0,0
BRDA:292,29,1,0
BRDA:303,30,0,0
BRDA:303,30,1,0
BRDA:309,31,0,0
BRDA:309,31,1,0
BRDA:318,32,0,0
BRDA:318,32,1,0
BRDA:319,33,0,0
BRDA:319,33,1,0
BRDA:348,34,0,0
BRDA:348,34,1,0
BRDA:348,35,0,0
BRDA:348,35,1,0
BRDA:354,36,0,0
BRDA:354,36,1,0
BRDA:354,37,0,0
BRDA:354,37,1,0
BRDA:370,38,0,0
BRDA:370,38,1,0
BRDA:377,39,0,0
BRDA:377,39,1,0
BRDA:397,40,0,0
BRDA:397,40,1,0
BRDA:398,41,0,0
BRDA:398,41,1,0
BRDA:404,42,0,0
BRDA:404,42,1,0
BRDA:408,43,0,0
BRDA:408,43,1,0
BRDA:412,44,0,0
BRDA:412,44,1,0
BRDA:422,45,0,0
BRDA:422,45,1,0
BRDA:424,46,0,0
BRDA:424,46,1,0
BRDA:426,47,0,0
BRDA:426,47,1,0
BRDA:437,48,0,0
BRDA:437,48,1,0
BRDA:437,49,0,0
BRDA:437,49,1,0
BRDA:451,50,0,0
BRDA:451,50,1,0
BRDA:451,50,2,0
BRDA:451,50,3,0
BRDA:454,51,0,0
BRDA:454,51,1,0
BRDA:457,52,0,0
BRDA:457,52,1,0
BRDA:460,53,0,0
BRDA:460,53,1,0
BRDA:465,54,0,0
BRDA:465,54,1,0
BRDA:466,55,0,0
BRDA:466,55,1,0
BRDA:471,56,0,0
BRDA:471,56,1,0
BRDA:499,57,0,0
BRDA:499,57,1,0
BRDA:506,58,0,0
BRDA:506,58,1,0
BRDA:506,59,0,0
BRDA:506,59,1,0
BRDA:523,60,0,0
BRDA:523,60,1,0
BRDA:523,61,0,0
BRDA:523,61,1,0
BRDA:532,62,0,0
BRDA:532,62,1,0
BRDA:536,63,0,0
BRDA:536,63,1,0
BRDA:548,64,0,0
BRDA:548,64,1,0
BRDA:553,65,0,0
BRDA:553,65,1,0
BRDA:554,66,0,0
BRDA:554,66,1,0
BRDA:556,67,0,0
BRDA:556,67,1,0
BRDA:561,68,0,0
BRDA:561,68,1,0
BRDA:580,69,0,0
BRDA:580,69,1,0
BRDA:580,70,0,0
BRDA:580,70,1,0
BRDA:604,71,0,0
BRDA:604,71,1,0
BRDA:604,71,2,0
BRDA:607,72,0,0
BRDA:607,72,1,0
BRDA:609,73,0,0
BRDA:609,73,1,0
BRF:152
BRH:0
end_of_record
TN:
SF:screens/ConversationsScreen/ConversationsScreen.js
FN:32,(anonymous_0)
FN:34,(anonymous_1)
FN:38,(anonymous_2)
FN:39,(anonymous_3)
FN:40,(anonymous_4)
FN:48,(anonymous_5)
FN:96,(anonymous_6)
FN:124,(anonymous_7)
FN:125,(anonymous_8)
FN:140,(anonymous_9)
FN:145,(anonymous_10)
FN:151,(anonymous_11)
FN:157,(anonymous_12)
FN:177,(anonymous_13)
FN:184,(anonymous_14)
FN:198,(anonymous_15)
FN:216,(anonymous_16)
FN:259,(anonymous_17)
FN:264,(anonymous_18)
FN:267,(anonymous_19)
FN:278,(anonymous_20)
FN:286,(anonymous_21)
FN:290,(anonymous_22)
FN:297,(anonymous_23)
FN:311,(anonymous_24)
FN:328,(anonymous_25)
FN:332,(anonymous_26)
FN:346,(anonymous_27)
FN:418,(anonymous_28)
FNF:29
FNH:0
FNDA:0,(anonymous_0)
FNDA:0,(anonymous_1)
FNDA:0,(anonymous_2)
FNDA:0,(anonymous_3)
FNDA:0,(anonymous_4)
FNDA:0,(anonymous_5)
FNDA:0,(anonymous_6)
FNDA:0,(anonymous_7)
FNDA:0,(anonymous_8)
FNDA:0,(anonymous_9)
FNDA:0,(anonymous_10)
FNDA:0,(anonymous_11)
FNDA:0,(anonymous_12)
FNDA:0,(anonymous_13)
FNDA:0,(anonymous_14)
FNDA:0,(anonymous_15)
FNDA:0,(anonymous_16)
FNDA:0,(anonymous_17)
FNDA:0,(anonymous_18)
FNDA:0,(anonymous_19)
FNDA:0,(anonymous_20)
FNDA:0,(anonymous_21)
FNDA:0,(anonymous_22)
FNDA:0,(anonymous_23)
FNDA:0,(anonymous_24)
FNDA:0,(anonymous_25)
FNDA:0,(anonymous_26)
FNDA:0,(anonymous_27)
FNDA:0,(anonymous_28)
DA:32,0
DA:38,0
DA:39,0
DA:46,0
DA:48,0
DA:49,0
DA:51,0
DA:52,0
DA:53,0
DA:54,0
DA:55,0
DA:58,0
DA:59,0
DA:63,0
DA:64,0
DA:72,0
DA:73,0
DA:77,0
DA:78,0
DA:85,0
DA:91,0
DA:92,0
DA:96,0
DA:97,0
DA:98,0
DA:99,0
DA:100,0
DA:103,0
DA:121,0
DA:124,0
DA:125,0
DA:126,0
DA:127,0
DA:131,0
DA:136,0
DA:137,0
DA:140,0
DA:141,0
DA:142,0
DA:145,0
DA:146,0
DA:147,0
DA:148,0
DA:151,0
DA:152,0
DA:154,0
DA:157,0
DA:158,0
DA:162,0
DA:163,0
DA:165,0
DA:177,0
DA:179,0
DA:180,0
DA:184,0
DA:185,0
DA:186,0
DA:187,0
DA:190,0
DA:191,0
DA:192,0
DA:193,0
DA:194,0
DA:195,0
DA:198,0
DA:199,0
DA:216,0
DA:217,0
DA:218,0
DA:219,0
DA:220,0
DA:221,0
DA:224,0
DA:226,0
DA:227,0
DA:228,0
DA:231,0
DA:232,0
DA:234,0
DA:235,0
DA:237,0
DA:239,0
DA:240,0
DA:242,0
DA:248,0
DA:249,0
DA:250,0
DA:252,0
DA:253,0
DA:254,0
DA:259,0
DA:260,0
DA:264,0
DA:265,0
DA:267,0
DA:268,0
DA:270,0
DA:271,0
DA:276,0
DA:278,0
DA:279,0
DA:280,0
DA:285,0
DA:287,0
DA:288,0
DA:290,0
DA:297,0
DA:298,0
DA:299,0
DA:300,0
DA:303,0
DA:311,0
DA:312,0
DA:313,0
DA:314,0
DA:315,0
DA:317,0
DA:318,0
DA:320,0
DA:323,0
DA:328,0
DA:329,0
DA:330,0
DA:332,0
DA:333,0
DA:334,0
DA:335,0
DA:340,0
DA:346,0
DA:400,0
DA:418,0
DA:464,0
LF:132
LH:0
BRDA:49,0,0,0
BRDA:49,0,1,0
BRDA:58,1,0,0
BRDA:58,1,1,0
BRDA:63,2,0,0
BRDA:63,2,1,0
BRDA:72,3,0,0
BRDA:72,3,1,0
BRDA:77,4,0,0
BRDA:77,4,1,0
BRDA:99,5,0,0
BRDA:99,5,1,0
BRDA:121,6,0,0
BRDA:121,6,1,0
BRDA:126,7,0,0
BRDA:126,7,1,0
BRDA:136,8,0,0
BRDA:136,8,1,0
BRDA:140,9,0,0
BRDA:140,9,1,0
BRDA:148,10,0,0
BRDA:148,10,1,0
BRDA:158,11,0,0
BRDA:158,11,1,0
BRDA:159,12,0,0
BRDA:159,12,1,0
BRDA:162,13,0,0
BRDA:162,13,1,0
BRDA:163,14,0,0
BRDA:163,14,1,0
BRDA:168,15,0,0
BRDA:168,15,1,0
BRDA:169,16,0,0
BRDA:169,16,1,0
BRDA:173,17,0,0
BRDA:173,17,1,0
BRDA:216,18,0,0
BRDA:218,19,0,0
BRDA:218,19,1,0
BRDA:218,20,0,0
BRDA:218,20,1,0
BRDA:220,21,0,0
BRDA:220,21,1,0
BRDA:227,22,0,0
BRDA:227,22,1,0
BRDA:242,23,0,0
BRDA:242,23,1,0
BRDA:244,24,0,0
BRDA:244,24,1,0
BRDA:268,25,0,0
BRDA:268,25,1,0
BRDA:270,26,0,0
BRDA:270,26,1,0
BRDA:280,27,0,0
BRDA:280,27,1,0
BRDA:298,28,0,0
BRDA:298,28,1,0
BRDA:317,29,0,0
BRDA:317,29,1,0
BRDA:330,30,0,0
BRDA:330,30,1,0
BRDA:333,31,0,0
BRDA:333,31,1,0
BRDA:334,32,0,0
BRDA:334,32,1,0
BRDA:344,33,0,0
BRDA:344,33,1,0
BRDA:349,34,0,0
BRDA:349,34,1,0
BRDA:371,35,0,0
BRDA:371,35,1,0
BRDA:383,36,0,0
BRDA:383,36,1,0
BRDA:385,37,0,0
BRDA:385,37,1,0
BRDA:387,38,0,0
BRDA:387,38,1,0
BRDA:404,39,0,0
BRDA:404,39,1,0
BRDA:407,40,0,0
BRDA:407,40,1,0
BRDA:407,41,0,0
BRDA:407,41,1,0
BRDA:421,42,0,0
BRDA:421,42,1,0
BRDA:434,43,0,0
BRDA:434,43,1,0
BRF:87
BRH:0
end_of_record
TN:
SF:screens/EditAdScreen/EditAdScreen.js
FN:18,(anonymous_0)
FN:31,(anonymous_1)
FN:32,(anonymous_2)
FN:57,(anonymous_3)
FN:81,(anonymous_4)
FN:91,(anonymous_5)
FN:100,(anonymous_6)
FN:107,(anonymous_7)
FN:124,(anonymous_8)
FN:135,(anonymous_9)
FN:144,(anonymous_10)
FN:151,(anonymous_11)
FN:159,(anonymous_12)
FN:172,(anonymous_13)
FN:188,(anonymous_14)
FNF:15
FNH:0
FNDA:0,(anonymous_0)
FNDA:0,(anonymous_1)
FNDA:0,(anonymous_2)
FNDA:0,(anonymous_3)
FNDA:0,(anonymous_4)
FNDA:0,(anonymous_5)
FNDA:0,(anonymous_6)
FNDA:0,(anonymous_7)
FNDA:0,(anonymous_8)
FNDA:0,(anonymous_9)
FNDA:0,(anonymous_10)
FNDA:0,(anonymous_11)
FNDA:0,(anonymous_12)
FNDA:0,(anonymous_13)
FNDA:0,(anonymous_14)
DA:18,0
DA:19,0
DA:20,0
DA:21,0
DA:28,0
DA:29,0
DA:31,0
DA:32,0
DA:33,0
DA:34,0
DA:35,0
DA:36,0
DA:39,0
DA:47,0
DA:48,0
DA:50,0
DA:54,0
DA:57,0
DA:58,0
DA:61,0
DA:62,0
DA:63,0
DA:66,0
DA:67,0
DA:68,0
DA:69,0
DA:70,0
DA:73,0
DA:74,0
DA:75,0
DA:76,0
DA:77,0
DA:79,0
DA:80,0
DA:81,0
DA:84,0
DA:85,0
DA:86,0
DA:87,0
DA:91,0
DA:92,0
DA:98,0
DA:99,0
DA:101,0
DA:102,0
DA:103,0
DA:107,0
DA:114,0
DA:115,0
DA:122,0
DA:124,0
DA:135,0
DA:144,0
DA:151,0
DA:159,0
DA:173,0
DA:188,0
DA:197,0
LF:58
LH:0
BRDA:44,0,0,0
BRDA:44,0,1,0
BRDA:61,1,0,0
BRDA:61,1,1,0
BRDA:61,2,0,0
BRDA:61,2,1,0
BRDA:61,2,2,0
BRDA:61,2,3,0
BRDA:98,3,0,0
BRDA:98,3,1,0
BRDA:114,4,0,0
BRDA:114,4,1,0
BRDA:126,5,0,0
BRDA:126,5,1,0
BRDA:164,6,0,0
BRDA:164,6,1,0
BRDA:170,7,0,0
BRDA:170,7,1,0
BRF:18
BRH:0
end_of_record
TN:
SF:screens/HomeScreen/HomeScreen.js
FN:33,(anonymous_0)
FN:51,(anonymous_1)
FN:61,(anonymous_2)
FN:62,(anonymous_3)
FN:85,(anonymous_4)
FN:92,(anonymous_5)
FN:99,(anonymous_6)
FN:109,(anonymous_7)
FN:121,(anonymous_8)
FN:166,(anonymous_9)
FN:170,(anonymous_10)
FN:183,(anonymous_11)
FN:219,(anonymous_12)
FN:220,(anonymous_13)
FN:223,(anonymous_14)
FN:224,(anonymous_15)
FN:235,(anonymous_16)
FN:238,(anonymous_17)
FN:254,(anonymous_18)
FN:274,(anonymous_19)
FN:277,(anonymous_20)
FN:294,(anonymous_21)
FN:309,(anonymous_22)
FN:320,(anonymous_23)
FN:322,(anonymous_24)
FN:345,(anonymous_25)
FN:350,(anonymous_26)
FN:361,(anonymous_27)
FN:362,(anonymous_28)
FN:377,(anonymous_29)
FN:380,(anonymous_30)
FN:381,(anonymous_31)
FN:408,(anonymous_32)
FN:416,(anonymous_33)
FN:426,(anonymous_34)
FN:442,(anonymous_35)
FN:453,(anonymous_36)
FN:463,(anonymous_37)
FN:476,(anonymous_38)
FN:481,(anonymous_39)
FN:486,(anonymous_40)
FN:489,(anonymous_41)
FN:496,(anonymous_42)
FN:513,(anonymous_43)
FN:584,(anonymous_44)
FN:599,(anonymous_45)
FN:617,(anonymous_46)
FN:636,(anonymous_47)
FN:639,(anonymous_48)
FNF:49
FNH:0
FNDA:0,(anonymous_0)
FNDA:0,(anonymous_1)
FNDA:0,(anonymous_2)
FNDA:0,(anonymous_3)
FNDA:0,(anonymous_4)
FNDA:0,(anonymous_5)
FNDA:0,(anonymous_6)
FNDA:0,(anonymous_7)
FNDA:0,(anonymous_8)
FNDA:0,(anonymous_9)
FNDA:0,(anonymous_10)
FNDA:0,(anonymous_11)
FNDA:0,(anonymous_12)
FNDA:0,(anonymous_13)
FNDA:0,(anonymous_14)
FNDA:0,(anonymous_15)
FNDA:0,(anonymous_16)
FNDA:0,(anonymous_17)
FNDA:0,(anonymous_18)
FNDA:0,(anonymous_19)
FNDA:0,(anonymous_20)
FNDA:0,(anonymous_21)
FNDA:0,(anonymous_22)
FNDA:0,(anonymous_23)
FNDA:0,(anonymous_24)
FNDA:0,(anonymous_25)
FNDA:0,(anonymous_26)
FNDA:0,(anonymous_27)
FNDA:0,(anonymous_28)
FNDA:0,(anonymous_29)
FNDA:0,(anonymous_30)
FNDA:0,(anonymous_31)
FNDA:0,(anonymous_32)
FNDA:0,(anonymous_33)
FNDA:0,(anonymous_34)
FNDA:0,(anonymous_35)
FNDA:0,(anonymous_36)
FNDA:0,(anonymous_37)
FNDA:0,(anonymous_38)
FNDA:0,(anonymous_39)
FNDA:0,(anonymous_40)
FNDA:0,(anonymous_41)
FNDA:0,(anonymous_42)
FNDA:0,(anonymous_43)
FNDA:0,(anonymous_44)
FNDA:0,(anonymous_45)
FNDA:0,(anonymous_46)
FNDA:0,(anonymous_47)
FNDA:0,(anonymous_48)
DA:31,0
DA:33,0
DA:34,0
DA:35,0
DA:36,0
DA:37,0
DA:38,0
DA:39,0
DA:40,0
DA:41,0
DA:42,0
DA:44,0
DA:46,0
DA:48,0
DA:49,0
DA:50,0
DA:51,0
DA:52,0
DA:53,0
DA:61,0
DA:62,0
DA:63,0
DA:65,0
DA:67,0
DA:70,0
DA:71,0
DA:72,0
DA:75,0
DA:76,0
DA:77,0
DA:79,0
DA:85,0
DA:86,0
DA:87,0
DA:90,0
DA:92,0
DA:93,0
DA:94,0
DA:95,0
DA:99,0
DA:100,0
DA:101,0
DA:107,0
DA:109,0
DA:114,0
DA:116,0
DA:121,0
DA:122,0
DA:123,0
DA:124,0
DA:126,0
DA:127,0
DA:128,0
DA:132,0
DA:160,0
DA:161,0
DA:162,0
DA:165,0
DA:166,0
DA:170,0
DA:183,0
DA:184,0
DA:185,0
DA:204,0
DA:205,0
DA:206,0
DA:207,0
DA:210,0
DA:211,0
DA:212,0
DA:213,0
DA:214,0
DA:215,0
DA:219,0
DA:220,0
DA:223,0
DA:224,0
DA:225,0
DA:226,0
DA:227,0
DA:230,0
DA:233,0
DA:234,0
DA:235,0
DA:237,0
DA:238,0
DA:241,0
DA:243,0
DA:254,0
DA:274,0
DA:277,0
DA:294,0
DA:295,0
DA:296,0
DA:297,0
DA:298,0
DA:300,0
DA:301,0
DA:303,0
DA:304,0
DA:309,0
DA:310,0
DA:320,0
DA:321,0
DA:323,0
DA:328,0
DA:333,0
DA:345,0
DA:346,0
DA:347,0
DA:349,0
DA:350,0
DA:351,0
DA:354,0
DA:356,0
DA:361,0
DA:362,0
DA:363,0
DA:364,0
DA:365,0
DA:367,0
DA:369,0
DA:373,0
DA:377,0
DA:380,0
DA:381,0
DA:382,0
DA:384,0
DA:387,0
DA:390,0
DA:393,0
DA:400,0
DA:404,0
DA:405,0
DA:408,0
DA:409,0
DA:410,0
DA:416,0
DA:417,0
DA:418,0
DA:419,0
DA:426,0
DA:437,0
DA:442,0
DA:453,0
DA:463,0
DA:464,0
DA:471,0
DA:476,0
DA:481,0
DA:486,0
DA:490,0
DA:497,0
DA:498,0
DA:513,0
DA:523,0
DA:524,0
DA:527,0
DA:584,0
DA:599,0
DA:617,0
DA:637,0
DA:640,0
DA:641,0
DA:680,0
LF:165
LH:0
BRDA:61,0,0,0
BRDA:63,1,0,0
BRDA:63,1,1,0
BRDA:63,1,2,0
BRDA:63,1,3,0
BRDA:63,1,4,0
BRDA:70,2,0,0
BRDA:70,2,1,0
BRDA:71,3,0,0
BRDA:71,3,1,0
BRDA:75,4,0,0
BRDA:75,4,1,0
BRDA:76,5,0,0
BRDA:76,5,1,0
BRDA:86,6,0,0
BRDA:86,6,1,0
BRDA:107,7,0,0
BRDA:107,7,1,0
BRDA:127,8,0,0
BRDA:127,8,1,0
BRDA:160,9,0,0
BRDA:160,9,1,0
BRDA:161,10,0,0
BRDA:161,10,1,0
BRDA:162,11,0,0
BRDA:162,11,1,0
BRDA:178,12,0,0
BRDA:178,12,1,0
BRDA:178,12,2,0
BRDA:193,13,0,0
BRDA:193,13,1,0
BRDA:197,14,0,0
BRDA:197,14,1,0
BRDA:233,15,0,0
BRDA:233,15,1,0
BRDA:349,16,0,0
BRDA:349,16,1,0
BRDA:351,17,0,0
BRDA:351,17,1,0
BRDA:382,18,0,0
BRDA:382,18,1,0
BRDA:382,19,0,0
BRDA:382,19,1,0
BRDA:404,20,0,0
BRDA:404,20,1,0
BRDA:409,21,0,0
BRDA:409,21,1,0
BRDA:424,22,0,0
BRDA:424,22,1,0
BRDA:430,23,0,0
BRDA:430,23,1,0
BRDA:439,24,0,0
BRDA:439,24,1,0
BRDA:450,25,0,0
BRDA:450,25,1,0
BRDA:494,26,0,0
BRDA:494,26,1,0
BRDA:504,27,0,0
BRDA:504,27,1,0
BRDA:523,28,0,0
BRDA:523,28,1,0
BRDA:531,29,0,0
BRDA:531,29,1,0
BRDA:547,30,0,0
BRDA:547,30,1,0
BRDA:578,31,0,0
BRDA:578,31,1,0
BRDA:628,32,0,0
BRDA:628,32,1,0
BRDA:631,33,0,0
BRDA:631,33,1,0
BRDA:642,34,0,0
BRDA:642,34,1,0
BRDA:652,35,0,0
BRDA:652,35,1,0
BRDA:665,36,0,0
BRDA:665,36,1,0
BRDA:690,37,0,0
BRDA:690,37,1,0
BRF:79
BRH:0
end_of_record
TN:
SF:screens/LoginScreen/LoginScreen.js
FN:26,(anonymous_0)
FN:38,(anonymous_1)
FN:47,(anonymous_2)
FN:50,(anonymous_3)
FN:54,(anonymous_4)
FN:57,(anonymous_5)
FN:64,(anonymous_6)
FN:69,(anonymous_7)
FN:74,(anonymous_8)
FN:93,(anonymous_9)
FN:114,(anonymous_10)
FN:115,(anonymous_11)
FN:169,(anonymous_12)
FN:244,(anonymous_13)
FNF:14
FNH:0
FNDA:0,(anonymous_0)
FNDA:0,(anonymous_1)
FNDA:0,(anonymous_2)
FNDA:0,(anonymous_3)
FNDA:0,(anonymous_4)
FNDA:0,(anonymous_5)
FNDA:0,(anonymous_6)
FNDA:0,(anonymous_7)
FNDA:0,(anonymous_8)
FNDA:0,(anonymous_9)
FNDA:0,(anonymous_10)
FNDA:0,(anonymous_11)
FNDA:0,(anonymous_12)
FNDA:0,(anonymous_13)
DA:26,0
DA:27,0
DA:28,0
DA:32,0
DA:34,0
DA:38,0
DA:39,0
DA:40,0
DA:41,0
DA:42,0
DA:43,0
DA:44,0
DA:47,0
DA:48,0
DA:50,0
DA:52,0
DA:54,0
DA:57,0
DA:58,0
DA:59,0
DA:64,0
DA:65,0
DA:66,0
DA:69,0
DA:70,0
DA:71,0
DA:74,0
DA:75,0
DA:76,0
DA:77,0
DA:80,0
DA:81,0
DA:82,0
DA:85,0
DA:86,0
DA:87,0
DA:90,0
DA:93,0
DA:94,0
DA:95,0
DA:96,0
DA:98,0
DA:99,0
DA:100,0
DA:103,0
DA:104,0
DA:105,0
DA:106,0
DA:109,0
DA:114,0
DA:115,0
DA:118,0
DA:123,0
DA:124,0
DA:126,0
DA:127,0
DA:128,0
DA:129,0
DA:130,0
DA:131,0
DA:134,0
DA:135,0
DA:136,0
DA:138,0
DA:141,0
DA:142,0
DA:143,0
DA:146,0
DA:148,0
DA:154,0
DA:157,0
DA:161,0
DA:163,0
DA:167,0
DA:169,0
DA:244,0
DA:261,0
LF:77
LH:0
BRDA:70,0,0,0
BRDA:70,0,1,0
BRDA:75,1,0,0
BRDA:75,1,1,0
BRDA:75,2,0,0
BRDA:75,2,1,0
BRDA:80,3,0,0
BRDA:80,3,1,0
BRDA:85,4,0,0
BRDA:85,4,1,0
BRDA:98,5,0,0
BRDA:98,5,1,0
BRDA:104,6,0,0
BRDA:104,6,1,0
BRDA:123,7,0,0
BRDA:123,7,1,0
BRDA:126,8,0,0
BRDA:126,8,1,0
BRDA:128,9,0,0
BRDA:128,9,1,0
BRDA:130,10,0,0
BRDA:130,10,1,0
BRDA:135,11,0,0
BRDA:135,11,1,0
BRDA:141,12,0,0
BRDA:141,12,1,0
BRDA:157,13,0,0
BRDA:157,13,1,0
BRDA:158,14,0,0
BRDA:158,14,1,0
BRDA:171,15,0,0
BRDA:171,15,1,0
BRDA:185,16,0,0
BRDA:185,16,1,0
BRDA:186,17,0,0
BRDA:186,17,1,0
BRDA:191,18,0,0
BRDA:191,18,1,0
BRDA:206,19,0,0
BRDA:206,19,1,0
BRDA:233,20,0,0
BRDA:233,20,1,0
BRDA:236,21,0,0
BRDA:236,21,1,0
BRDA:239,22,0,0
BRDA:239,22,1,0
BRDA:277,23,0,0
BRDA:277,23,1,0
BRDA:347,24,0,0
BRDA:347,24,1,0
BRF:50
BRH:0
end_of_record
TN:
SF:screens/PlaceAdScreen/PlaceAdScreen.js
FN:28,(anonymous_0)
FN:43,(anonymous_1)
FN:50,(anonymous_2)
FN:69,(anonymous_3)
FN:73,(anonymous_4)
FN:108,(anonymous_5)
FN:114,(anonymous_6)
FN:151,(anonymous_7)
FN:167,(anonymous_8)
FN:196,(anonymous_9)
FN:222,(anonymous_10)
FN:239,(anonymous_11)
FN:259,(anonymous_12)
FN:283,(anonymous_13)
FN:293,(anonymous_14)
FN:305,(anonymous_15)
FN:318,(anonymous_16)
FN:341,(anonymous_17)
FN:346,(anonymous_18)
FNF:19
FNH:0
FNDA:0,(anonymous_0)
FNDA:0,(anonymous_1)
FNDA:0,(anonymous_2)
FNDA:0,(anonymous_3)
FNDA:0,(anonymous_4)
FNDA:0,(anonymous_5)
FNDA:0,(anonymous_6)
FNDA:0,(anonymous_7)
FNDA:0,(anonymous_8)
FNDA:0,(anonymous_9)
FNDA:0,(anonymous_10)
FNDA:0,(anonymous_11)
FNDA:0,(anonymous_12)
FNDA:0,(anonymous_13)
FNDA:0,(anonymous_14)
FNDA:0,(anonymous_15)
FNDA:0,(anonymous_16)
FNDA:0,(anonymous_17)
FNDA:0,(anonymous_18)
DA:26,0
DA:28,0
DA:29,0
DA:31,0
DA:38,0
DA:39,0
DA:40,0
DA:41,0
DA:43,0
DA:44,0
DA:50,0
DA:51,0
DA:52,0
DA:53,0
DA:54,0
DA:60,0
DA:61,0
DA:65,0
DA:69,0
DA:70,0
DA:73,0
DA:74,0
DA:75,0
DA:76,0
DA:79,0
DA:81,0
DA:82,0
DA:83,0
DA:86,0
DA:87,0
DA:95,0
DA:96,0
DA:97,0
DA:98,0
DA:99,0
DA:103,0
DA:104,0
DA:108,0
DA:109,0
DA:110,0
DA:111,0
DA:114,0
DA:115,0
DA:116,0
DA:117,0
DA:120,0
DA:121,0
DA:122,0
DA:125,0
DA:126,0
DA:127,0
DA:130,0
DA:131,0
DA:132,0
DA:133,0
DA:136,0
DA:137,0
DA:138,0
DA:139,0
DA:143,0
DA:144,0
DA:145,0
DA:148,0
DA:151,0
DA:152,0
DA:153,0
DA:154,0
DA:156,0
DA:157,0
DA:160,0
DA:161,0
DA:162,0
DA:166,0
DA:168,0
DA:170,0
DA:172,0
DA:178,0
DA:179,0
DA:184,0
DA:191,0
DA:197,0
DA:198,0
DA:208,0
DA:213,0
DA:214,0
DA:216,0
DA:220,0
DA:222,0
DA:239,0
DA:259,0
DA:283,0
DA:293,0
DA:305,0
DA:318,0
DA:342,0
DA:346,0
DA:383,0
LF:97
LH:0
BRDA:53,0,0,0
BRDA:53,0,1,0
BRDA:60,1,0,0
BRDA:60,1,1,0
BRDA:60,2,0,0
BRDA:60,2,1,0
BRDA:74,3,0,0
BRDA:74,3,1,0
BRDA:81,4,0,0
BRDA:81,4,1,0
BRDA:95,5,0,0
BRDA:95,5,1,0
BRDA:97,6,0,0
BRDA:97,6,1,0
BRDA:115,7,0,0
BRDA:115,7,1,0
BRDA:120,8,0,0
BRDA:120,8,1,0
BRDA:125,9,0,0
BRDA:125,9,1,0
BRDA:130,10,0,0
BRDA:130,10,1,0
BRDA:131,11,0,0
BRDA:131,11,1,0
BRDA:137,12,0,0
BRDA:137,12,1,0
BRDA:137,13,0,0
BRDA:137,13,1,0
BRDA:143,14,0,0
BRDA:143,14,1,0
BRDA:156,15,0,0
BRDA:156,15,1,0
BRDA:161,16,0,0
BRDA:161,16,1,0
BRDA:178,17,0,0
BRDA:178,17,1,0
BRDA:193,18,0,0
BRDA:193,18,1,0
BRDA:208,19,0,0
BRDA:208,19,1,0
BRDA:209,20,0,0
BRDA:209,20,1,0
BRDA:210,21,0,0
BRDA:210,21,1,0
BRDA:227,22,0,0
BRDA:227,22,1,0
BRDA:237,23,0,0
BRDA:237,23,1,0
BRDA:244,24,0,0
BRDA:244,24,1,0
BRDA:248,25,0,0
BRDA:248,25,1,0
BRDA:257,26,0,0
BRDA:257,26,1,0
BRDA:264,27,0,0
BRDA:264,27,1,0
BRDA:268,28,0,0
BRDA:268,28,1,0
BRDA:281,29,0,0
BRDA:281,29,1,0
BRDA:291,30,0,0
BRDA:291,30,1,0
BRDA:309,31,0,0
BRDA:309,31,1,0
BRDA:334,32,0,0
BRDA:334,32,1,0
BRDA:339,33,0,0
BRDA:339,33,1,0
BRDA:356,34,0,0
BRDA:356,34,1,0
BRDA:360,35,0,0
BRDA:360,35,1,0
BRDA:365,36,0,0
BRDA:365,36,1,0
BRDA:371,37,0,0
BRDA:371,37,1,0
BRDA:390,38,0,0
BRDA:390,38,1,0
BRF:78
BRH:0
end_of_record
TN:
SF:screens/ProductDetailsScreen/ProductDetailsScreen.js
FN:31,(anonymous_0)
FN:39,(anonymous_1)
FN:56,(anonymous_2)
FN:57,(anonymous_3)
FN:67,(anonymous_4)
FN:113,(anonymous_5)
FN:116,(anonymous_6)
FN:132,(anonymous_7)
FN:137,(anonymous_8)
FN:142,(anonymous_9)
FN:156,(anonymous_10)
FN:159,(anonymous_11)
FN:175,(anonymous_12)
FN:216,(anonymous_13)
FN:245,(anonymous_14)
FN:249,(anonymous_15)
FN:255,(anonymous_16)
FN:259,(anonymous_17)
FN:287,(anonymous_18)
FN:289,(anonymous_19)
FN:316,(anonymous_20)
FN:317,(anonymous_21)
FN:342,(anonymous_22)
FN:409,(anonymous_23)
FN:417,(anonymous_24)
FN:423,(anonymous_25)
FN:433,(anonymous_26)
FN:433,(anonymous_27)
FN:452,(anonymous_28)
FN:452,(anonymous_29)
FNF:30
FNH:0
FNDA:0,(anonymous_0)
FNDA:0,(anonymous_1)
FNDA:0,(anonymous_2)
FNDA:0,(anonymous_3)
FNDA:0,(anonymous_4)
FNDA:0,(anonymous_5)
FNDA:0,(anonymous_6)
FNDA:0,(anonymous_7)
FNDA:0,(anonymous_8)
FNDA:0,(anonymous_9)
FNDA:0,(anonymous_10)
FNDA:0,(anonymous_11)
FNDA:0,(anonymous_12)
FNDA:0,(anonymous_13)
FNDA:0,(anonymous_14)
FNDA:0,(anonymous_15)
FNDA:0,(anonymous_16)
FNDA:0,(anonymous_17)
FNDA:0,(anonymous_18)
FNDA:0,(anonymous_19)
FNDA:0,(anonymous_20)
FNDA:0,(anonymous_21)
FNDA:0,(anonymous_22)
FNDA:0,(anonymous_23)
FNDA:0,(anonymous_24)
FNDA:0,(anonymous_25)
FNDA:0,(anonymous_26)
FNDA:0,(anonymous_27)
FNDA:0,(anonymous_28)
FNDA:0,(anonymous_29)
DA:29,0
DA:31,0
DA:32,0
DA:33,0
DA:34,0
DA:39,0
DA:40,0
DA:41,0
DA:42,0
DA:43,0
DA:44,0
DA:45,0
DA:47,0
DA:48,0
DA:49,0
DA:50,0
DA:51,0
DA:52,0
DA:53,0
DA:56,0
DA:57,0
DA:58,0
DA:59,0
DA:60,0
DA:63,0
DA:67,0
DA:68,0
DA:69,0
DA:70,0
DA:72,0
DA:73,0
DA:74,0
DA:77,0
DA:78,0
DA:81,0
DA:83,0
DA:84,0
DA:88,0
DA:99,0
DA:100,0
DA:107,0
DA:108,0
DA:112,0
DA:113,0
DA:116,0
DA:120,0
DA:123,0
DA:124,0
DA:125,0
DA:126,0
DA:128,0
DA:132,0
DA:133,0
DA:137,0
DA:138,0
DA:140,0
DA:143,0
DA:157,0
DA:159,0
DA:175,0
DA:176,0
DA:177,0
DA:179,0
DA:180,0
DA:181,0
DA:184,0
DA:185,0
DA:186,0
DA:187,0
DA:191,0
DA:192,0
DA:193,0
DA:197,0
DA:198,0
DA:200,0
DA:203,0
DA:209,0
DA:210,0
DA:216,0
DA:220,0
DA:222,0
DA:228,0
DA:235,0
DA:238,0
DA:240,0
DA:245,0
DA:246,0
DA:247,0
DA:248,0
DA:250,0
DA:251,0
DA:253,0
DA:255,0
DA:259,0
DA:260,0
DA:261,0
DA:269,0
DA:270,0
DA:277,0
DA:278,0
DA:280,0
DA:288,0
DA:290,0
DA:291,0
DA:316,0
DA:318,0
DA:319,0
DA:342,0
DA:409,0
DA:410,0
DA:412,0
DA:417,0
DA:423,0
DA:433,0
DA:452,0
DA:471,0
DA:505,0
LF:117
LH:0
BRDA:32,0,0,0
BRDA:32,0,1,0
BRDA:33,1,0,0
BRDA:33,1,1,0
BRDA:59,2,0,0
BRDA:59,2,1,0
BRDA:73,3,0,0
BRDA:73,3,1,0
BRDA:77,4,0,0
BRDA:77,4,1,0
BRDA:83,5,0,0
BRDA:83,5,1,0
BRDA:90,6,0,0
BRDA:90,6,1,0
BRDA:90,6,2,0
BRDA:91,7,0,0
BRDA:91,7,1,0
BRDA:92,8,0,0
BRDA:92,8,1,0
BRDA:93,9,0,0
BRDA:93,9,1,0
BRDA:94,10,0,0
BRDA:94,10,1,0
BRDA:95,11,0,0
BRDA:95,11,1,0
BRDA:99,12,0,0
BRDA:99,12,1,0
BRDA:108,13,0,0
BRDA:108,13,1,0
BRDA:112,14,0,0
BRDA:112,14,1,0
BRDA:112,15,0,0
BRDA:112,15,1,0
BRDA:116,16,0,0
BRDA:116,16,1,0
BRDA:124,17,0,0
BRDA:124,17,1,0
BRDA:138,18,0,0
BRDA:138,18,1,0
BRDA:146,19,0,0
BRDA:146,19,1,0
BRDA:166,20,0,0
BRDA:166,20,1,0
BRDA:167,21,0,0
BRDA:167,21,1,0
BRDA:168,22,0,0
BRDA:168,22,1,0
BRDA:177,23,0,0
BRDA:177,23,1,0
BRDA:180,24,0,0
BRDA:180,24,1,0
BRDA:184,25,0,0
BRDA:184,25,1,0
BRDA:191,26,0,0
BRDA:191,26,1,0
BRDA:206,27,0,0
BRDA:206,27,1,0
BRDA:209,28,0,0
BRDA:209,28,1,0
BRDA:220,29,0,0
BRDA:220,29,1,0
BRDA:246,30,0,0
BRDA:246,30,1,0
BRDA:250,31,0,0
BRDA:250,31,1,0
BRDA:260,32,0,0
BRDA:260,32,1,0
BRDA:269,33,0,0
BRDA:269,33,1,0
BRDA:277,34,0,0
BRDA:277,34,1,0
BRDA:284,35,0,0
BRDA:284,35,1,0
BRDA:300,36,0,0
BRDA:300,36,1,0
BRDA:318,37,0,0
BRDA:318,37,1,0
BRDA:332,38,0,0
BRDA:332,38,1,0
BRDA:349,39,0,0
BRDA:349,39,1,0
BRDA:353,40,0,0
BRDA:353,40,1,0
BRDA:363,41,0,0
BRDA:363,41,1,0
BRDA:371,42,0,0
BRDA:371,42,1,0
BRDA:383,43,0,0
BRDA:383,43,1,0
BRDA:393,44,0,0
BRDA:393,44,1,0
BRDA:393,44,2,0
BRDA:410,45,0,0
BRDA:410,45,1,0
BRDA:430,46,0,0
BRDA:430,46,1,0
BRDA:440,47,0,0
BRDA:440,47,1,0
BRDA:440,47,2,0
BRDA:449,48,0,0
BRDA:449,48,1,0
BRDA:449,49,0,0
BRDA:449,49,1,0
BRDA:459,50,0,0
BRDA:459,50,1,0
BRDA:459,50,2,0
BRDA:475,51,0,0
BRDA:475,51,1,0
BRDA:478,52,0,0
BRDA:478,52,1,0
BRDA:483,53,0,0
BRDA:483,53,1,0
BRDA:706,54,0,0
BRDA:706,54,1,0
BRDA:720,55,0,0
BRDA:720,55,1,0
BRDA:757,56,0,0
BRDA:757,56,1,0
BRF:118
BRH:0
end_of_record
TN:
SF:screens/SignUpScreen/SignUpScreen.js
FN:26,(anonymous_0)
FN:44,(anonymous_1)
FN:45,(anonymous_2)
FN:51,(anonymous_3)
FN:91,(anonymous_4)
FN:121,(anonymous_5)
FN:122,(anonymous_6)
FN:220,(anonymous_7)
FN:247,(anonymous_8)
FN:287,(anonymous_9)
FN:289,(anonymous_10)
FN:300,(anonymous_11)
FN:302,(anonymous_12)
FN:314,(anonymous_13)
FN:316,(anonymous_14)
FN:329,(anonymous_15)
FN:331,(anonymous_16)
FN:346,(anonymous_17)
FN:352,(anonymous_18)
FN:362,(anonymous_19)
FN:364,(anonymous_20)
FN:375,(anonymous_21)
FN:377,(anonymous_22)
FN:390,(anonymous_23)
FN:392,(anonymous_24)
FN:413,(anonymous_25)
FNF:26
FNH:0
FNDA:0,(anonymous_0)
FNDA:0,(anonymous_1)
FNDA:0,(anonymous_2)
FNDA:0,(anonymous_3)
FNDA:0,(anonymous_4)
FNDA:0,(anonymous_5)
FNDA:0,(anonymous_6)
FNDA:0,(anonymous_7)
FNDA:0,(anonymous_8)
FNDA:0,(anonymous_9)
FNDA:0,(anonymous_10)
FNDA:0,(anonymous_11)
FNDA:0,(anonymous_12)
FNDA:0,(anonymous_13)
FNDA:0,(anonymous_14)
FNDA:0,(anonymous_15)
FNDA:0,(anonymous_16)
FNDA:0,(anonymous_17)
FNDA:0,(anonymous_18)
FNDA:0,(anonymous_19)
FNDA:0,(anonymous_20)
FNDA:0,(anonymous_21)
FNDA:0,(anonymous_22)
FNDA:0,(anonymous_23)
FNDA:0,(anonymous_24)
FNDA:0,(anonymous_25)
DA:26,0
DA:27,0
DA:28,0
DA:39,0
DA:40,0
DA:41,0
DA:42,0
DA:44,0
DA:45,0
DA:51,0
DA:52,0
DA:53,0
DA:54,0
DA:55,0
DA:58,0
DA:59,0
DA:66,0
DA:67,0
DA:68,0
DA:71,0
DA:72,0
DA:78,0
DA:79,0
DA:82,0
DA:83,0
DA:86,0
DA:87,0
DA:91,0
DA:92,0
DA:93,0
DA:94,0
DA:95,0
DA:98,0
DA:99,0
DA:100,0
DA:101,0
DA:105,0
DA:106,0
DA:107,0
DA:108,0
DA:112,0
DA:121,0
DA:122,0
DA:125,0
DA:127,0
DA:128,0
DA:134,0
DA:135,0
DA:136,0
DA:138,0
DA:141,0
DA:142,0
DA:143,0
DA:146,0
DA:149,0
DA:160,0
DA:161,0
DA:162,0
DA:163,0
DA:167,0
DA:168,0
DA:169,0
DA:170,0
DA:172,0
DA:173,0
DA:176,0
DA:177,0
DA:179,0
DA:186,0
DA:187,0
DA:191,0
DA:195,0
DA:196,0
DA:202,0
DA:208,0
DA:211,0
DA:214,0
DA:221,0
DA:232,0
DA:235,0
DA:239,0
DA:241,0
DA:245,0
DA:248,0
DA:249,0
DA:288,0
DA:289,0
DA:301,0
DA:302,0
DA:315,0
DA:316,0
DA:330,0
DA:331,0
DA:346,0
DA:352,0
DA:363,0
DA:364,0
DA:376,0
DA:377,0
DA:391,0
DA:392,0
DA:413,0
DA:426,0
LF:103
LH:0
BRDA:53,0,0,0
BRDA:53,0,1,0
BRDA:66,1,0,0
BRDA:66,1,1,0
BRDA:66,2,0,0
BRDA:66,2,1,0
BRDA:66,2,2,0
BRDA:99,3,0,0
BRDA:99,3,1,0
BRDA:106,4,0,0
BRDA:106,4,1,0
BRDA:127,5,0,0
BRDA:127,5,1,0
BRDA:128,6,0,0
BRDA:128,6,1,0
BRDA:130,7,0,0
BRDA:130,7,1,0
BRDA:135,8,0,0
BRDA:135,8,1,0
BRDA:141,9,0,0
BRDA:141,9,1,0
BRDA:160,10,0,0
BRDA:160,10,1,0
BRDA:167,11,0,0
BRDA:167,11,1,0
BRDA:172,12,0,0
BRDA:172,12,1,0
BRDA:186,13,0,0
BRDA:186,13,1,0
BRDA:195,14,0,0
BRDA:195,14,1,0
BRDA:235,15,0,0
BRDA:235,15,1,0
BRDA:236,16,0,0
BRDA:236,16,1,0
BRDA:256,17,0,0
BRDA:256,17,1,0
BRDA:263,18,0,0
BRDA:263,18,1,0
BRDA:270,19,0,0
BRDA:270,19,1,0
BRDA:284,20,0,0
BRDA:284,20,1,0
BRDA:292,21,0,0
BRDA:292,21,1,0
BRDA:297,22,0,0
BRDA:297,22,1,0
BRDA:306,23,0,0
BRDA:306,23,1,0
BRDA:311,24,0,0
BRDA:311,24,1,0
BRDA:321,25,0,0
BRDA:321,25,1,0
BRDA:326,26,0,0
BRDA:326,26,1,0
BRDA:335,27,0,0
BRDA:335,27,1,0
BRDA:345,28,0,0
BRDA:345,28,1,0
BRDA:351,29,0,0
BRDA:351,29,1,0
BRDA:359,30,0,0
BRDA:359,30,1,0
BRDA:367,31,0,0
BRDA:367,31,1,0
BRDA:372,32,0,0
BRDA:372,32,1,0
BRDA:382,33,0,0
BRDA:382,33,1,0
BRDA:387,34,0,0
BRDA:387,34,1,0
BRDA:397,35,0,0
BRDA:397,35,1,0
BRDA:402,36,0,0
BRDA:402,36,1,0
BRDA:407,37,0,0
BRDA:407,37,1,0
BRF:77
BRH:0
end_of_record
TN:
SF:screens/UpdateProfileScreen/UpdateProfileScreen.js
FN:26,(anonymous_0)
FN:30,(anonymous_1)
FN:60,(anonymous_2)
FN:64,(anonymous_3)
FN:65,(anonymous_4)
FN:68,(anonymous_5)
FN:72,(anonymous_6)
FN:167,(anonymous_7)
FN:168,(anonymous_8)
FN:175,(anonymous_9)
FN:210,(anonymous_10)
FN:258,(anonymous_11)
FN:275,(anonymous_12)
FN:321,(anonymous_13)
FN:323,(anonymous_14)
FN:337,(anonymous_15)
FN:339,(anonymous_16)
FN:353,(anonymous_17)
FN:355,(anonymous_18)
FN:369,(anonymous_19)
FN:371,(anonymous_20)
FN:386,(anonymous_21)
FN:388,(anonymous_22)
FN:409,(anonymous_23)
FN:424,(anonymous_24)
FN:458,(anonymous_25)
FNF:26
FNH:0
FNDA:0,(anonymous_0)
FNDA:0,(anonymous_1)
FNDA:0,(anonymous_2)
FNDA:0,(anonymous_3)
FNDA:0,(anonymous_4)
FNDA:0,(anonymous_5)
FNDA:0,(anonymous_6)
FNDA:0,(anonymous_7)
FNDA:0,(anonymous_8)
FNDA:0,(anonymous_9)
FNDA:0,(anonymous_10)
FNDA:0,(anonymous_11)
FNDA:0,(anonymous_12)
FNDA:0,(anonymous_13)
FNDA:0,(anonymous_14)
FNDA:0,(anonymous_15)
FNDA:0,(anonymous_16)
FNDA:0,(anonymous_17)
FNDA:0,(anonymous_18)
FNDA:0,(anonymous_19)
FNDA:0,(anonymous_20)
FNDA:0,(anonymous_21)
FNDA:0,(anonymous_22)
FNDA:0,(anonymous_23)
FNDA:0,(anonymous_24)
FNDA:0,(anonymous_25)
DA:26,0
DA:27,0
DA:30,0
DA:31,0
DA:33,0
DA:43,0
DA:44,0
DA:45,0
DA:46,0
DA:54,0
DA:55,0
DA:57,0
DA:58,0
DA:60,0
DA:61,0
DA:64,0
DA:65,0
DA:67,0
DA:68,0
DA:72,0
DA:73,0
DA:74,0
DA:77,0
DA:79,0
DA:80,0
DA:81,0
DA:84,0
DA:85,0
DA:86,0
DA:87,0
DA:90,0
DA:96,0
DA:97,0
DA:100,0
DA:101,0
DA:103,0
DA:113,0
DA:114,0
DA:115,0
DA:118,0
DA:122,0
DA:123,0
DA:124,0
DA:128,0
DA:131,0
DA:132,0
DA:135,0
DA:145,0
DA:146,0
DA:149,0
DA:153,0
DA:154,0
DA:155,0
DA:157,0
DA:163,0
DA:167,0
DA:168,0
DA:175,0
DA:176,0
DA:177,0
DA:179,0
DA:180,0
DA:181,0
DA:182,0
DA:185,0
DA:192,0
DA:193,0
DA:194,0
DA:198,0
DA:199,0
DA:202,0
DA:203,0
DA:205,0
DA:206,0
DA:210,0
DA:211,0
DA:212,0
DA:213,0
DA:214,0
DA:215,0
DA:218,0
DA:219,0
DA:220,0
DA:221,0
DA:225,0
DA:226,0
DA:227,0
DA:231,0
DA:232,0
DA:233,0
DA:234,0
DA:236,0
DA:241,0
DA:242,0
DA:243,0
DA:247,0
DA:248,0
DA:249,0
DA:250,0
DA:255,0
DA:258,0
DA:262,0
DA:263,0
DA:264,0
DA:265,0
DA:268,0
DA:269,0
DA:273,0
DA:276,0
DA:277,0
DA:322,0
DA:323,0
DA:338,0
DA:339,0
DA:354,0
DA:355,0
DA:370,0
DA:371,0
DA:387,0
DA:388,0
DA:409,0
DA:424,0
DA:458,0
DA:474,0
LF:124
LH:0
BRDA:31,0,0,0
BRDA:31,0,1,0
BRDA:79,1,0,0
BRDA:79,1,1,0
BRDA:84,2,0,0
BRDA:84,2,1,0
BRDA:96,3,0,0
BRDA:96,3,1,0
BRDA:100,4,0,0
BRDA:100,4,1,0
BRDA:104,5,0,0
BRDA:104,5,1,0
BRDA:105,6,0,0
BRDA:105,6,1,0
BRDA:106,7,0,0
BRDA:106,7,1,0
BRDA:107,8,0,0
BRDA:107,8,1,0
BRDA:108,9,0,0
BRDA:108,9,1,0
BRDA:113,10,0,0
BRDA:113,10,1,0
BRDA:122,11,0,0
BRDA:122,11,1,0
BRDA:122,12,0,0
BRDA:122,12,1,0
BRDA:131,13,0,0
BRDA:131,13,1,0
BRDA:136,14,0,0
BRDA:136,14,1,0
BRDA:137,15,0,0
BRDA:137,15,1,0
BRDA:138,16,0,0
BRDA:138,16,1,0
BRDA:139,17,0,0
BRDA:139,17,1,0
BRDA:140,18,0,0
BRDA:140,18,1,0
BRDA:145,19,0,0
BRDA:145,19,1,0
BRDA:153,20,0,0
BRDA:153,20,1,0
BRDA:153,21,0,0
BRDA:153,21,1,0
BRDA:180,22,0,0
BRDA:180,22,1,0
BRDA:192,23,0,0
BRDA:192,23,1,0
BRDA:192,24,0,0
BRDA:192,24,1,0
BRDA:192,24,2,0
BRDA:219,25,0,0
BRDA:219,25,1,0
BRDA:226,26,0,0
BRDA:226,26,1,0
BRDA:232,27,0,0
BRDA:232,27,1,0
BRDA:242,28,0,0
BRDA:242,28,1,0
BRDA:247,29,0,0
BRDA:247,29,1,0
BRDA:249,30,0,0
BRDA:249,30,1,0
BRDA:263,31,0,0
BRDA:263,31,1,0
BRDA:263,32,0,0
BRDA:263,32,1,0
BRDA:264,33,0,0
BRDA:264,33,1,0
BRDA:285,34,0,0
BRDA:285,34,1,0
BRDA:298,35,0,0
BRDA:298,35,1,0
BRDA:318,36,0,0
BRDA:318,36,1,0
BRDA:326,37,0,0
BRDA:326,37,1,0
BRDA:334,38,0,0
BRDA:334,38,1,0
BRDA:342,39,0,0
BRDA:342,39,1,0
BRDA:350,40,0,0
BRDA:350,40,1,0
BRDA:358,41,0,0
BRDA:358,41,1,0
BRDA:366,42,0,0
BRDA:366,42,1,0
BRDA:375,43,0,0
BRDA:375,43,1,0
BRDA:383,44,0,0
BRDA:383,44,1,0
BRDA:392,45,0,0
BRDA:392,45,1,0
BRDA:407,46,0,0
BRDA:407,46,1,0
BRDA:413,47,0,0
BRDA:413,47,1,0
BRDA:422,48,0,0
BRDA:422,48,1,0
BRDA:428,49,0,0
BRDA:428,49,1,0
BRDA:441,50,0,0
BRDA:441,50,1,0
BRDA:446,51,0,0
BRDA:446,51,1,0
BRDA:485,52,0,0
BRDA:485,52,1,0
BRF:107
BRH:0
end_of_record
TN:
SF:scripts/migrate.js
FN:28,migrateUsers
FN:114,migrateProducts
FN:240,migrateConversations
FN:314,migrateMessagesForConversation
FN:385,migrate
FNF:5
FNH:0
FNDA:0,migrateUsers
FNDA:0,migrateProducts
FNDA:0,migrateConversations
FNDA:0,migrateMessagesForConversation
FNDA:0,migrate
DA:9,0
DA:14,0
DA:17,0
DA:18,0
DA:19,0
DA:22,0
DA:23,0
DA:24,0
DA:29,0
DA:31,0
DA:32,0
DA:34,0
DA:35,0
DA:37,0
DA:38,0
DA:39,0
DA:46,0
DA:48,0
DA:49,0
DA:50,0
DA:54,0
DA:64,0
DA:65,0
DA:66,0
DA:67,0
DA:68,0
DA:71,0
DA:72,0
DA:73,0
DA:76,0
DA:80,0
DA:81,0
DA:84,0
DA:88,0
DA:92,0
DA:96,0
DA:100,0
DA:101,0
DA:103,0
DA:106,0
DA:110,0
DA:115,0
DA:117,0
DA:118,0
DA:119,0
DA:121,0
DA:122,0
DA:124,0
DA:125,0
DA:126,0
DA:129,0
DA:135,0
DA:136,0
DA:137,0
DA:141,0
DA:153,0
DA:159,0
DA:160,0
DA:161,0
DA:165,0
DA:166,0
DA:167,0
DA:169,0
DA:170,0
DA:171,0
DA:172,0
DA:173,0
DA:176,0
DA:177,0
DA:178,0
DA:181,0
DA:182,0
DA:186,0
DA:187,0
DA:190,0
DA:195,0
DA:203,0
DA:204,0
DA:208,0
DA:209,0
DA:214,0
DA:218,0
DA:219,0
DA:224,0
DA:225,0
DA:230,0
DA:232,0
DA:236,0
DA:241,0
DA:243,0
DA:244,0
DA:245,0
DA:247,0
DA:248,0
DA:250,0
DA:251,0
DA:252,0
DA:253,0
DA:255,0
DA:256,0
DA:257,0
DA:261,0
DA:262,0
DA:263,0
DA:269,0
DA:270,0
DA:271,0
DA:274,0
DA:277,0
DA:278,0
DA:279,0
DA:283,0
DA:292,0
DA:296,0
DA:297,0
DA:298,0
DA:302,0
DA:304,0
DA:306,0
DA:310,0
DA:315,0
DA:316,0
DA:317,0
DA:318,0
DA:319,0
DA:321,0
DA:322,0
DA:324,0
DA:325,0
DA:326,0
DA:328,0
DA:329,0
DA:330,0
DA:334,0
DA:340,0
DA:341,0
DA:342,0
DA:346,0
DA:347,0
DA:349,0
DA:350,0
DA:356,0
DA:357,0
DA:362,0
DA:371,0
DA:375,0
DA:376,0
DA:379,0
DA:386,0
DA:388,0
DA:389,0
DA:390,0
DA:392,0
DA:394,0
DA:397,0
DA:398,0
DA:404,0
LF:157
LH:0
BRDA:23,0,0,0
BRDA:23,0,1,0
BRDA:48,1,0,0
BRDA:48,1,1,0
BRDA:58,2,0,0
BRDA:58,2,1,0
BRDA:65,3,0,0
BRDA:65,3,1,0
BRDA:80,4,0,0
BRDA:80,4,1,0
BRDA:100,5,0,0
BRDA:100,5,1,0
BRDA:135,6,0,0
BRDA:135,6,1,0
BRDA:145,7,0,0
BRDA:145,7,1,0
BRDA:147,8,0,0
BRDA:147,8,1,0
BRDA:159,9,0,0
BRDA:159,9,1,0
BRDA:165,10,0,0
BRDA:165,10,1,0
BRDA:166,11,0,0
BRDA:166,11,1,0
BRDA:186,12,0,0
BRDA:186,12,1,0
BRDA:203,13,0,0
BRDA:203,13,1,0
BRDA:208,14,0,0
BRDA:208,14,1,0
BRDA:218,15,0,0
BRDA:218,15,1,0
BRDA:224,16,0,0
BRDA:224,16,1,0
BRDA:252,17,0,0
BRDA:252,17,1,0
BRDA:255,18,0,0
BRDA:255,18,1,0
BRDA:255,19,0,0
BRDA:255,19,1,0
BRDA:269,20,0,0
BRDA:269,20,1,0
BRDA:277,21,0,0
BRDA:277,21,1,0
BRDA:286,22,0,0
BRDA:286,22,1,0
BRDA:287,23,0,0
BRDA:287,23,1,0
BRDA:296,24,0,0
BRDA:296,24,1,0
BRDA:328,25,0,0
BRDA:328,25,1,0
BRDA:340,26,0,0
BRDA:340,26,1,0
BRDA:346,27,0,0
BRDA:346,27,1,0
BRDA:356,28,0,0
BRDA:356,28,1,0
BRDA:365,29,0,0
BRDA:365,29,1,0
BRDA:375,30,0,0
BRDA:375,30,1,0
BRDA:397,31,0,0
BRDA:397,31,1,0
BRF:64
BRH:0
end_of_record
TN:
SF:services/ConversationHelper.js
FN:12,(anonymous_0)
FN:27,(anonymous_1)
FNF:2
FNH:0
FNDA:0,(anonymous_0)
FNDA:0,(anonymous_1)
DA:12,0
DA:13,0
DA:14,0
DA:15,0
DA:17,0
DA:19,0
DA:21,0
DA:22,0
DA:23,0
DA:26,0
DA:27,0
DA:28,0
DA:29,0
DA:31,0
DA:35,0
DA:36,0
DA:39,0
DA:40,0
DA:41,0
DA:43,0
LF:20
LH:0
BRDA:19,0,0,0
BRDA:19,0,1,0
BRF:2
BRH:0
end_of_record
TN:
SF:services/authService.js
FN:5,(anonymous_0)
FN:50,(anonymous_1)
FN:66,(anonymous_2)
FN:77,(anonymous_3)
FN:145,(anonymous_4)
FN:160,(anonymous_5)
FN:161,(anonymous_6)
FN:167,(anonymous_7)
FN:174,(anonymous_8)
FN:199,(anonymous_9)
FNF:10
FNH:0
FNDA:0,(anonymous_0)
FNDA:0,(anonymous_1)
FNDA:0,(anonymous_2)
FNDA:0,(anonymous_3)
FNDA:0,(anonymous_4)
FNDA:0,(anonymous_5)
FNDA:0,(anonymous_6)
FNDA:0,(anonymous_7)
FNDA:0,(anonymous_8)
FNDA:0,(anonymous_9)
DA:5,0
DA:6,0
DA:7,0
DA:8,0
DA:9,0
DA:14,0
DA:16,0
DA:19,0
DA:20,0
DA:25,0
DA:40,0
DA:42,0
DA:44,0
DA:45,0
DA:50,0
DA:51,0
DA:52,0
DA:57,0
DA:58,0
DA:60,0
DA:61,0
DA:66,0
DA:67,0
DA:68,0
DA:69,0
DA:71,0
DA:72,0
DA:77,0
DA:78,0
DA:79,0
DA:81,0
DA:83,0
DA:84,0
DA:87,0
DA:93,0
DA:94,0
DA:97,0
DA:108,0
DA:109,0
DA:111,0
DA:124,0
DA:130,0
DA:134,0
DA:137,0
DA:139,0
DA:140,0
DA:145,0
DA:146,0
DA:147,0
DA:152,0
DA:154,0
DA:155,0
DA:160,0
DA:161,0
DA:162,0
DA:167,0
DA:168,0
DA:169,0
DA:171,0
DA:174,0
DA:175,0
DA:180,0
DA:181,0
DA:182,0
DA:186,0
DA:187,0
DA:188,0
DA:190,0
DA:191,0
DA:193,0
DA:194,0
DA:199,0
DA:200,0
DA:201,0
DA:202,0
DA:209,0
DA:210,0
DA:212,0
DA:213,0
LF:79
LH:0
BRDA:16,0,0,0
BRDA:16,0,1,0
BRDA:19,1,0,0
BRDA:19,1,1,0
BRDA:40,2,0,0
BRDA:40,2,1,0
BRDA:57,3,0,0
BRDA:57,3,1,0
BRDA:69,4,0,0
BRDA:69,4,1,0
BRDA:81,5,0,0
BRDA:81,5,1,0
BRDA:83,6,0,0
BRDA:83,6,1,0
BRDA:93,7,0,0
BRDA:93,7,1,0
BRDA:101,8,0,0
BRDA:101,8,1,0
BRDA:103,9,0,0
BRDA:103,9,1,0
BRDA:104,10,0,0
BRDA:104,10,1,0
BRDA:108,11,0,0
BRDA:108,11,1,0
BRDA:152,12,0,0
BRDA:152,12,1,0
BRDA:175,13,0,0
BRDA:175,13,1,0
BRDA:175,13,2,0
BRDA:180,14,0,0
BRDA:180,14,1,0
BRDA:209,15,0,0
BRDA:209,15,1,0
BRF:33
BRH:0
end_of_record
TN:
SF:services/authValidator.js
FN:10,(anonymous_0)
FN:16,(anonymous_1)
FN:22,(anonymous_2)
FN:65,(anonymous_3)
FN:71,(anonymous_4)
FN:134,(anonymous_5)
FN:152,(anonymous_6)
FN:169,(anonymous_7)
FN:180,(anonymous_8)
FN:192,(anonymous_9)
FNF:10
FNH:0
FNDA:0,(anonymous_0)
FNDA:0,(anonymous_1)
FNDA:0,(anonymous_2)
FNDA:0,(anonymous_3)
FNDA:0,(anonymous_4)
FNDA:0,(anonymous_5)
FNDA:0,(anonymous_6)
FNDA:0,(anonymous_7)
FNDA:0,(anonymous_8)
FNDA:0,(anonymous_9)
DA:7,0
DA:10,0
DA:11,0
DA:12,0
DA:16,0
DA:22,0
DA:23,0
DA:25,0
DA:27,0
DA:29,0
DA:30,0
DA:31,0
DA:32,0
DA:36,0
DA:37,0
DA:38,0
DA:42,0
DA:44,0
DA:45,0
DA:48,0
DA:51,0
DA:54,0
DA:55,0
DA:57,0
DA:65,0
DA:66,0
DA:68,0
DA:71,0
DA:72,0
DA:78,0
DA:79,0
DA:83,0
DA:84,0
DA:87,0
DA:88,0
DA:89,0
DA:91,0
DA:93,0
DA:94,0
DA:98,0
DA:104,0
DA:105,0
DA:106,0
DA:110,0
DA:111,0
DA:112,0
DA:117,0
DA:118,0
DA:119,0
DA:120,0
DA:123,0
DA:125,0
DA:126,0
DA:134,0
DA:135,0
DA:136,0
DA:142,0
DA:143,0
DA:144,0
DA:146,0
DA:147,0
DA:152,0
DA:153,0
DA:155,0
DA:158,0
DA:160,0
DA:161,0
DA:163,0
DA:164,0
DA:169,0
DA:170,0
DA:171,0
DA:172,0
DA:174,0
DA:175,0
DA:180,0
DA:181,0
DA:182,0
DA:183,0
DA:184,0
DA:186,0
DA:187,0
DA:192,0
DA:193,0
LF:84
LH:0
BRDA:11,0,0,0
BRDA:11,0,1,0
BRDA:29,1,0,0
BRDA:29,1,1,0
BRDA:37,2,0,0
BRDA:37,2,1,0
BRDA:44,3,0,0
BRDA:44,3,1,0
BRDA:54,4,0,0
BRDA:54,4,1,0
BRDA:72,5,0,0
BRDA:72,5,1,0
BRDA:72,5,2,0
BRDA:72,5,3,0
BRDA:78,6,0,0
BRDA:78,6,1,0
BRDA:89,7,0,0
BRDA:89,7,1,0
BRDA:93,8,0,0
BRDA:93,8,1,0
BRDA:93,9,0,0
BRDA:93,9,1,0
BRDA:98,10,0,0
BRDA:98,10,1,0
BRDA:98,11,0,0
BRDA:98,11,1,0
BRDA:98,11,2,0
BRDA:98,11,3,0
BRDA:98,11,4,0
BRDA:98,11,5,0
BRDA:98,11,6,0
BRDA:98,11,7,0
BRDA:117,12,0,0
BRDA:117,12,1,0
BRDA:137,13,0,0
BRDA:137,13,1,0
BRF:36
BRH:0
end_of_record
TN:
SF:services/buyOrderService.js
FN:5,(anonymous_0)
FN:70,(anonymous_1)
FN:95,(anonymous_2)
FN:110,decode
FNF:4
FNH:0
FNDA:0,(anonymous_0)
FNDA:0,(anonymous_1)
FNDA:0,(anonymous_2)
FNDA:0,decode
DA:5,0
DA:6,0
DA:8,0
DA:9,0
DA:10,0
DA:12,0
DA:15,0
DA:28,0
DA:29,0
DA:30,0
DA:34,0
DA:35,0
DA:36,0
DA:38,0
DA:39,0
DA:40,0
DA:41,0
DA:44,0
DA:48,0
DA:49,0
DA:51,0
DA:58,0
DA:59,0
DA:60,0
DA:63,0
DA:64,0
DA:67,0
DA:69,0
DA:70,0
DA:71,0
DA:72,0
DA:76,0
DA:80,0
DA:86,0
DA:87,0
DA:92,0
DA:93,0
DA:95,0
DA:96,0
DA:98,0
DA:102,0
DA:104,0
DA:105,0
DA:111,0
DA:112,0
DA:113,0
DA:115,0
DA:116,0
DA:119,0
LF:49
LH:0
BRDA:10,0,0,0
BRDA:10,0,1,0
BRDA:28,1,0,0
BRDA:28,1,1,0
BRDA:35,2,0,0
BRDA:35,2,1,0
BRDA:35,3,0,0
BRDA:35,3,1,0
BRDA:58,4,0,0
BRDA:58,4,1,0
BRDA:69,5,0,0
BRDA:69,5,1,0
BRDA:86,6,0,0
BRDA:86,6,1,0
BRDA:92,7,0,0
BRDA:92,7,1,0
BRF:16
BRH:0
end_of_record
TN:
SF:services/cleanupSupabaseStorage.js
FN:3,(anonymous_0)
FN:12,(anonymous_1)
FNF:2
FNH:0
FNDA:0,(anonymous_0)
FNDA:0,(anonymous_1)
DA:3,0
DA:4,0
DA:5,0
DA:8,0
DA:9,0
DA:12,0
DA:13,0
DA:17,0
DA:20,0
DA:21,0
DA:22,0
DA:25,0
DA:27,0
DA:28,0
LF:14
LH:0
BRDA:13,0,0,0
BRDA:13,0,1,0
BRDA:13,0,2,0
BRDA:20,1,0,0
BRDA:20,1,1,0
BRF:5
BRH:0
end_of_record
TN:
SF:services/messageService.js
FN:22,(anonymous_0)
FN:26,(anonymous_1)
FN:29,(anonymous_2)
FN:32,(anonymous_3)
FN:45,(anonymous_4)
FN:62,(anonymous_5)
FN:98,(anonymous_6)
FN:160,(anonymous_7)
FN:191,(anonymous_8)
FN:200,(anonymous_9)
FN:305,(anonymous_10)
FN:316,(anonymous_11)
FN:335,(anonymous_12)
FN:371,(anonymous_13)
FN:397,(anonymous_14)
FN:426,(anonymous_15)
FN:450,(anonymous_16)
FN:463,(anonymous_17)
FN:473,(anonymous_18)
FN:509,(anonymous_19)
FN:538,(anonymous_20)
FN:577,(anonymous_21)
FN:609,(anonymous_22)
FN:610,(anonymous_23)
FN:621,(anonymous_24)
FN:626,(anonymous_25)
FN:632,(anonymous_26)
FN:638,(anonymous_27)
FN:658,(anonymous_28)
FN:670,(anonymous_29)
FN:698,(anonymous_30)
FN:727,(anonymous_31)
FN:733,(anonymous_32)
FN:754,(anonymous_33)
FN:759,(anonymous_34)
FN:764,(anonymous_35)
FN:769,(anonymous_36)
FN:774,(anonymous_37)
FN:782,(anonymous_38)
FN:786,(anonymous_39)
FN:792,(anonymous_40)
FN:798,(anonymous_41)
FN:817,(anonymous_42)
FN:827,(anonymous_43)
FN:833,(anonymous_44)
FN:842,(anonymous_45)
FN:843,(anonymous_46)
FN:858,(anonymous_47)
FN:879,(anonymous_48)
FN:894,(anonymous_49)
FN:906,(anonymous_50)
FN:913,(anonymous_51)
FN:920,(anonymous_52)
FN:926,(anonymous_53)
FN:947,(anonymous_54)
FN:965,(anonymous_55)
FN:1003,(anonymous_56)
FN:1012,(anonymous_57)
FN:1014,(anonymous_58)
FN:1047,(anonymous_59)
FN:1052,(anonymous_60)
FN:1055,(anonymous_61)
FN:1058,(anonymous_62)
FNF:63
FNH:0
FNDA:0,(anonymous_0)
FNDA:0,(anonymous_1)
FNDA:0,(anonymous_2)
FNDA:0,(anonymous_3)
FNDA:0,(anonymous_4)
FNDA:0,(anonymous_5)
FNDA:0,(anonymous_6)
FNDA:0,(anonymous_7)
FNDA:0,(anonymous_8)
FNDA:0,(anonymous_9)
FNDA:0,(anonymous_10)
FNDA:0,(anonymous_11)
FNDA:0,(anonymous_12)
FNDA:0,(anonymous_13)
FNDA:0,(anonymous_14)
FNDA:0,(anonymous_15)
FNDA:0,(anonymous_16)
FNDA:0,(anonymous_17)
FNDA:0,(anonymous_18)
FNDA:0,(anonymous_19)
FNDA:0,(anonymous_20)
FNDA:0,(anonymous_21)
FNDA:0,(anonymous_22)
FNDA:0,(anonymous_23)
FNDA:0,(anonymous_24)
FNDA:0,(anonymous_25)
FNDA:0,(anonymous_26)
FNDA:0,(anonymous_27)
FNDA:0,(anonymous_28)
FNDA:0,(anonymous_29)
FNDA:0,(anonymous_30)
FNDA:0,(anonymous_31)
FNDA:0,(anonymous_32)
FNDA:0,(anonymous_33)
FNDA:0,(anonymous_34)
FNDA:0,(anonymous_35)
FNDA:0,(anonymous_36)
FNDA:0,(anonymous_37)
FNDA:0,(anonymous_38)
FNDA:0,(anonymous_39)
FNDA:0,(anonymous_40)
FNDA:0,(anonymous_41)
FNDA:0,(anonymous_42)
FNDA:0,(anonymous_43)
FNDA:0,(anonymous_44)
FNDA:0,(anonymous_45)
FNDA:0,(anonymous_46)
FNDA:0,(anonymous_47)
FNDA:0,(anonymous_48)
FNDA:0,(anonymous_49)
FNDA:0,(anonymous_50)
FNDA:0,(anonymous_51)
FNDA:0,(anonymous_52)
FNDA:0,(anonymous_53)
FNDA:0,(anonymous_54)
FNDA:0,(anonymous_55)
FNDA:0,(anonymous_56)
FNDA:0,(anonymous_57)
FNDA:0,(anonymous_58)
FNDA:0,(anonymous_59)
FNDA:0,(anonymous_60)
FNDA:0,(anonymous_61)
FNDA:0,(anonymous_62)
DA:10,0
DA:21,0
DA:23,0
DA:24,0
DA:27,0
DA:30,0
DA:33,0
DA:38,0
DA:45,0
DA:46,0
DA:48,0
DA:62,0
DA:64,0
DA:65,0
DA:69,0
DA:70,0
DA:71,0
DA:76,0
DA:80,0
DA:81,0
DA:82,0
DA:86,0
DA:87,0
DA:89,0
DA:90,0
DA:98,0
DA:99,0
DA:101,0
DA:102,0
DA:103,0
DA:104,0
DA:105,0
DA:107,0
DA:111,0
DA:113,0
DA:115,0
DA:120,0
DA:123,0
DA:124,0
DA:128,0
DA:130,0
DA:131,0
DA:132,0
DA:133,0
DA:135,0
DA:139,0
DA:140,0
DA:143,0
DA:148,0
DA:151,0
DA:152,0
DA:160,0
DA:161,0
DA:162,0
DA:164,0
DA:166,0
DA:167,0
DA:169,0
DA:170,0
DA:173,0
DA:174,0
DA:175,0
DA:178,0
DA:180,0
DA:181,0
DA:191,0
DA:192,0
DA:200,0
DA:201,0
DA:203,0
DA:204,0
DA:205,0
DA:208,0
DA:211,0
DA:217,0
DA:218,0
DA:222,0
DA:227,0
DA:228,0
DA:229,0
DA:232,0
DA:233,0
DA:234,0
DA:238,0
DA:240,0
DA:251,0
DA:253,0
DA:254,0
DA:256,0
DA:260,0
DA:264,0
DA:266,0
DA:274,0
DA:276,0
DA:279,0
DA:280,0
DA:281,0
DA:282,0
DA:284,0
DA:293,0
DA:296,0
DA:305,0
DA:306,0
DA:308,0
DA:311,0
DA:315,0
DA:316,0
DA:317,0
DA:320,0
DA:321,0
DA:324,0
DA:335,0
DA:336,0
DA:337,0
DA:338,0
DA:340,0
DA:343,0
DA:352,0
DA:358,0
DA:359,0
DA:361,0
DA:362,0
DA:371,0
DA:372,0
DA:373,0
DA:379,0
DA:380,0
DA:381,0
DA:384,0
DA:386,0
DA:387,0
DA:397,0
DA:398,0
DA:400,0
DA:408,0
DA:409,0
DA:410,0
DA:413,0
DA:415,0
DA:416,0
DA:426,0
DA:427,0
DA:428,0
DA:444,0
DA:447,0
DA:448,0
DA:450,0
DA:453,0
DA:455,0
DA:456,0
DA:461,0
DA:463,0
DA:464,0
DA:465,0
DA:469,0
DA:473,0
DA:478,0
DA:481,0
DA:482,0
DA:483,0
DA:486,0
DA:490,0
DA:491,0
DA:492,0
DA:493,0
DA:495,0
DA:496,0
DA:498,0
DA:500,0
DA:504,0
DA:509,0
DA:512,0
DA:513,0
DA:515,0
DA:516,0
DA:517,0
DA:518,0
DA:526,0
DA:528,0
DA:529,0
DA:538,0
DA:539,0
DA:540,0
DA:541,0
DA:542,0
DA:543,0
DA:545,0
DA:548,0
DA:551,0
DA:554,0
DA:561,0
DA:562,0
DA:563,0
DA:566,0
DA:568,0
DA:569,0
DA:577,0
DA:578,0
DA:579,0
DA:580,0
DA:581,0
DA:582,0
DA:585,0
DA:603,0
DA:604,0
DA:605,0
DA:609,0
DA:610,0
DA:611,0
DA:612,0
DA:616,0
DA:621,0
DA:622,0
DA:623,0
DA:626,0
DA:627,0
DA:628,0
DA:629,0
DA:632,0
DA:633,0
DA:635,0
DA:638,0
DA:639,0
DA:643,0
DA:644,0
DA:646,0
DA:658,0
DA:660,0
DA:661,0
DA:670,0
DA:671,0
DA:672,0
DA:673,0
DA:675,0
DA:682,0
DA:683,0
DA:684,0
DA:687,0
DA:689,0
DA:690,0
DA:698,0
DA:699,0
DA:700,0
DA:701,0
DA:702,0
DA:703,0
DA:706,0
DA:721,0
DA:722,0
DA:723,0
DA:727,0
DA:728,0
DA:729,0
DA:730,0
DA:733,0
DA:734,0
DA:737,0
DA:739,0
DA:743,0
DA:744,0
DA:754,0
DA:755,0
DA:757,0
DA:758,0
DA:759,0
DA:763,0
DA:765,0
DA:766,0
DA:768,0
DA:769,0
DA:770,0
DA:774,0
DA:775,0
DA:776,0
DA:777,0
DA:781,0
DA:783,0
DA:787,0
DA:792,0
DA:798,0
DA:800,0
DA:803,0
DA:805,0
DA:807,0
DA:819,0
DA:820,0
DA:821,0
DA:827,0
DA:828,0
DA:829,0
DA:832,0
DA:833,0
DA:842,0
DA:843,0
DA:844,0
DA:845,0
DA:846,0
DA:848,0
DA:853,0
DA:856,0
DA:857,0
DA:858,0
DA:859,0
DA:860,0
DA:864,0
DA:868,0
DA:870,0
DA:880,0
DA:885,0
DA:895,0
DA:901,0
DA:904,0
DA:906,0
DA:907,0
DA:908,0
DA:909,0
DA:912,0
DA:913,0
DA:920,0
DA:921,0
DA:923,0
DA:926,0
DA:927,0
DA:932,0
DA:934,0
DA:937,0
DA:939,0
DA:940,0
DA:947,0
DA:948,0
DA:949,0
DA:950,0
DA:951,0
DA:954,0
DA:957,0
DA:958,0
DA:960,0
DA:965,0
DA:966,0
DA:968,0
DA:971,0
DA:976,0
DA:978,0
DA:980,0
DA:982,0
DA:983,0
DA:984,0
DA:987,0
DA:990,0
DA:992,0
DA:993,0
DA:998,0
DA:1003,0
DA:1005,0
DA:1006,0
DA:1008,0
DA:1009,0
DA:1012,0
DA:1013,0
DA:1014,0
DA:1015,0
DA:1016,0
DA:1017,0
DA:1020,0
DA:1031,0
DA:1032,0
DA:1036,0
DA:1038,0
DA:1039,0
DA:1041,0
DA:1043,0
DA:1047,0
DA:1048,0
DA:1049,0
DA:1051,0
DA:1053,0
DA:1056,0
DA:1059,0
DA:1060,0
DA:1065,0
LF:380
LH:0
BRDA:23,0,0,0
BRDA:23,0,1,0
BRDA:24,1,0,0
BRDA:24,1,1,0
BRDA:27,2,0,0
BRDA:27,2,1,0
BRDA:30,3,0,0
BRDA:30,3,1,0
BRDA:33,4,0,0
BRDA:33,4,1,0
BRDA:46,5,0,0
BRDA:46,5,1,0
BRDA:49,6,0,0
BRDA:49,6,1,0
BRDA:49,6,2,0
BRDA:49,6,3,0
BRDA:49,6,4,0
BRDA:49,6,5,0
BRDA:64,7,0,0
BRDA:64,7,1,0
BRDA:69,8,0,0
BRDA:69,8,1,0
BRDA:76,9,0,0
BRDA:76,9,1,0
BRDA:76,10,0,0
BRDA:76,10,1,0
BRDA:76,10,2,0
BRDA:86,11,0,0
BRDA:86,11,1,0
BRDA:86,12,0,0
BRDA:86,12,1,0
BRDA:102,13,0,0
BRDA:102,13,1,0
BRDA:103,14,0,0
BRDA:103,14,1,0
BRDA:113,15,0,0
BRDA:113,15,1,0
BRDA:115,16,0,0
BRDA:115,16,1,0
BRDA:115,17,0,0
BRDA:115,17,1,0
BRDA:115,17,2,0
BRDA:130,18,0,0
BRDA:130,18,1,0
BRDA:131,19,0,0
BRDA:131,19,1,0
BRDA:143,20,0,0
BRDA:143,20,1,0
BRDA:143,21,0,0
BRDA:143,21,1,0
BRDA:143,21,2,0
BRDA:164,22,0,0
BRDA:164,22,1,0
BRDA:166,23,0,0
BRDA:166,23,1,0
BRDA:173,24,0,0
BRDA:173,24,1,0
BRDA:204,25,0,0
BRDA:204,25,1,0
BRDA:217,26,0,0
BRDA:217,26,1,0
BRDA:217,27,0,0
BRDA:217,27,1,0
BRDA:227,28,0,0
BRDA:227,28,1,0
BRDA:232,29,0,0
BRDA:232,29,1,0
BRDA:232,30,0,0
BRDA:232,30,1,0
BRDA:233,31,0,0
BRDA:233,31,1,0
BRDA:251,32,0,0
BRDA:251,32,1,0
BRDA:281,33,0,0
BRDA:281,33,1,0
BRDA:317,34,0,0
BRDA:317,34,1,0
BRDA:320,35,0,0
BRDA:320,35,1,0
BRDA:338,36,0,0
BRDA:338,36,1,0
BRDA:358,37,0,0
BRDA:358,37,1,0
BRDA:379,38,0,0
BRDA:379,38,1,0
BRDA:408,39,0,0
BRDA:408,39,1,0
BRDA:426,40,0,0
BRDA:448,41,0,0
BRDA:448,41,1,0
BRDA:448,42,0,0
BRDA:448,42,1,0
BRDA:461,43,0,0
BRDA:461,43,1,0
BRDA:461,44,0,0
BRDA:461,44,1,0
BRDA:475,45,0,0
BRDA:475,45,1,0
BRDA:482,46,0,0
BRDA:482,46,1,0
BRDA:490,47,0,0
BRDA:490,47,1,0
BRDA:495,48,0,0
BRDA:495,48,1,0
BRDA:498,49,0,0
BRDA:498,49,1,0
BRDA:498,50,0,0
BRDA:498,50,1,0
BRDA:516,51,0,0
BRDA:516,51,1,0
BRDA:540,52,0,0
BRDA:540,52,1,0
BRDA:542,53,0,0
BRDA:542,53,1,0
BRDA:551,54,0,0
BRDA:551,54,1,0
BRDA:561,55,0,0
BRDA:561,55,1,0
BRDA:580,56,0,0
BRDA:580,56,1,0
BRDA:603,57,0,0
BRDA:603,57,1,0
BRDA:611,58,0,0
BRDA:611,58,1,0
BRDA:621,59,0,0
BRDA:621,59,1,0
BRDA:629,60,0,0
BRDA:629,60,1,0
BRDA:639,61,0,0
BRDA:639,61,1,0
BRDA:640,62,0,0
BRDA:640,62,1,0
BRDA:643,63,0,0
BRDA:643,63,1,0
BRDA:644,64,0,0
BRDA:644,64,1,0
BRDA:649,65,0,0
BRDA:649,65,1,0
BRDA:650,66,0,0
BRDA:650,66,1,0
BRDA:654,67,0,0
BRDA:654,67,1,0
BRDA:673,68,0,0
BRDA:673,68,1,0
BRDA:682,69,0,0
BRDA:682,69,1,0
BRDA:687,70,0,0
BRDA:687,70,1,0
BRDA:701,71,0,0
BRDA:701,71,1,0
BRDA:721,72,0,0
BRDA:721,72,1,0
BRDA:730,73,0,0
BRDA:730,73,1,0
BRDA:737,74,0,0
BRDA:737,74,1,0
BRDA:739,75,0,0
BRDA:739,75,1,0
BRDA:740,76,0,0
BRDA:740,76,1,0
BRDA:757,77,0,0
BRDA:757,77,1,0
BRDA:765,78,0,0
BRDA:765,78,1,0
BRDA:775,79,0,0
BRDA:775,79,1,0
BRDA:819,80,0,0
BRDA:819,80,1,0
BRDA:819,81,0,0
BRDA:819,81,1,0
BRDA:859,82,0,0
BRDA:859,82,1,0
BRDA:927,83,0,0
BRDA:927,83,1,0
BRDA:927,83,2,0
BRDA:932,84,0,0
BRDA:932,84,1,0
BRDA:950,85,0,0
BRDA:950,85,1,0
BRDA:957,86,0,0
BRDA:957,86,1,0
BRDA:957,87,0,0
BRDA:957,87,1,0
BRDA:971,88,0,0
BRDA:971,88,1,0
BRDA:971,89,0,0
BRDA:971,89,1,0
BRDA:971,89,2,0
BRDA:971,89,3,0
BRDA:982,90,0,0
BRDA:982,90,1,0
BRDA:1006,91,0,0
BRDA:1006,91,1,0
BRDA:1012,92,0,0
BRDA:1016,93,0,0
BRDA:1016,93,1,0
BRDA:1031,94,0,0
BRDA:1031,94,1,0
BRDA:1032,95,0,0
BRDA:1032,95,1,0
BRDA:1036,96,0,0
BRDA:1036,96,1,0
BRDA:1038,97,0,0
BRDA:1038,97,1,0
BRDA:1039,98,0,0
BRDA:1039,98,1,0
BRDA:1059,99,0,0
BRDA:1059,99,1,0
BRF:208
BRH:0
end_of_record
TN:
SF:services/newSupabaseClient.js
FN:6,(anonymous_0)
FN:23,(anonymous_1)
FN:51,(anonymous_2)
FNF:3
FNH:0
FNDA:0,(anonymous_0)
FNDA:0,(anonymous_1)
FNDA:0,(anonymous_2)
DA:6,0
DA:7,0
DA:8,0
DA:9,0
DA:10,0
DA:11,0
DA:12,0
DA:14,0
DA:15,0
DA:20,0
DA:23,0
DA:25,0
DA:28,0
DA:29,0
DA:32,0
DA:35,0
DA:46,0
DA:47,0
DA:51,0
DA:52,0
DA:54,0
DA:56,0
DA:60,0
LF:23
LH:0
BRDA:52,0,0,0
BRDA:52,0,1,0
BRF:2
BRH:0
end_of_record
TN:
SF:services/notificationService.js
FN:8,(anonymous_0)
FN:16,(anonymous_1)
FN:53,(anonymous_2)
FN:73,(anonymous_3)
FN:89,(anonymous_4)
FN:94,(anonymous_5)
FN:99,(anonymous_6)
FN:105,(anonymous_7)
FNF:8
FNH:0
FNDA:0,(anonymous_0)
FNDA:0,(anonymous_1)
FNDA:0,(anonymous_2)
FNDA:0,(anonymous_3)
FNDA:0,(anonymous_4)
FNDA:0,(anonymous_5)
FNDA:0,(anonymous_6)
FNDA:0,(anonymous_7)
DA:7,0
DA:8,0
DA:16,0
DA:19,0
DA:20,0
DA:21,0
DA:23,0
DA:24,0
DA:25,0
DA:28,0
DA:29,0
DA:30,0
DA:33,0
DA:40,0
DA:41,0
DA:49,0
DA:53,0
DA:55,0
DA:56,0
DA:58,0
DA:62,0
DA:73,0
DA:75,0
DA:76,0
DA:78,0
DA:89,0
DA:90,0
DA:94,0
DA:95,0
DA:99,0
DA:100,0
DA:101,0
DA:105,0
DA:106,0
DA:107,0
LF:35
LH:0
BRDA:19,0,0,0
BRDA:19,0,1,0
BRDA:23,1,0,0
BRDA:23,1,1,0
BRDA:28,2,0,0
BRDA:28,2,1,0
BRDA:40,3,0,0
BRDA:40,3,1,0
BRDA:56,4,0,0
BRDA:56,4,1,0
BRDA:58,5,0,0
BRDA:58,5,1,0
BRDA:76,6,0,0
BRDA:76,6,1,0
BRDA:95,7,0,0
BRDA:95,7,1,0
BRF:16
BRH:0
end_of_record
TN:
SF:services/parseConfig.js
FNF:0
FNH:0
DA:7,0
DA:8,0
DA:12,0
DA:15,0
DA:22,0
LF:5
LH:0
BRF:0
BRH:0
end_of_record
TN:
SF:services/productService.js
FN:5,(anonymous_0)
FN:223,(anonymous_1)
FN:245,(anonymous_2)
FN:307,(anonymous_3)
FN:329,(anonymous_4)
FN:347,(anonymous_5)
FN:362,(anonymous_6)
FN:379,(anonymous_7)
FN:420,(anonymous_8)
FN:440,(anonymous_9)
FNF:10
FNH:0
FNDA:0,(anonymous_0)
FNDA:0,(anonymous_1)
FNDA:0,(anonymous_2)
FNDA:0,(anonymous_3)
FNDA:0,(anonymous_4)
FNDA:0,(anonymous_5)
FNDA:0,(anonymous_6)
FNDA:0,(anonymous_7)
FNDA:0,(anonymous_8)
FNDA:0,(anonymous_9)
DA:5,0
DA:6,0
DA:7,0
DA:10,0
DA:11,0
DA:12,0
DA:13,0
DA:16,0
DA:17,0
DA:19,0
DA:22,0
DA:36,0
DA:37,0
DA:38,0
DA:41,0
DA:42,0
DA:45,0
DA:46,0
DA:49,0
DA:51,0
DA:52,0
DA:55,0
DA:56,0
DA:59,0
DA:60,0
DA:61,0
DA:63,0
DA:65,0
DA:66,0
DA:67,0
DA:71,0
DA:72,0
DA:73,0
DA:74,0
DA:76,0
DA:79,0
DA:81,0
DA:83,0
DA:84,0
DA:85,0
DA:89,0
DA:92,0
DA:95,0
DA:101,0
DA:102,0
DA:105,0
DA:108,0
DA:112,0
DA:113,0
DA:114,0
DA:117,0
DA:120,0
DA:121,0
DA:122,0
DA:124,0
DA:129,0
DA:130,0
DA:132,0
DA:137,0
DA:138,0
DA:146,0
DA:147,0
DA:149,0
DA:153,0
DA:154,0
DA:157,0
DA:158,0
DA:159,0
DA:160,0
DA:161,0
DA:162,0
DA:165,0
DA:171,0
DA:172,0
DA:174,0
DA:177,0
DA:181,0
DA:182,0
DA:183,0
DA:184,0
DA:187,0
DA:194,0
DA:204,0
DA:208,0
DA:214,0
DA:215,0
DA:217,0
DA:218,0
DA:223,0
DA:224,0
DA:225,0
DA:236,0
DA:237,0
DA:239,0
DA:240,0
DA:245,0
DA:246,0
DA:247,0
DA:250,0
DA:266,0
DA:268,0
DA:269,0
DA:270,0
DA:277,0
DA:278,0
DA:284,0
DA:285,0
DA:286,0
DA:289,0
DA:290,0
DA:301,0
DA:302,0
DA:307,0
DA:308,0
DA:309,0
DA:320,0
DA:321,0
DA:323,0
DA:324,0
DA:329,0
DA:330,0
DA:331,0
DA:338,0
DA:339,0
DA:341,0
DA:342,0
DA:347,0
DA:348,0
DA:349,0
DA:354,0
DA:356,0
DA:357,0
DA:362,0
DA:363,0
DA:364,0
DA:370,0
DA:371,0
DA:373,0
DA:374,0
DA:379,0
DA:380,0
DA:382,0
DA:383,0
DA:384,0
DA:386,0
DA:393,0
DA:396,0
DA:402,0
DA:412,0
DA:413,0
DA:415,0
DA:416,0
DA:420,0
DA:421,0
DA:422,0
DA:425,0
DA:426,0
DA:427,0
DA:428,0
DA:431,0
DA:434,0
DA:435,0
DA:436,0
DA:437,0
DA:440,0
DA:443,0
DA:446,0
DA:447,0
DA:449,0
DA:452,0
DA:458,0
DA:459,0
DA:460,0
DA:463,0
DA:466,0
DA:470,0
DA:471,0
DA:472,0
DA:475,0
DA:478,0
DA:479,0
DA:481,0
DA:487,0
DA:488,0
LF:184
LH:0
BRDA:5,0,0,0
BRDA:11,1,0,0
BRDA:11,1,1,0
BRDA:11,2,0,0
BRDA:11,2,1,0
BRDA:36,3,0,0
BRDA:36,3,1,0
BRDA:41,4,0,0
BRDA:41,4,1,0
BRDA:41,5,0,0
BRDA:41,5,1,0
BRDA:51,6,0,0
BRDA:51,6,1,0
BRDA:51,7,0,0
BRDA:51,7,1,0
BRDA:55,8,0,0
BRDA:55,8,1,0
BRDA:65,9,0,0
BRDA:65,9,1,0
BRDA:84,10,0,0
BRDA:84,10,1,0
BRDA:101,11,0,0
BRDA:101,11,1,0
BRDA:113,12,0,0
BRDA:113,12,1,0
BRDA:120,13,0,0
BRDA:120,13,1,0
BRDA:129,14,0,0
BRDA:129,14,1,0
BRDA:146,15,0,0
BRDA:146,15,1,0
BRDA:171,16,0,0
BRDA:171,16,1,0
BRDA:182,17,0,0
BRDA:182,17,1,0
BRDA:183,18,0,0
BRDA:183,18,1,0
BRDA:236,19,0,0
BRDA:236,19,1,0
BRDA:266,20,0,0
BRDA:266,20,1,0
BRDA:268,21,0,0
BRDA:268,21,1,0
BRDA:268,22,0,0
BRDA:268,22,1,0
BRDA:284,23,0,0
BRDA:284,23,1,0
BRDA:320,24,0,0
BRDA:320,24,1,0
BRDA:338,25,0,0
BRDA:338,25,1,0
BRDA:354,26,0,0
BRDA:354,26,1,0
BRDA:370,27,0,0
BRDA:370,27,1,0
BRDA:382,28,0,0
BRDA:382,28,1,0
BRDA:393,29,0,0
BRDA:393,29,1,0
BRDA:412,30,0,0
BRDA:412,30,1,0
BRDA:426,31,0,0
BRDA:426,31,1,0
BRDA:435,32,0,0
BRDA:435,32,1,0
BRDA:458,33,0,0
BRDA:458,33,1,0
BRDA:470,34,0,0
BRDA:470,34,1,0
BRF:69
BRH:0
end_of_record
TN:
SF:services/supabaseConfig.js
FN:22,(anonymous_0)
FN:29,(anonymous_1)
FN:51,(anonymous_2)
FN:67,(anonymous_3)
FN:77,(anonymous_4)
FN:87,(anonymous_5)
FN:91,(anonymous_6)
FNF:7
FNH:0
FNDA:0,(anonymous_0)
FNDA:0,(anonymous_1)
FNDA:0,(anonymous_2)
FNDA:0,(anonymous_3)
FNDA:0,(anonymous_4)
FNDA:0,(anonymous_5)
FNDA:0,(anonymous_6)
DA:7,0
DA:8,0
DA:10,0
DA:23,0
DA:29,0
DA:30,0
DA:31,0
DA:34,0
DA:40,0
DA:42,0
DA:43,0
DA:45,0
DA:46,0
DA:51,0
DA:52,0
DA:54,0
DA:55,0
DA:56,0
DA:57,0
DA:59,0
DA:61,0
DA:62,0
DA:67,0
DA:68,0
DA:69,0
DA:70,0
DA:72,0
DA:73,0
DA:77,0
DA:78,0
DA:79,0
DA:80,0
DA:82,0
DA:83,0
DA:87,0
DA:88,0
DA:91,0
DA:92,0
DA:93,0
DA:94,0
DA:96,0
LF:41
LH:0
BRDA:55,0,0,0
BRDA:55,0,1,0
BRDA:94,1,0,0
BRDA:94,1,1,0
BRF:4
BRH:0
end_of_record
TN:
SF:tests/testUtils.js
FN:5,(anonymous_0)
FNF:1
FNH:0
FNDA:0,(anonymous_0)
DA:5,0
DA:6,0
LF:2
LH:0
BRDA:5,0,0,0
BRF:1
BRH:0
end_of_record
TN:
SF:utils/AuthError.js
FN:2,(anonymous_0)
FNF:1
FNH:0
FNDA:0,(anonymous_0)
DA:3,0
DA:4,0
DA:5,0
LF:3
LH:0
BRDA:2,0,0,0
BRF:1
BRH:0
end_of_record
TN:
SF:utils/appErrorHandler.js
FN:14,(anonymous_0)
FN:19,(anonymous_1)
FN:38,(anonymous_2)
FN:100,(anonymous_3)
FN:107,(anonymous_4)
FN:108,(anonymous_5)
FNF:6
FNH:0
FNDA:0,(anonymous_0)
FNDA:0,(anonymous_1)
FNDA:0,(anonymous_2)
FNDA:0,(anonymous_3)
FNDA:0,(anonymous_4)
FNDA:0,(anonymous_5)
DA:5,0
DA:15,0
DA:19,0
DA:20,0
DA:23,0
DA:26,0
DA:27,0
DA:30,0
DA:32,0
DA:44,0
DA:47,0
DA:52,0
DA:55,0
DA:60,0
DA:63,0
DA:68,0
DA:71,0
DA:76,0
DA:79,0
DA:84,0
DA:87,0
DA:95,0
DA:96,0
DA:100,0
DA:101,0
DA:107,0
DA:108,0
DA:109,0
DA:110,0
DA:112,0
DA:113,0
LF:31
LH:0
BRDA:14,0,0,0
BRDA:14,1,0,0
BRDA:19,2,0,0
BRDA:23,3,0,0
BRDA:23,3,1,0
BRDA:26,4,0,0
BRDA:26,4,1,0
BRDA:26,5,0,0
BRDA:26,5,1,0
BRDA:30,6,0,0
BRDA:30,6,1,0
BRDA:30,6,2,0
BRDA:30,6,3,0
BRDA:30,6,4,0
BRDA:30,6,5,0
BRDA:30,6,6,0
BRDA:33,7,0,0
BRDA:33,7,1,0
BRDA:34,8,0,0
BRDA:34,8,1,0
BRDA:37,9,0,0
BRDA:37,9,1,0
BRDA:48,10,0,0
BRDA:48,10,1,0
BRDA:49,11,0,0
BRDA:49,11,1,0
BRDA:50,12,0,0
BRDA:50,12,1,0
BRDA:56,13,0,0
BRDA:56,13,1,0
BRDA:57,14,0,0
BRDA:57,14,1,0
BRDA:58,15,0,0
BRDA:58,15,1,0
BRDA:64,16,0,0
BRDA:64,16,1,0
BRDA:65,17,0,0
BRDA:65,17,1,0
BRDA:66,18,0,0
BRDA:66,18,1,0
BRDA:72,19,0,0
BRDA:72,19,1,0
BRDA:73,20,0,0
BRDA:73,20,1,0
BRDA:74,21,0,0
BRDA:74,21,1,0
BRDA:80,22,0,0
BRDA:80,22,1,0
BRDA:81,23,0,0
BRDA:81,23,1,0
BRDA:82,24,0,0
BRDA:82,24,1,0
BRDA:88,25,0,0
BRDA:88,25,1,0
BRDA:89,26,0,0
BRDA:89,26,1,0
BRDA:90,27,0,0
BRDA:90,27,1,0
BRDA:101,28,0,0
BRDA:101,28,1,0
BRDA:101,28,2,0
BRF:61
BRH:0
end_of_record
TN:
SF:utils/authErrorHandler.js
FN:4,(anonymous_0)
FNF:1
FNH:0
FNDA:0,(anonymous_0)
DA:4,0
DA:5,0
DA:7,0
DA:9,0
DA:15,0
DA:20,0
DA:23,0
DA:28,0
DA:31,0
DA:36,0
DA:39,0
DA:44,0
DA:47,0
LF:13
LH:0
BRDA:4,0,0,0
BRDA:7,1,0,0
BRDA:7,1,1,0
BRDA:7,1,2,0
BRDA:7,1,3,0
BRDA:7,1,4,0
BRDA:7,1,5,0
BRF:7
BRH:0
end_of_record
TN:
SF:utils/buyOrderErrorHandler.js
FN:5,(anonymous_0)
FN:13,(anonymous_1)
FNF:2
FNH:0
FNDA:0,(anonymous_0)
FNDA:0,(anonymous_1)
DA:5,0
DA:6,0
DA:8,0
DA:10,0
DA:13,0
DA:15,0
DA:18,0
DA:23,0
DA:26,0
DA:31,0
DA:34,0
LF:11
LH:0
BRDA:5,0,0,0
BRDA:8,1,0,0
BRDA:8,1,1,0
BRDA:8,1,2,0
BRDA:8,1,3,0
BRF:5
BRH:0
end_of_record
TN:
SF:utils/chatErrorHandler.js
FN:4,(anonymous_0)
FNF:1
FNH:0
FNDA:0,(anonymous_0)
DA:4,0
DA:5,0
DA:7,0
DA:9,0
DA:14,0
DA:17,0
DA:22,0
DA:25,0
DA:30,0
DA:33,0
DA:38,0
DA:41,0
DA:46,0
DA:49,0
LF:14
LH:0
BRDA:4,0,0,0
BRDA:7,1,0,0
BRDA:7,1,1,0
BRDA:7,1,2,0
BRDA:7,1,3,0
BRDA:7,1,4,0
BRDA:7,1,5,0
BRF:7
BRH:0
end_of_record
TN:
SF:utils/conversationErrorHandler.js
FN:4,(anonymous_0)
FNF:1
FNH:0
FNDA:0,(anonymous_0)
DA:4,0
DA:5,0
DA:7,0
DA:9,0
DA:14,0
DA:17,0
DA:22,0
DA:25,0
DA:30,0
DA:33,0
DA:38,0
DA:41,0
LF:12
LH:0
BRDA:4,0,0,0
BRDA:7,1,0,0
BRDA:7,1,1,0
BRDA:7,1,2,0
BRDA:7,1,3,0
BRDA:7,1,4,0
BRF:6
BRH:0
end_of_record
TN:
SF:utils/conversationId.js
FN:3,(anonymous_0)
FNF:1
FNH:0
FNDA:0,(anonymous_0)
DA:3,0
DA:4,0
LF:2
LH:0
BRDA:4,0,0,0
BRDA:4,0,1,0
BRF:2
BRH:0
end_of_record
TN:
SF:utils/conversationsErrorHandler.js
FN:4,(anonymous_0)
FNF:1
FNH:0
FNDA:0,(anonymous_0)
DA:4,0
DA:5,0
DA:7,0
DA:9,0
DA:14,0
DA:17,0
DA:22,0
DA:25,0
DA:30,0
DA:33,0
DA:38,0
DA:41,0
LF:12
LH:0
BRDA:4,0,0,0
BRDA:7,1,0,0
BRDA:7,1,1,0
BRDA:7,1,2,0
BRDA:7,1,3,0
BRDA:7,1,4,0
BRF:6
BRH:0
end_of_record
TN:
SF:utils/databaseErrorHandler.js
FNF:0
FNH:0
LF:0
LH:0
BRF:0
BRH:0
end_of_record
TN:
SF:utils/errorHandler.js
FN:25,(anonymous_0)
FN:33,(anonymous_1)
FN:38,(anonymous_2)
FN:102,(anonymous_3)
FN:103,(anonymous_4)
FNF:5
FNH:0
FNDA:0,(anonymous_0)
FNDA:0,(anonymous_1)
FNDA:0,(anonymous_2)
FNDA:0,(anonymous_3)
FNDA:0,(anonymous_4)
DA:6,0
DA:16,0
DA:26,0
DA:27,0
DA:28,0
DA:29,0
DA:33,0
DA:34,0
DA:35,0
DA:38,0
DA:39,0
DA:42,0
DA:43,0
DA:48,0
DA:51,0
DA:53,0
DA:58,0
DA:61,0
DA:66,0
DA:69,0
DA:74,0
DA:77,0
DA:82,0
DA:85,0
DA:90,0
DA:93,0
DA:102,0
DA:103,0
DA:104,0
DA:105,0
DA:107,0
DA:108,0
LF:32
LH:0
BRDA:25,0,0,0
BRDA:35,1,0,0
BRDA:35,1,1,0
BRDA:38,2,0,0
BRDA:42,3,0,0
BRDA:42,3,1,0
BRDA:51,4,0,0
BRDA:51,4,1,0
BRDA:51,4,2,0
BRDA:51,4,3,0
BRDA:51,4,4,0
BRDA:51,4,5,0
BRDA:79,5,0,0
BRDA:79,5,1,0
BRF:14
BRH:0
end_of_record
TN:
SF:utils/errorRegistry.js
FN:19,(anonymous_0)
FNF:1
FNH:0
FNDA:0,(anonymous_0)
DA:9,0
DA:19,0
DA:20,0
DA:21,0
LF:4
LH:0
BRDA:19,0,0,0
BRDA:20,1,0,0
BRDA:20,1,1,0
BRF:3
BRH:0
end_of_record
TN:
SF:utils/errorUtils.js
FN:3,(anonymous_0)
FNF:1
FNH:0
FNDA:0,(anonymous_0)
DA:3,0
DA:4,0
DA:6,0
DA:7,0
DA:10,0
DA:11,0
DA:16,0
DA:19,0
DA:20,0
DA:25,0
DA:28,0
LF:11
LH:0
BRDA:6,0,0,0
BRDA:6,0,1,0
BRDA:6,1,0,0
BRDA:6,1,1,0
BRDA:10,2,0,0
BRDA:10,2,1,0
BRDA:10,3,0,0
BRDA:10,3,1,0
BRDA:19,4,0,0
BRDA:19,4,1,0
BRF:10
BRH:0
end_of_record
TN:
SF:utils/homeErrorHandler.js
FN:15,(anonymous_0)
FN:20,(anonymous_1)
FNF:2
FNH:0
FNDA:0,(anonymous_0)
FNDA:0,(anonymous_1)
DA:4,0
DA:16,0
DA:20,0
DA:21,0
DA:23,0
DA:25,0
DA:30,0
DA:33,0
DA:38,0
DA:41,0
DA:46,0
DA:49,0
DA:54,0
DA:57,0
DA:62,0
DA:65,0
DA:70,0
DA:73,0
DA:78,0
DA:81,0
DA:88,0
LF:21
LH:0
BRDA:15,0,0,0
BRDA:15,1,0,0
BRDA:20,2,0,0
BRDA:23,3,0,0
BRDA:23,3,1,0
BRDA:23,3,2,0
BRDA:23,3,3,0
BRDA:23,3,4,0
BRDA:23,3,5,0
BRDA:23,3,6,0
BRDA:23,3,7,0
BRF:11
BRH:0
end_of_record
TN:
SF:utils/imageUtils.js
FN:3,(anonymous_0)
FNF:1
FNH:0
FNDA:0,(anonymous_0)
DA:3,0
DA:4,0
DA:6,0
DA:7,0
DA:8,0
DA:11,0
DA:13,0
DA:14,0
DA:15,0
DA:18,0
DA:19,0
DA:20,0
DA:21,0
DA:22,0
DA:23,0
DA:27,0
DA:28,0
DA:37,0
DA:38,0
DA:41,0
DA:42,0
DA:43,0
DA:44,0
DA:46,0
DA:47,0
DA:50,0
DA:55,0
LF:27
LH:0
BRDA:6,0,0,0
BRDA:6,0,1,0
BRDA:6,1,0,0
BRDA:6,1,1,0
BRDA:15,2,0,0
BRDA:15,2,1,0
BRDA:18,3,0,0
BRDA:18,3,1,0
BRDA:21,4,0,0
BRDA:21,4,1,0
BRDA:37,5,0,0
BRDA:37,5,1,0
BRDA:43,6,0,0
BRDA:43,6,1,0
BRF:14
BRH:0
end_of_record
TN:
SF:utils/initializationErrorHandler.js
FN:12,(anonymous_0)
FN:17,(anonymous_1)
FNF:2
FNH:0
FNDA:0,(anonymous_0)
FNDA:0,(anonymous_1)
DA:4,0
DA:13,0
DA:17,0
DA:18,0
DA:20,0
DA:22,0
DA:27,0
DA:30,0
DA:35,0
DA:38,0
DA:43,0
DA:46,0
DA:51,0
DA:54,0
LF:14
LH:0
BRDA:12,0,0,0
BRDA:12,1,0,0
BRDA:17,2,0,0
BRDA:20,3,0,0
BRDA:20,3,1,0
BRDA:20,3,2,0
BRDA:20,3,3,0
BRDA:20,3,4,0
BRF:8
BRH:0
end_of_record
TN:
SF:utils/localizationErrorHandler.js
FNF:0
FNH:0
LF:0
LH:0
BRF:0
BRH:0
end_of_record
TN:
SF:utils/messageErrorHandler.js
FNF:0
FNH:0
LF:0
LH:0
BRF:0
BRH:0
end_of_record
TN:
SF:utils/navigationErrorHandler.js
FNF:0
FNH:0
LF:0
LH:0
BRF:0
BRH:0
end_of_record
TN:
SF:utils/networkUtils.js
FN:3,(anonymous_0)
FN:23,(anonymous_1)
FN:41,(anonymous_2)
FNF:3
FNH:0
FNDA:0,(anonymous_0)
FNDA:0,(anonymous_1)
FNDA:0,(anonymous_2)
DA:3,0
DA:4,0
DA:6,0
DA:7,0
DA:8,0
DA:12,0
DA:16,0
DA:18,0
DA:19,0
DA:23,0
DA:24,0
DA:25,0
DA:26,0
DA:27,0
DA:28,0
DA:31,0
DA:33,0
DA:37,0
DA:38,0
DA:41,0
DA:42,0
DA:44,0
LF:22
LH:0
BRDA:7,0,0,0
BRDA:7,0,1,0
BRDA:23,1,0,0
BRDA:23,2,0,0
BRDA:27,3,0,0
BRDA:27,3,1,0
BRDA:33,4,0,0
BRDA:33,4,1,0
BRDA:33,5,0,0
BRDA:33,5,1,0
BRDA:33,5,2,0
BRDA:37,6,0,0
BRDA:37,6,1,0
BRF:13
BRH:0
end_of_record
TN:
SF:utils/productErrorHandler.js
FN:4,(anonymous_0)
FNF:1
FNH:0
FNDA:0,(anonymous_0)
DA:4,0
DA:5,0
DA:7,0
DA:9,0
DA:14,0
DA:17,0
DA:22,0
DA:25,0
DA:30,0
DA:33,0
DA:38,0
DA:41,0
LF:12
LH:0
BRDA:4,0,0,0
BRDA:7,1,0,0
BRDA:7,1,1,0
BRDA:7,1,2,0
BRDA:7,1,3,0
BRDA:7,1,4,0
BRF:6
BRH:0
end_of_record
TN:
SF:utils/productSubmissionErrorHandler.js
FN:4,(anonymous_0)
FNF:1
FNH:0
FNDA:0,(anonymous_0)
DA:4,0
DA:5,0
DA:7,0
DA:9,0
DA:14,0
DA:17,0
DA:23,0
DA:28,0
DA:31,0
DA:36,0
DA:39,0
LF:11
LH:0
BRDA:4,0,0,0
BRDA:7,1,0,0
BRDA:7,1,1,0
BRDA:7,1,2,0
BRDA:7,1,3,0
BRDA:7,1,4,0
BRF:6
BRH:0
end_of_record
TN:
SF:utils/profileErrorHandler.js
FN:4,(anonymous_0)
FN:12,(anonymous_1)
FNF:2
FNH:0
FNDA:0,(anonymous_0)
FNDA:0,(anonymous_1)
DA:4,0
DA:5,0
DA:7,0
DA:9,0
DA:12,0
DA:14,0
DA:17,0
DA:22,0
DA:25,0
DA:30,0
DA:33,0
DA:38,0
DA:41,0
LF:13
LH:0
BRDA:4,0,0,0
BRDA:7,1,0,0
BRDA:7,1,1,0
BRDA:7,1,2,0
BRDA:7,1,3,0
BRDA:7,1,4,0
BRF:6
BRH:0
end_of_record
TN:
SF:utils/profileUpdateErrorHandler.js
FN:13,(anonymous_0)
FNF:1
FNH:0
FNDA:0,(anonymous_0)
DA:3,0
DA:13,0
DA:14,0
DA:16,0
DA:18,0
DA:24,0
DA:29,0
DA:32,0
DA:37,0
DA:40,0
DA:45,0
DA:48,0
DA:53,0
DA:56,0
LF:14
LH:0
BRDA:13,0,0,0
BRDA:16,1,0,0
BRDA:16,1,1,0
BRDA:16,1,2,0
BRDA:16,1,3,0
BRDA:16,1,4,0
BRDA:16,1,5,0
BRF:7
BRH:0
end_of_record
TN:
SF:utils/profileValidation.js
FN:1,(anonymous_0)
FNF:1
FNH:0
FNDA:0,(anonymous_0)
DA:1,0
DA:2,0
DA:4,0
DA:5,0
DA:8,0
DA:9,0
DA:10,0
DA:11,0
DA:14,0
DA:15,0
DA:18,0
DA:19,0
DA:22,0
LF:13
LH:0
BRDA:4,0,0,0
BRDA:4,0,1,0
BRDA:8,1,0,0
BRDA:8,1,1,0
BRDA:10,2,0,0
BRDA:10,2,1,0
BRDA:14,3,0,0
BRDA:14,3,1,0
BRDA:14,4,0,0
BRDA:14,4,1,0
BRDA:18,5,0,0
BRDA:18,5,1,0
BRDA:18,6,0,0
BRDA:18,6,1,0
BRF:14
BRH:0
end_of_record
TN:
SF:utils/serviceErrorHandler.js
FN:12,(anonymous_0)
FN:17,(anonymous_1)
FNF:2
FNH:0
FNDA:0,(anonymous_0)
FNDA:0,(anonymous_1)
DA:4,0
DA:13,0
DA:17,0
DA:18,0
DA:20,0
DA:22,0
DA:27,0
DA:30,0
DA:35,0
DA:38,0
DA:43,0
DA:46,0
LF:12
LH:0
BRDA:12,0,0,0
BRDA:12,1,0,0
BRDA:17,2,0,0
BRDA:20,3,0,0
BRDA:20,3,1,0
BRDA:20,3,2,0
BRDA:20,3,3,0
BRF:7
BRH:0
end_of_record
TN:
SF:utils/signupErrorHandler.js
FN:15,(anonymous_0)
FNF:1
FNH:0
FNDA:0,(anonymous_0)
DA:4,0
DA:15,0
DA:16,0
DA:18,0
DA:20,0
DA:26,0
DA:32,0
DA:38,0
DA:44,0
DA:49,0
DA:52,0
DA:57,0
DA:60,0
DA:65,0
DA:68,0
DA:73,0
DA:76,0
LF:17
LH:0
BRDA:15,0,0,0
BRDA:18,1,0,0
BRDA:18,1,1,0
BRDA:18,1,2,0
BRDA:18,1,3,0
BRDA:18,1,4,0
BRDA:18,1,5,0
BRDA:18,1,6,0
BRDA:18,1,7,0
BRDA:18,1,8,0
BRF:10
BRH:0
end_of_record
TN:
SF:utils/storageErrorHandler.js
FN:12,(anonymous_0)
FN:17,(anonymous_1)
FNF:2
FNH:0
FNDA:0,(anonymous_0)
FNDA:0,(anonymous_1)
DA:4,0
DA:13,0
DA:17,0
DA:18,0
DA:20,0
DA:22,0
DA:27,0
DA:30,0
DA:35,0
DA:38,0
DA:43,0
DA:46,0
LF:12
LH:0
BRDA:12,0,0,0
BRDA:12,1,0,0
BRDA:17,2,0,0
BRDA:20,3,0,0
BRDA:20,3,1,0
BRDA:20,3,2,0
BRDA:20,3,3,0
BRF:7
BRH:0
end_of_record
TN:
SF:utils/validation.js
FN:1,(anonymous_0)
FN:7,(anonymous_1)
FN:12,(anonymous_2)
FN:18,(anonymous_3)
FN:23,(anonymous_4)
FNF:5
FNH:0
FNDA:0,(anonymous_0)
FNDA:0,(anonymous_1)
FNDA:0,(anonymous_2)
FNDA:0,(anonymous_3)
FNDA:0,(anonymous_4)
DA:1,0
DA:2,0
DA:3,0
DA:4,0
DA:7,0
DA:8,0
DA:9,0
DA:12,0
DA:13,0
DA:14,0
DA:15,0
DA:18,0
DA:19,0
DA:20,0
DA:23,0
DA:24,0
DA:25,0
LF:17
LH:0
BRDA:2,0,0,0
BRDA:2,0,1,0
BRDA:8,1,0,0
BRDA:8,1,1,0
BRDA:13,2,0,0
BRDA:13,2,1,0
BRDA:19,3,0,0
BRDA:19,3,1,0
BRDA:24,4,0,0
BRDA:24,4,1,0
BRDA:24,5,0,0
BRDA:24,5,1,0
BRDA:24,5,2,0
BRF:13
BRH:0
end_of_record
TN:
SF:utils/validationUtils.js
FN:1,(anonymous_0)
FNF:1
FNH:0
FNDA:0,(anonymous_0)
DA:1,0
DA:2,0
DA:4,0
DA:5,0
DA:6,0
DA:7,0
DA:10,0
DA:11,0
DA:12,0
DA:13,0
DA:16,0
DA:17,0
DA:18,0
DA:19,0
DA:22,0
DA:23,0
DA:26,0
DA:27,0
DA:30,0
DA:31,0
DA:34,0
DA:35,0
DA:36,0
DA:37,0
DA:40,0
LF:25
LH:0
BRDA:4,0,0,0
BRDA:4,0,1,0
BRDA:6,1,0,0
BRDA:6,1,1,0
BRDA:10,2,0,0
BRDA:10,2,1,0
BRDA:12,3,0,0
BRDA:12,3,1,0
BRDA:16,4,0,0
BRDA:16,4,1,0
BRDA:18,5,0,0
BRDA:18,5,1,0
BRDA:22,6,0,0
BRDA:22,6,1,0
BRDA:26,7,0,0
BRDA:26,7,1,0
BRDA:30,8,0,0
BRDA:30,8,1,0
BRDA:34,9,0,0
BRDA:34,9,1,0
BRDA:36,10,0,0
BRDA:36,10,1,0
BRF:22
BRH:0
end_of_record
TN:
SF:utils/errors/BaseError.js
FN:2,(anonymous_0)
FNF:1
FNH:0
FNDA:0,(anonymous_0)
DA:3,0
DA:4,0
DA:5,0
DA:6,0
DA:7,0
DA:8,0
LF:6
LH:0
BRDA:2,0,0,0
BRDA:2,1,0,0
BRF:2
BRH:0
end_of_record
